#
# A fatal error has been detected by the Java Runtime Environment:
#
#  EXCEPTION_ACCESS_VIOLATION (0xc0000005) at pc=0x00007ffb30f3f46d, pid=1288, tid=0x00000000000027f4
#
# JRE version: Java(TM) SE Runtime Environment (8.0_211-b12) (build 1.8.0_211-b12)
# Java VM: Java HotSpot(TM) 64-Bit Server VM (25.211-b12 mixed mode windows-amd64 compressed oops)
# Problematic frame:
# C  [lwjgl_opengl.dll+0xf46d]
#
# Failed to write core dump. Minidumps are not enabled by default on client versions of Windows
#
# If you would like to submit a bug report, please visit:
#   http://bugreport.java.com/bugreport/crash.jsp
# The crash happened outside the Java Virtual Machine in native code.
# See problematic frame for where to report the bug.
#

---------------  T H R E A D  ---------------

Current thread (0x0000000002dc3800):  JavaThread "main" [_thread_in_native, id=10228, stack(0x0000000002a60000,0x0000000002b60000)]

siginfo: ExceptionCode=0xc0000005, reading address 0x0000000000000f58

Registers:
RAX=0x0000000077c09eb0, RBX=0x000000002587b210, RCX=0x0000000000000001, RDX=0x00000000286fef30
RSP=0x0000000002b5da38, RBP=0x0000000002b5dab8, RSI=0x0000000000000330, RDI=0x0000000002ec7e70
R8 =0x0000000000000001, R9 =0x00000000286fef30, R10=0x0000000000000000, R11=0x000000007768cef0
R12=0x0000000000000000, R13=0x000000002587b210, R14=0x0000000002b5dae8, R15=0x0000000002dc3800
RIP=0x00007ffb30f3f46d, EFLAGS=0x0000000000010202

Top of Stack: (sp=0x0000000002b5da38)
0x0000000002b5da38:   0000000002ed8c67 0000000002ec7e70
0x0000000002b5da48:   0000000002ed89ab 0000000002dc3800
0x0000000002b5da58:   000000002587b210 0000000000000330
0x0000000002b5da68:   0000000002dc3800 0000000002ed8962
0x0000000002b5da78:   0000000002b5da78 000000002587b210
0x0000000002b5da88:   0000000002b5dae8 000000002589f018
0x0000000002b5da98:   0000000000000000 000000002587b210
0x0000000002b5daa8:   0000000000000000 0000000002b5dad8
0x0000000002b5dab8:   0000000002b5db30 0000000002ec835d
0x0000000002b5dac8:   00000007174e5cb8 0000000002ed21d8
0x0000000002b5dad8:   00000000286fef30 0000000717541a60
0x0000000002b5dae8:   0000000000000001 0000000002b5daf0
0x0000000002b5daf8:   000000002587b384 0000000002b5db60
0x0000000002b5db08:   000000002589f018 0000000000000000
0x0000000002b5db18:   000000002587b3f0 0000000002b5dad8
0x0000000002b5db28:   0000000002b5db68 0000000002b5dbb0 

Instructions: (pc=0x00007ffb30f3f46d)
0x00007ffb30f3f44d:   00 41 8b c8 48 ff e0 cc cc cc cc cc cc cc cc cc
0x00007ffb30f3f45d:   cc cc cc 48 8b 01 49 8b d1 41 8b c8 4c 8b 50 18
0x00007ffb30f3f46d:   49 ff a2 58 0f 00 00 cc cc cc cc cc cc cc cc cc
0x00007ffb30f3f47d:   cc cc cc 48 8b 01 49 8b d1 41 8b c8 4c 8b 50 18 


Register to memory mapping:

RAX=0x0000000077c09eb0 is an unknown value
RBX={method} {0x000000002587b218} 'nglGenTextures' '(IJ)V' in 'org/lwjgl/opengl/GL11'
RCX=0x0000000000000001 is an unknown value
RDX=0x00000000286fef30 is an unknown value
RSP=0x0000000002b5da38 is pointing into the stack for thread: 0x0000000002dc3800
RBP=0x0000000002b5dab8 is pointing into the stack for thread: 0x0000000002dc3800
RSI=0x0000000000000330 is an unknown value
RDI=0x0000000002ec7e70 is at code_begin+1040 in an Interpreter codelet
invoke return entry points  [0x0000000002ec7a60, 0x0000000002ec8440]  2528 bytes
R8 =0x0000000000000001 is an unknown value
R9 =0x00000000286fef30 is an unknown value
R10=0x0000000000000000 is an unknown value
R11=0x000000007768cef0 is an unknown value
R12=0x0000000000000000 is an unknown value
R13={method} {0x000000002587b218} 'nglGenTextures' '(IJ)V' in 'org/lwjgl/opengl/GL11'
R14=0x0000000002b5dae8 is pointing into the stack for thread: 0x0000000002dc3800
R15=0x0000000002dc3800 is a thread


Stack: [0x0000000002a60000,0x0000000002b60000],  sp=0x0000000002b5da38,  free space=1014k
Native frames: (J=compiled Java code, j=interpreted, Vv=VM code, C=native code)
C  [lwjgl_opengl.dll+0xf46d]

Java frames: (J=compiled Java code, j=interpreted, Vv=VM code)
j  org.lwjgl.opengl.GL11.nglGenTextures(IJ)V+0
j  org.lwjgl.opengl.GL11.glGenTextures()I+20
j  org.lwjglb.engine.graph.Texture.<init>(Ljava/nio/ByteBuffer;)V+73
j  org.lwjglb.engine.graph.Texture.<init>(Ljava/lang/String;)V+8
j  org.lwjglb.engine.loaders.assimp.TextureCache.getTexture(Ljava/lang/String;)Lorg/lwjglb/engine/graph/Texture;+23
j  org.lwjglb.engine.loaders.assimp.StaticMeshesLoader.processMaterial(Lorg/lwjgl/assimp/AIMaterial;Ljava/util/List;Ljava/lang/String;)V+96
j  org.lwjglb.engine.loaders.assimp.StaticMeshesLoader.load(Ljava/lang/String;Ljava/lang/String;I)[Lorg/lwjglb/engine/graph/Mesh;+68
j  org.lwjglb.engine.loaders.assimp.StaticMeshesLoader.load(Ljava/lang/String;Ljava/lang/String;)[Lorg/lwjglb/engine/graph/Mesh;+5
j  org.lwjglb.engine.items.Vehicle.<clinit>()V+4
v  ~StubRoutines::call_stub
j  org.lwjglb.engine.items.GameItemTest.doesItCollide5()V+0
v  ~StubRoutines::call_stub
j  sun.reflect.NativeMethodAccessorImpl.invoke0(Ljava/lang/reflect/Method;Ljava/lang/Object;[Ljava/lang/Object;)Ljava/lang/Object;+0
j  sun.reflect.NativeMethodAccessorImpl.invoke(Ljava/lang/Object;[Ljava/lang/Object;)Ljava/lang/Object;+100
j  sun.reflect.DelegatingMethodAccessorImpl.invoke(Ljava/lang/Object;[Ljava/lang/Object;)Ljava/lang/Object;+6
j  java.lang.reflect.Method.invoke(Ljava/lang/Object;[Ljava/lang/Object;)Ljava/lang/Object;+56
j  org.junit.runners.model.FrameworkMethod$1.runReflectiveCall()Ljava/lang/Object;+15
j  org.junit.internal.runners.model.ReflectiveCallable.run()Ljava/lang/Object;+1
j  org.junit.runners.model.FrameworkMethod.invokeExplosively(Ljava/lang/Object;[Ljava/lang/Object;)Ljava/lang/Object;+10
j  org.junit.internal.runners.statements.InvokeMethod.evaluate()V+12
j  org.junit.runners.ParentRunner.runLeaf(Lorg/junit/runners/model/Statement;Lorg/junit/runner/Description;Lorg/junit/runner/notification/RunNotifier;)V+17
j  org.junit.runners.BlockJUnit4ClassRunner.runChild(Lorg/junit/runners/model/FrameworkMethod;Lorg/junit/runner/notification/RunNotifier;)V+32
j  org.junit.runners.BlockJUnit4ClassRunner.runChild(Ljava/lang/Object;Lorg/junit/runner/notification/RunNotifier;)V+6
j  org.junit.runners.ParentRunner$3.run()V+12
j  org.junit.runners.ParentRunner$1.schedule(Ljava/lang/Runnable;)V+1
j  org.junit.runners.ParentRunner.runChildren(Lorg/junit/runner/notification/RunNotifier;)V+40
j  org.junit.runners.ParentRunner.access$000(Lorg/junit/runners/ParentRunner;Lorg/junit/runner/notification/RunNotifier;)V+2
j  org.junit.runners.ParentRunner$2.evaluate()V+8
j  org.junit.runners.ParentRunner.run(Lorg/junit/runner/notification/RunNotifier;)V+20
j  org.junit.runner.JUnitCore.run(Lorg/junit/runner/Runner;)Lorg/junit/runner/Result;+37
j  com.intellij.junit4.JUnit4IdeaTestRunner.startRunnerWithArgs([Ljava/lang/String;Ljava/lang/String;IZ)I+146
j  com.intellij.rt.execution.junit.IdeaTestRunner$Repeater.startRunnerWithArgs(Lcom/intellij/rt/execution/junit/IdeaTestRunner;[Ljava/lang/String;Ljava/util/ArrayList;Ljava/lang/String;IZ)I+22
j  com.intellij.rt.execution.junit.JUnitStarter.prepareStreamsAndStart([Ljava/lang/String;Ljava/lang/String;Ljava/util/ArrayList;Ljava/lang/String;)I+116
j  com.intellij.rt.execution.junit.JUnitStarter.main([Ljava/lang/String;)V+116
v  ~StubRoutines::call_stub

---------------  P R O C E S S  ---------------

Java Threads: ( => current thread )
  0x00000000279a0000 JavaThread "Service Thread" daemon [_thread_blocked, id=20832, stack(0x00000000280d0000,0x00000000281d0000)]
  0x0000000027928000 JavaThread "C1 CompilerThread2" daemon [_thread_blocked, id=21156, stack(0x0000000027fd0000,0x00000000280d0000)]
  0x0000000027927800 JavaThread "C2 CompilerThread1" daemon [_thread_blocked, id=8684, stack(0x0000000027ed0000,0x0000000027fd0000)]
  0x0000000027921800 JavaThread "C2 CompilerThread0" daemon [_thread_blocked, id=7448, stack(0x0000000027dd0000,0x0000000027ed0000)]
  0x000000002791c000 JavaThread "Monitor Ctrl-Break" daemon [_thread_in_native, id=19676, stack(0x0000000027cd0000,0x0000000027dd0000)]
  0x0000000025c2f800 JavaThread "Attach Listener" daemon [_thread_blocked, id=17236, stack(0x00000000277d0000,0x00000000278d0000)]
  0x0000000025c2d800 JavaThread "Signal Dispatcher" daemon [_thread_blocked, id=20860, stack(0x00000000276d0000,0x00000000277d0000)]
  0x0000000025c0d000 JavaThread "Finalizer" daemon [_thread_blocked, id=16408, stack(0x00000000274d0000,0x00000000275d0000)]
  0x0000000025c0c000 JavaThread "Reference Handler" daemon [_thread_blocked, id=15700, stack(0x00000000273d0000,0x00000000274d0000)]
=>0x0000000002dc3800 JavaThread "main" [_thread_in_native, id=10228, stack(0x0000000002a60000,0x0000000002b60000)]

Other Threads:
  0x0000000025be8800 VMThread [stack: 0x00000000272d0000,0x00000000273d0000] [id=21716]
  0x00000000279cb000 WatcherThread [stack: 0x00000000281d0000,0x00000000282d0000] [id=16312]

VM state:not at safepoint (normal execution)

VM Mutex/Monitor currently owned by a thread: None

heap address: 0x00000005c2c00000, size: 8148 MB, Compressed Oops mode: Zero based, Oop shift amount: 3
Narrow klass base: 0x0000000000000000, Narrow klass shift: 3
Compressed class space size: 1073741824 Address: 0x00000007c0000000

Heap:
 PSYoungGen      total 152576K, used 18350K [0x0000000716400000, 0x0000000720e00000, 0x00000007c0000000)
  eden space 131072K, 14% used [0x0000000716400000,0x00000007175eb8b8,0x000000071e400000)
  from space 21504K, 0% used [0x000000071f900000,0x000000071f900000,0x0000000720e00000)
  to   space 21504K, 0% used [0x000000071e400000,0x000000071e400000,0x000000071f900000)
 ParOldGen       total 348160K, used 0K [0x00000005c2c00000, 0x00000005d8000000, 0x0000000716400000)
  object space 348160K, 0% used [0x00000005c2c00000,0x00000005c2c00000,0x00000005d8000000)
 Metaspace       used 7326K, capacity 7558K, committed 7808K, reserved 1056768K
  class space    used 795K, capacity 867K, committed 896K, reserved 1048576K

Card table byte_map: [0x0000000012280000,0x0000000013270000] byte_map_base: 0x000000000f46a000

Marking Bits: (ParMarkBitMap*) 0x0000000077c85ce0
 Begin Bits: [0x0000000014310000, 0x000000001c260000)
 End Bits:   [0x000000001c260000, 0x00000000241b0000)

Polling page: 0x00000000009f0000

CodeCache: size=245760Kb used=2820Kb max_used=2820Kb free=242939Kb
 bounds [0x0000000002ec0000, 0x0000000003190000, 0x0000000011ec0000]
 total_blobs=1370 nmethods=612 adapters=671
 compilation: enabled

Compilation events (10 events):
Event: 0.449 Thread 0x0000000027928000  608       3       java.lang.invoke.MemberName::flagsMods (72 bytes)
Event: 0.449 Thread 0x0000000027928000 nmethod 608 0x000000000317f150 code [0x000000000317f2a0, 0x000000000317f410]
Event: 0.449 Thread 0x0000000027928000  609       3       java.lang.invoke.MemberName::init (66 bytes)
Event: 0.449 Thread 0x0000000027928000 nmethod 609 0x000000000317f490 code [0x000000000317f5e0, 0x000000000317f7b0]
Event: 0.451 Thread 0x0000000027928000  610       3       java.nio.Buffer::<init> (121 bytes)
Event: 0.451 Thread 0x0000000027928000 nmethod 610 0x000000000317f850 code [0x000000000317fb20, 0x0000000003180fc8]
Event: 0.452 Thread 0x0000000027928000  611       3       sun.misc.URLClassPath::access$100 (7 bytes)
Event: 0.452 Thread 0x0000000027928000 nmethod 611 0x0000000003181950 code [0x0000000003181ac0, 0x0000000003181c28]
Event: 0.452 Thread 0x0000000027928000  612       3       java.nio.Buffer::hasRemaining (17 bytes)
Event: 0.452 Thread 0x0000000027928000 nmethod 612 0x0000000003181d10 code [0x0000000003181e60, 0x0000000003182010]

GC Heap History (0 events):
No events

Deoptimization events (2 events):
Event: 0.268 Thread 0x0000000002dc3800 Uncommon trap: reason=null_check action=make_not_entrant pc=0x00000000030b281c method=java.lang.String.equals(Ljava/lang/Object;)Z @ 8
Event: 0.282 Thread 0x0000000002dc3800 Uncommon trap: reason=unstable_if action=reinterpret pc=0x000000000304a3a8 method=java.lang.String.indexOf([CII[CIII)I @ 3

Classes redefined (0 events):
No events

Internal exceptions (10 events):
Event: 0.135 Thread 0x0000000002dc3800 Exception <a 'java/security/PrivilegedActionException'> (0x00000007165da278) thrown at [C:\re\workspace\8-2-build-windows-amd64-cygwin\jdk8u211\12973\hotspot\src\share\vm\prims\jvm.cpp, line 1502]
Event: 0.135 Thread 0x0000000002dc3800 Exception <a 'java/security/PrivilegedActionException'> (0x00000007165da488) thrown at [C:\re\workspace\8-2-build-windows-amd64-cygwin\jdk8u211\12973\hotspot\src\share\vm\prims\jvm.cpp, line 1502]
Event: 0.135 Thread 0x0000000002dc3800 Exception <a 'java/security/PrivilegedActionException'> (0x00000007165de470) thrown at [C:\re\workspace\8-2-build-windows-amd64-cygwin\jdk8u211\12973\hotspot\src\share\vm\prims\jvm.cpp, line 1502]
Event: 0.135 Thread 0x0000000002dc3800 Exception <a 'java/security/PrivilegedActionException'> (0x00000007165de680) thrown at [C:\re\workspace\8-2-build-windows-amd64-cygwin\jdk8u211\12973\hotspot\src\share\vm\prims\jvm.cpp, line 1502]
Event: 0.227 Thread 0x0000000002dc3800 Exception <a 'java/lang/NoSuchMethodError': java.lang.Object.lambda$static$0(Ljava/lang/String;)Ljava/lang/Boolean;> (0x0000000716fa3778) thrown at [C:\re\workspace\8-2-build-windows-amd64-cygwin\jdk8u211\12973\hotspot\src\share\vm\interpreter\linkResolve
Event: 0.235 Thread 0x0000000002dc3800 Exception <a 'java/lang/NoSuchFieldError': method resolution failed> (0x0000000717026088) thrown at [C:\re\workspace\8-2-build-windows-amd64-cygwin\jdk8u211\12973\hotspot\src\share\vm\prims\methodHandles.cpp, line 1167]
Event: 0.236 Thread 0x0000000002dc3800 Exception <a 'java/lang/NoSuchFieldError': method resolution failed> (0x0000000717034018) thrown at [C:\re\workspace\8-2-build-windows-amd64-cygwin\jdk8u211\12973\hotspot\src\share\vm\prims\methodHandles.cpp, line 1167]
Event: 0.268 Thread 0x0000000002dc3800 Implicit null exception at 0x00000000030b261b to 0x00000000030b280d
Event: 0.454 Thread 0x0000000002dc3800 Exception <a 'sun/nio/fs/WindowsException'> (0x000000071752e4d0) thrown at [C:\re\workspace\8-2-build-windows-amd64-cygwin\jdk8u211\12973\hotspot\src\share\vm\prims\jni.cpp, line 710]
Event: 0.455 Thread 0x0000000002dc3800 Exception <a 'sun/nio/fs/WindowsException'> (0x0000000717530118) thrown at [C:\re\workspace\8-2-build-windows-amd64-cygwin\jdk8u211\12973\hotspot\src\share\vm\prims\jni.cpp, line 710]

Events (10 events):
Event: 0.455 loading class java/nio/file/NoSuchFileException
Event: 0.455 loading class java/nio/file/FileSystemException
Event: 0.455 loading class java/nio/file/FileSystemException done
Event: 0.455 loading class java/nio/file/NoSuchFileException done
Event: 0.456 loading class org/lwjgl/opengl/GL$1
Event: 0.456 loading class org/lwjgl/opengl/GL$1 done
Event: 0.456 loading class org/lwjgl/opengl/GL$SharedLibraryGL
Event: 0.456 loading class org/lwjgl/opengl/GL$SharedLibraryGL done
Event: 0.456 loading class org/lwjgl/system/SharedLibrary$Delegate
Event: 0.456 loading class org/lwjgl/system/SharedLibrary$Delegate done


Dynamic libraries:
0x00007ff798200000 - 0x00007ff798237000 	C:\Program Files\Java\jdk1.8.0_211\bin\java.exe
0x00007ffb55020000 - 0x00007ffb55210000 	C:\WINDOWS\SYSTEM32\ntdll.dll
0x00007ffb54c60000 - 0x00007ffb54d12000 	C:\WINDOWS\System32\KERNEL32.DLL
0x00007ffb52a10000 - 0x00007ffb52cb3000 	C:\WINDOWS\System32\KERNELBASE.dll
0x00007ffb53170000 - 0x00007ffb53213000 	C:\WINDOWS\System32\ADVAPI32.dll
0x00007ffb54180000 - 0x00007ffb5421e000 	C:\WINDOWS\System32\msvcrt.dll
0x00007ffb530d0000 - 0x00007ffb53167000 	C:\WINDOWS\System32\sechost.dll
0x00007ffb53d50000 - 0x00007ffb53e70000 	C:\WINDOWS\System32\RPCRT4.dll
0x00007ffb54250000 - 0x00007ffb543e4000 	C:\WINDOWS\System32\USER32.dll
0x00007ffb52010000 - 0x00007ffb52031000 	C:\WINDOWS\System32\win32u.dll
0x00007ffb54620000 - 0x00007ffb54646000 	C:\WINDOWS\System32\GDI32.dll
0x00007ffb527c0000 - 0x00007ffb52954000 	C:\WINDOWS\System32\gdi32full.dll
0x00007ffb52fb0000 - 0x00007ffb5304e000 	C:\WINDOWS\System32\msvcp_win.dll
0x00007ffb52eb0000 - 0x00007ffb52faa000 	C:\WINDOWS\System32\ucrtbase.dll
0x00007ffb4af20000 - 0x00007ffb4b1a5000 	C:\WINDOWS\WinSxS\amd64_microsoft.windows.common-controls_6595b64144ccf1df_6.0.18362.418_none_e6c6b287130d565d\COMCTL32.dll
0x00007ffb53230000 - 0x00007ffb53566000 	C:\WINDOWS\System32\combase.dll
0x00007ffb53050000 - 0x00007ffb530d0000 	C:\WINDOWS\System32\bcryptPrimitives.dll
0x00007ffb54220000 - 0x00007ffb5424e000 	C:\WINDOWS\System32\IMM32.DLL
0x0000000051600000 - 0x00000000516d2000 	C:\Program Files\Java\jdk1.8.0_211\jre\bin\msvcr100.dll
0x0000000077460000 - 0x0000000077d05000 	C:\Program Files\Java\jdk1.8.0_211\jre\bin\server\jvm.dll
0x00007ffb54e50000 - 0x00007ffb54e58000 	C:\WINDOWS\System32\PSAPI.DLL
0x00007ffb3dd40000 - 0x00007ffb3dd49000 	C:\WINDOWS\SYSTEM32\WSOCK32.dll
0x00007ffb4f520000 - 0x00007ffb4f544000 	C:\WINDOWS\SYSTEM32\WINMM.dll
0x00007ffb4be60000 - 0x00007ffb4be6a000 	C:\WINDOWS\SYSTEM32\VERSION.dll
0x00007ffb54e60000 - 0x00007ffb54ecf000 	C:\WINDOWS\System32\WS2_32.dll
0x00007ffb4f080000 - 0x00007ffb4f0ad000 	C:\WINDOWS\SYSTEM32\winmmbase.dll
0x00007ffb52e30000 - 0x00007ffb52e7a000 	C:\WINDOWS\System32\cfgmgr32.dll
0x00007ffb44c40000 - 0x00007ffb44c4f000 	C:\Program Files\Java\jdk1.8.0_211\jre\bin\verify.dll
0x00007ffb3efd0000 - 0x00007ffb3eff9000 	C:\Program Files\Java\jdk1.8.0_211\jre\bin\java.dll
0x00007ffb44dd0000 - 0x00007ffb44df3000 	C:\Program Files\Java\jdk1.8.0_211\jre\bin\instrument.dll
0x00007ffb44be0000 - 0x00007ffb44bf6000 	C:\Program Files\Java\jdk1.8.0_211\jre\bin\zip.dll
0x00007ffb535f0000 - 0x00007ffb53cd5000 	C:\WINDOWS\System32\SHELL32.dll
0x00007ffb54f30000 - 0x00007ffb54fd9000 	C:\WINDOWS\System32\shcore.dll
0x00007ffb52040000 - 0x00007ffb527bf000 	C:\WINDOWS\System32\windows.storage.dll
0x00007ffb51f20000 - 0x00007ffb51f3f000 	C:\WINDOWS\System32\profapi.dll
0x00007ffb51f60000 - 0x00007ffb51faa000 	C:\WINDOWS\System32\powrprof.dll
0x00007ffb51ef0000 - 0x00007ffb51f00000 	C:\WINDOWS\System32\UMPDC.dll
0x00007ffb54d20000 - 0x00007ffb54d72000 	C:\WINDOWS\System32\shlwapi.dll
0x00007ffb51f00000 - 0x00007ffb51f11000 	C:\WINDOWS\System32\kernel.appcore.dll
0x00007ffb52e10000 - 0x00007ffb52e27000 	C:\WINDOWS\System32\cryptsp.dll
0x00007ffb44cc0000 - 0x00007ffb44cda000 	C:\Program Files\JetBrains\IntelliJ IDEA 2019.1.2\bin\breakgen64.dll
0x00007ffb36bc0000 - 0x00007ffb36bda000 	C:\Program Files\Java\jdk1.8.0_211\jre\bin\net.dll
0x00007ffb4b890000 - 0x00007ffb4ba66000 	C:\WINDOWS\SYSTEM32\urlmon.dll
0x00007ffb4ac70000 - 0x00007ffb4af16000 	C:\WINDOWS\SYSTEM32\iertutil.dll
0x00007ffb51930000 - 0x00007ffb5193c000 	C:\WINDOWS\SYSTEM32\CRYPTBASE.DLL
0x00007ffb51760000 - 0x00007ffb517c7000 	C:\WINDOWS\system32\mswsock.dll
0x00007ffb2ee20000 - 0x00007ffb2ee32000 	C:\Program Files\Java\jdk1.8.0_211\jre\bin\nio.dll
0x00007ffb31530000 - 0x00007ffb3158b000 	C:\Users\Mason Fraser\AppData\Local\Temp\lwjglMason Fraser\3.1.6-build-14\lwjgl.dll
0x00007ffae73f0000 - 0x00007ffae7945000 	C:\Users\MASONF~1\AppData\Local\Temp\lwjglMason Fraser\3.1.6-build-14\assimp.dll
0x00007ffb2ebd0000 - 0x00007ffb2ec4e000 	C:\Users\Mason Fraser\AppData\Local\Temp\lwjglMason Fraser\3.1.6-build-14\lwjgl_stb.dll
0x00007ffb30f30000 - 0x00007ffb30f8f000 	C:\Users\Mason Fraser\AppData\Local\Temp\lwjglMason Fraser\3.1.6-build-14\lwjgl_opengl.dll
0x00007ffb41d90000 - 0x00007ffb41ee6000 	C:\WINDOWS\SYSTEM32\opengl32.dll
0x00007ffb41a90000 - 0x00007ffb41abc000 	C:\WINDOWS\SYSTEM32\GLU32.dll
0x00007ffb50bd0000 - 0x00007ffb50bf0000 	C:\WINDOWS\SYSTEM32\dxcore.dll
0x00007ffb3ec90000 - 0x00007ffb3ee84000 	C:\WINDOWS\SYSTEM32\dbghelp.dll

VM Arguments:
jvm_args: -ea -Didea.test.cyclic.buffer.size=1048576 -javaagent:C:\Program Files\JetBrains\IntelliJ IDEA 2019.1.2\lib\idea_rt.jar=52078:C:\Program Files\JetBrains\IntelliJ IDEA 2019.1.2\bin -Dfile.encoding=UTF-8 
java_command: com.intellij.rt.execution.junit.JUnitStarter -ideVersion5 -junit4 org.lwjglb.engine.items.GameItemTest,doesItCollide5
java_class_path (initial): C:\Program Files\JetBrains\IntelliJ IDEA 2019.1.2\lib\idea_rt.jar;C:\Program Files\JetBrains\IntelliJ IDEA 2019.1.2\plugins\junit\lib\junit-rt.jar;C:\Program Files\JetBrains\IntelliJ IDEA 2019.1.2\plugins\junit\lib\junit5-rt.jar;C:\Program Files\Java\jdk1.8.0_211\jre\lib\charsets.jar;C:\Program Files\Java\jdk1.8.0_211\jre\lib\deploy.jar;C:\Program Files\Java\jdk1.8.0_211\jre\lib\ext\access-bridge-64.jar;C:\Program Files\Java\jdk1.8.0_211\jre\lib\ext\cldrdata.jar;C:\Program Files\Java\jdk1.8.0_211\jre\lib\ext\dnsns.jar;C:\Program Files\Java\jdk1.8.0_211\jre\lib\ext\jaccess.jar;C:\Program Files\Java\jdk1.8.0_211\jre\lib\ext\jfxrt.jar;C:\Program Files\Java\jdk1.8.0_211\jre\lib\ext\localedata.jar;C:\Program Files\Java\jdk1.8.0_211\jre\lib\ext\nashorn.jar;C:\Program Files\Java\jdk1.8.0_211\jre\lib\ext\sunec.jar;C:\Program Files\Java\jdk1.8.0_211\jre\lib\ext\sunjce_provider.jar;C:\Program Files\Java\jdk1.8.0_211\jre\lib\ext\sunmscapi.jar;C:\Program Files\Java\jdk1.8.0_211\jre\lib\ext\sunpkcs11.jar;C:\Program Files\Java\jdk1.8.0_211\jre\lib\ext\zipfs.jar;C:\Program Files\Java\jdk1.8.0_211\jre\lib\javaws.jar;C:\Program Files\Java\jdk1.8.0_211\jre\lib\jce.jar;C:\Program Files\Java\jdk1.8.0_211\jre\lib\jfr.jar;C:\Program Files\Java\jdk1.8.0_211\jre\lib\jfxswt.jar;C:\Program Files\Java\jdk1.8.0_211\jre\lib\jsse.jar;C:\Program Files\Java\jdk1.8.0_211\jre\lib\management-agent.jar;C:\Program Files\Java\jdk1.8.0_211\jre\lib\plugin.jar;C:\Program Files\Java\jdk1.8.0_211\jre\lib\resources.jar;C:\Program Files\Java\jdk1.8.0_211\jre\lib\rt.jar;C:\GIT\w0422681\PROG2200\Game_02\target\test-classes;C:\GIT\w0422681\PROG2200\Game_02\target\classes;C:\Users\Mason Fraser\.m2\repository\junit\junit\4.11\junit-4.11.jar;C:\Users\Mason Fraser\.m2\repository\org\hamcrest\hamcrest-core\1.3\hamcrest-core-1.3.jar;C:\Users\Mason Fraser\.m2\repository\org\lwjgl\lwjgl\3.1.6\lwjgl-3.1.6.jar;C:\Users\Mason Fraser\.m2\repository\org\lwjgl\lwjgl-glfw\3.1.6\lwjgl-glfw-3.1.6.jar;
Launcher Type: SUN_STANDARD

Environment Variables:
PATH=C:\Program Files (x86)\Common Files\Oracle\Java\javapath;C:\Program Files\AdoptOpenJDK\jdk-8.0.212.03-hotspot\bin;C:\Program Files\AdoptOpenJDK\jre-8.0.212.03-hotspot\bin;C:\WINDOWS\system32;C:\WINDOWS;C:\WINDOWS\System32\Wbem;C:\WINDOWS\System32\WindowsPowerShell\v1.0\;C:\Program Files\PuTTY\;C:\Program Files\Git\cmd;C:\WINDOWS\System32\OpenSSH\;C:\Program Files\nodejs\;C:\Program Files\dotnet\;C:\Program Files\Microsoft SQL Server\130\Tools\Binn\;C:\Program Files\Microsoft SQL Server\Client SDK\ODBC\170\Tools\Binn\;C:\Program Files\mingw-w64\x86_64-8.1.0-posix-seh-rt_v6-rev0\mingw64\bin;C:\Python\Scripts\;C:\Python\;C:\Users\Mason Fraser\scoop\shims;C:\Users\Mason Fraser\AppData\Local\Microsoft\WindowsApps;C:\Program Files\JetBrains\PyCharm 2019.1.1\bin;C:\Program Files\JetBrains\CLion 2019.1.2\bin;C:\Users\Mason Fraser\AppData\Local\atom\bin;C:\Program Files\JetBrains\IntelliJ IDEA 2019.1.2\bin;;C:\Users\Mason Fraser\AppData\Local\Microsoft\WindowsApps;C:\Users\Mason Fraser\AppData\Roaming\npm
USERNAME=Mason Fraser
OS=Windows_NT
PROCESSOR_IDENTIFIER=Intel64 Family 6 Model 158 Stepping 10, GenuineIntel



---------------  S Y S T E M  ---------------

OS: Windows 10.0 , 64 bit Build 18362 (10.0.18362.329)

CPU:total 6 (initial active 6) (6 cores per cpu, 1 threads per core) family 6 model 158 stepping 10, cmov, cx8, fxsr, mmx, sse, sse2, sse3, ssse3, sse4.1, sse4.2, popcnt, avx, avx2, aes, clmul, erms, rtm, 3dnowpref, lzcnt, tsc, tscinvbit, bmi1, bmi2, adx

Memory: 4k page, physical 33373608k(20134480k free), swap 38354344k(21907188k free)

vm_info: Java HotSpot(TM) 64-Bit Server VM (25.211-b12) for windows-amd64 JRE (1.8.0_211-b12), built on Apr  1 2019 20:53:26 by "java_re" with MS VC++ 10.0 (VS2010)

time: Tue Oct 22 10:02:07 2019
timezone: Atlantic Daylight Time
elapsed time: 0 seconds (0d 0h 0m 0s)

