The system is: Linux - 4.4.0-18362-Microsoft - x86_64
Compiling the C compiler identification source file "CMakeCCompilerId.c" succeeded.
Compiler: /usr/bin/cc 
Build flags: 
Id flags:  

The output was:
0


Compilation of the C compiler identification source "CMakeCCompilerId.c" produced "a.out"

The C compiler identification is GNU, found in "/mnt/c/GIT/w0422681/PROG2100/Assignment3/Library/cmake-build-debug/CMakeFiles/3.10.2/CompilerIdC/a.out"

Compiling the CXX compiler identification source file "CMakeCXXCompilerId.cpp" succeeded.
Compiler: /usr/bin/c++ 
Build flags: 
Id flags:  

The output was:
0


Compilation of the CXX compiler identification source "CMakeCXXCompilerId.cpp" produced "a.out"

The CXX compiler identification is GNU, found in "/mnt/c/GIT/w0422681/PROG2100/Assignment3/Library/cmake-build-debug/CMakeFiles/3.10.2/CompilerIdCXX/a.out"

Determining if the C compiler works passed with the following output:
Change Dir: /mnt/c/GIT/w0422681/PROG2100/Assignment3/Library/cmake-build-debug/CMakeFiles/CMakeTmp

Run Build Command:"/usr/bin/make" "cmTC_4455a/fast"
/usr/bin/make -f CMakeFiles/cmTC_4455a.dir/build.make CMakeFiles/cmTC_4455a.dir/build
make[1]: Entering directory '/mnt/c/GIT/w0422681/PROG2100/Assignment3/Library/cmake-build-debug/CMakeFiles/CMakeTmp'
Building C object CMakeFiles/cmTC_4455a.dir/testCCompiler.c.o
/usr/bin/cc    -o CMakeFiles/cmTC_4455a.dir/testCCompiler.c.o   -c /mnt/c/GIT/w0422681/PROG2100/Assignment3/Library/cmake-build-debug/CMakeFiles/CMakeTmp/testCCompiler.c
Linking C executable cmTC_4455a
/usr/bin/cmake -E cmake_link_script CMakeFiles/cmTC_4455a.dir/link.txt --verbose=1
/usr/bin/cc      CMakeFiles/cmTC_4455a.dir/testCCompiler.c.o  -o cmTC_4455a 
make[1]: Leaving directory '/mnt/c/GIT/w0422681/PROG2100/Assignment3/Library/cmake-build-debug/CMakeFiles/CMakeTmp'


Determining if the CXX compiler works passed with the following output:
Change Dir: /mnt/c/GIT/w0422681/PROG2100/Assignment3/Library/cmake-build-debug/CMakeFiles/CMakeTmp

Run Build Command:"/usr/bin/make" "cmTC_13380/fast"
/usr/bin/make -f CMakeFiles/cmTC_13380.dir/build.make CMakeFiles/cmTC_13380.dir/build
make[1]: Entering directory '/mnt/c/GIT/w0422681/PROG2100/Assignment3/Library/cmake-build-debug/CMakeFiles/CMakeTmp'
Building CXX object CMakeFiles/cmTC_13380.dir/testCXXCompiler.cxx.o
/usr/bin/c++     -o CMakeFiles/cmTC_13380.dir/testCXXCompiler.cxx.o -c /mnt/c/GIT/w0422681/PROG2100/Assignment3/Library/cmake-build-debug/CMakeFiles/CMakeTmp/testCXXCompiler.cxx
Linking CXX executable cmTC_13380
/usr/bin/cmake -E cmake_link_script CMakeFiles/cmTC_13380.dir/link.txt --verbose=1
/usr/bin/c++       CMakeFiles/cmTC_13380.dir/testCXXCompiler.cxx.o  -o cmTC_13380 
make[1]: Leaving directory '/mnt/c/GIT/w0422681/PROG2100/Assignment3/Library/cmake-build-debug/CMakeFiles/CMakeTmp'


