#
# A fatal error has been detected by the Java Runtime Environment:
#
#  EXCEPTION_ACCESS_VIOLATION (0xc0000005) at pc=0x00007ffbfd24f46d, pid=28684, tid=0x0000000000007304
#
# JRE version: Java(TM) SE Runtime Environment (8.0_211-b12) (build 1.8.0_211-b12)
# Java VM: Java HotSpot(TM) 64-Bit Server VM (25.211-b12 mixed mode windows-amd64 compressed oops)
# Problematic frame:
# C  [lwjgl_opengl.dll+0xf46d]
#
# Failed to write core dump. Minidumps are not enabled by default on client versions of Windows
#
# If you would like to submit a bug report, please visit:
#   http://bugreport.java.com/bugreport/crash.jsp
# The crash happened outside the Java Virtual Machine in native code.
# See problematic frame for where to report the bug.
#

---------------  T H R E A D  ---------------

Current thread (0x0000000002d34000):  JavaThread "main" [_thread_in_native, id=29444, stack(0x00000000029d0000,0x0000000002ad0000)]

siginfo: ExceptionCode=0xc0000005, reading address 0x0000000000000f58

Registers:
RAX=0x0000000069c39eb0, RBX=0x00000000257ad210, RCX=0x0000000000000001, RDX=0x00000000284651a0
RSP=0x0000000002acdc38, RBP=0x0000000002acdcb8, RSI=0x00000000000005b8, RDI=0x0000000002e37e70
R8 =0x0000000000000001, R9 =0x00000000284651a0, R10=0x0000000000000000, R11=0x00000000696bcef0
R12=0x0000000000000000, R13=0x00000000257ad210, R14=0x0000000002acdce8, R15=0x0000000002d34000
RIP=0x00007ffbfd24f46d, EFLAGS=0x0000000000010202

Top of Stack: (sp=0x0000000002acdc38)
0x0000000002acdc38:   0000000002e48c67 0000000002e37e70
0x0000000002acdc48:   0000000002e489ab 0000000002d34000
0x0000000002acdc58:   00000000257ad210 00000000000005b8
0x0000000002acdc68:   0000000002d34000 0000000002e48962
0x0000000002acdc78:   0000000002acdc78 00000000257ad210
0x0000000002acdc88:   0000000002acdce8 00000000257d1018
0x0000000002acdc98:   0000000000000000 00000000257ad210
0x0000000002acdca8:   0000000000000000 0000000002acdcd8
0x0000000002acdcb8:   0000000002acdd30 0000000002e3835d
0x0000000002acdcc8:   0000000717775710 0000000002e421d8
0x0000000002acdcd8:   00000000284651a0 00000007177d14b8
0x0000000002acdce8:   0000000000000001 0000000002acdcf0
0x0000000002acdcf8:   00000000257ad384 0000000002acdd60
0x0000000002acdd08:   00000000257d1018 0000000000000000
0x0000000002acdd18:   00000000257ad3f0 0000000002acdcd8
0x0000000002acdd28:   0000000002acdd68 0000000002acddb0 

Instructions: (pc=0x00007ffbfd24f46d)
0x00007ffbfd24f44d:   00 41 8b c8 48 ff e0 cc cc cc cc cc cc cc cc cc
0x00007ffbfd24f45d:   cc cc cc 48 8b 01 49 8b d1 41 8b c8 4c 8b 50 18
0x00007ffbfd24f46d:   49 ff a2 58 0f 00 00 cc cc cc cc cc cc cc cc cc
0x00007ffbfd24f47d:   cc cc cc 48 8b 01 49 8b d1 41 8b c8 4c 8b 50 18 


Register to memory mapping:

RAX=0x0000000069c39eb0 is an unknown value
RBX={method} {0x00000000257ad218} 'nglGenTextures' '(IJ)V' in 'org/lwjgl/opengl/GL11'
RCX=0x0000000000000001 is an unknown value
RDX=0x00000000284651a0 is an unknown value
RSP=0x0000000002acdc38 is pointing into the stack for thread: 0x0000000002d34000
RBP=0x0000000002acdcb8 is pointing into the stack for thread: 0x0000000002d34000
RSI=0x00000000000005b8 is an unknown value
RDI=0x0000000002e37e70 is at code_begin+1040 in an Interpreter codelet
invoke return entry points  [0x0000000002e37a60, 0x0000000002e38440]  2528 bytes
R8 =0x0000000000000001 is an unknown value
R9 =0x00000000284651a0 is an unknown value
R10=0x0000000000000000 is an unknown value
R11=0x00000000696bcef0 is an unknown value
R12=0x0000000000000000 is an unknown value
R13={method} {0x00000000257ad218} 'nglGenTextures' '(IJ)V' in 'org/lwjgl/opengl/GL11'
R14=0x0000000002acdce8 is pointing into the stack for thread: 0x0000000002d34000
R15=0x0000000002d34000 is a thread


Stack: [0x00000000029d0000,0x0000000002ad0000],  sp=0x0000000002acdc38,  free space=1015k
Native frames: (J=compiled Java code, j=interpreted, Vv=VM code, C=native code)
C  [lwjgl_opengl.dll+0xf46d]

Java frames: (J=compiled Java code, j=interpreted, Vv=VM code)
j  org.lwjgl.opengl.GL11.nglGenTextures(IJ)V+0
j  org.lwjgl.opengl.GL11.glGenTextures()I+20
j  org.lwjglb.engine.graph.Texture.<init>(Ljava/nio/ByteBuffer;)V+73
j  org.lwjglb.engine.graph.Texture.<init>(Ljava/lang/String;)V+8
j  org.lwjglb.engine.loaders.assimp.TextureCache.getTexture(Ljava/lang/String;)Lorg/lwjglb/engine/graph/Texture;+23
j  org.lwjglb.engine.loaders.assimp.StaticMeshesLoader.processMaterial(Lorg/lwjgl/assimp/AIMaterial;Ljava/util/List;Ljava/lang/String;)V+96
j  org.lwjglb.engine.loaders.assimp.StaticMeshesLoader.load(Ljava/lang/String;Ljava/lang/String;I)[Lorg/lwjglb/engine/graph/Mesh;+68
j  org.lwjglb.engine.loaders.assimp.StaticMeshesLoader.load(Ljava/lang/String;Ljava/lang/String;)[Lorg/lwjglb/engine/graph/Mesh;+5
j  org.lwjglb.engine.items.Vehicle.<clinit>()V+4
v  ~StubRoutines::call_stub
j  org.lwjglb.engine.items.GameItemTest.doesItCollide3()V+0
v  ~StubRoutines::call_stub
j  sun.reflect.NativeMethodAccessorImpl.invoke0(Ljava/lang/reflect/Method;Ljava/lang/Object;[Ljava/lang/Object;)Ljava/lang/Object;+0
j  sun.reflect.NativeMethodAccessorImpl.invoke(Ljava/lang/Object;[Ljava/lang/Object;)Ljava/lang/Object;+100
j  sun.reflect.DelegatingMethodAccessorImpl.invoke(Ljava/lang/Object;[Ljava/lang/Object;)Ljava/lang/Object;+6
j  java.lang.reflect.Method.invoke(Ljava/lang/Object;[Ljava/lang/Object;)Ljava/lang/Object;+56
j  org.junit.runners.model.FrameworkMethod$1.runReflectiveCall()Ljava/lang/Object;+15
j  org.junit.internal.runners.model.ReflectiveCallable.run()Ljava/lang/Object;+1
j  org.junit.runners.model.FrameworkMethod.invokeExplosively(Ljava/lang/Object;[Ljava/lang/Object;)Ljava/lang/Object;+10
j  org.junit.internal.runners.statements.InvokeMethod.evaluate()V+12
j  org.junit.runners.ParentRunner.runLeaf(Lorg/junit/runners/model/Statement;Lorg/junit/runner/Description;Lorg/junit/runner/notification/RunNotifier;)V+17
j  org.junit.runners.BlockJUnit4ClassRunner.runChild(Lorg/junit/runners/model/FrameworkMethod;Lorg/junit/runner/notification/RunNotifier;)V+32
j  org.junit.runners.BlockJUnit4ClassRunner.runChild(Ljava/lang/Object;Lorg/junit/runner/notification/RunNotifier;)V+6
j  org.junit.runners.ParentRunner$3.run()V+12
j  org.junit.runners.ParentRunner$1.schedule(Ljava/lang/Runnable;)V+1
j  org.junit.runners.ParentRunner.runChildren(Lorg/junit/runner/notification/RunNotifier;)V+40
j  org.junit.runners.ParentRunner.access$000(Lorg/junit/runners/ParentRunner;Lorg/junit/runner/notification/RunNotifier;)V+2
j  org.junit.runners.ParentRunner$2.evaluate()V+8
j  org.junit.runners.ParentRunner.run(Lorg/junit/runner/notification/RunNotifier;)V+20
j  org.junit.runner.JUnitCore.run(Lorg/junit/runner/Runner;)Lorg/junit/runner/Result;+37
j  com.intellij.junit4.JUnit4IdeaTestRunner.startRunnerWithArgs([Ljava/lang/String;Ljava/lang/String;IZ)I+146
j  com.intellij.rt.execution.junit.IdeaTestRunner$Repeater.startRunnerWithArgs(Lcom/intellij/rt/execution/junit/IdeaTestRunner;[Ljava/lang/String;Ljava/util/ArrayList;Ljava/lang/String;IZ)I+22
j  com.intellij.rt.execution.junit.JUnitStarter.prepareStreamsAndStart([Ljava/lang/String;Ljava/lang/String;Ljava/util/ArrayList;Ljava/lang/String;)I+116
j  com.intellij.rt.execution.junit.JUnitStarter.main([Ljava/lang/String;)V+116
v  ~StubRoutines::call_stub

---------------  P R O C E S S  ---------------

Java Threads: ( => current thread )
  0x0000000027824000 JavaThread "Service Thread" daemon [_thread_blocked, id=26484, stack(0x0000000027f70000,0x0000000028070000)]
  0x0000000027821000 JavaThread "C1 CompilerThread2" daemon [_thread_blocked, id=1864, stack(0x0000000027e70000,0x0000000027f70000)]
  0x000000002781f000 JavaThread "C2 CompilerThread1" daemon [_thread_blocked, id=10360, stack(0x0000000027d70000,0x0000000027e70000)]
  0x00000000277c9000 JavaThread "C2 CompilerThread0" daemon [_thread_blocked, id=29404, stack(0x0000000027c70000,0x0000000027d70000)]
  0x00000000277b8000 JavaThread "Monitor Ctrl-Break" daemon [_thread_in_native, id=23056, stack(0x0000000027b70000,0x0000000027c70000)]
  0x0000000025afc000 JavaThread "Attach Listener" daemon [_thread_blocked, id=24820, stack(0x0000000027670000,0x0000000027770000)]
  0x0000000025afa000 JavaThread "Signal Dispatcher" daemon [_thread_blocked, id=28472, stack(0x0000000027570000,0x0000000027670000)]
  0x0000000002e28000 JavaThread "Finalizer" daemon [_thread_blocked, id=26668, stack(0x0000000027370000,0x0000000027470000)]
  0x0000000025adc000 JavaThread "Reference Handler" daemon [_thread_blocked, id=28816, stack(0x0000000027270000,0x0000000027370000)]
=>0x0000000002d34000 JavaThread "main" [_thread_in_native, id=29444, stack(0x00000000029d0000,0x0000000002ad0000)]

Other Threads:
  0x0000000025ab7800 VMThread [stack: 0x0000000027170000,0x0000000027270000] [id=24612]
  0x0000000027845000 WatcherThread [stack: 0x0000000028070000,0x0000000028170000] [id=20088]

VM state:not at safepoint (normal execution)

VM Mutex/Monitor currently owned by a thread: None

heap address: 0x00000005c2c00000, size: 8148 MB, Compressed Oops mode: Zero based, Oop shift amount: 3
Narrow klass base: 0x0000000000000000, Narrow klass shift: 3
Compressed class space size: 1073741824 Address: 0x00000007c0000000

Heap:
 PSYoungGen      total 152576K, used 20971K [0x0000000716400000, 0x0000000720e00000, 0x00000007c0000000)
  eden space 131072K, 16% used [0x0000000716400000,0x000000071787af00,0x000000071e400000)
  from space 21504K, 0% used [0x000000071f900000,0x000000071f900000,0x0000000720e00000)
  to   space 21504K, 0% used [0x000000071e400000,0x000000071e400000,0x000000071f900000)
 ParOldGen       total 348160K, used 0K [0x00000005c2c00000, 0x00000005d8000000, 0x0000000716400000)
  object space 348160K, 0% used [0x00000005c2c00000,0x00000005c2c00000,0x00000005d8000000)
 Metaspace       used 7703K, capacity 7950K, committed 8192K, reserved 1056768K
  class space    used 834K, capacity 931K, committed 1024K, reserved 1048576K

Card table byte_map: [0x00000000121f0000,0x00000000131e0000] byte_map_base: 0x000000000f3da000

Marking Bits: (ParMarkBitMap*) 0x0000000069cb5ce0
 Begin Bits: [0x0000000014280000, 0x000000001c1d0000)
 End Bits:   [0x000000001c1d0000, 0x0000000024120000)

Polling page: 0x00000000009e0000

CodeCache: size=245760Kb used=2930Kb max_used=2932Kb free=242829Kb
 bounds [0x0000000002e30000, 0x0000000003110000, 0x0000000011e30000]
 total_blobs=1421 nmethods=659 adapters=675
 compilation: enabled

Compilation events (10 events):
Event: 1.510 Thread 0x0000000027821000 nmethod 655 0x0000000003109950 code [0x0000000003109aa0, 0x0000000003109c10]
Event: 1.510 Thread 0x0000000027821000  656       3       java.lang.invoke.MemberName::init (66 bytes)
Event: 1.510 Thread 0x0000000027821000 nmethod 656 0x0000000003109c90 code [0x0000000003109de0, 0x0000000003109fb0]
Event: 1.512 Thread 0x000000002781f000 nmethod 652 0x000000000310d190 code [0x000000000310d2e0, 0x000000000310d7f8]
Event: 1.533 Thread 0x0000000027821000  657       3       java.nio.Buffer::<init> (121 bytes)
Event: 1.534 Thread 0x0000000027821000 nmethod 657 0x000000000310b090 code [0x000000000310b360, 0x000000000310c808]
Event: 1.534 Thread 0x0000000027821000  658       3       java.nio.Buffer::hasRemaining (17 bytes)
Event: 1.534 Thread 0x0000000027821000 nmethod 658 0x000000000310ad10 code [0x000000000310ae60, 0x000000000310b010]
Event: 1.537 Thread 0x0000000027821000  659       3       sun.misc.URLClassPath::access$100 (7 bytes)
Event: 1.538 Thread 0x0000000027821000 nmethod 659 0x000000000310a950 code [0x000000000310aac0, 0x000000000310ac28]

GC Heap History (0 events):
No events

Deoptimization events (3 events):
Event: 0.987 Thread 0x0000000002d34000 Uncommon trap: reason=unstable_if action=reinterpret pc=0x0000000003049af4 method=sun.misc.MetaIndex.mayContain(Ljava/lang/String;)Z @ 38
Event: 1.006 Thread 0x0000000002d34000 Uncommon trap: reason=null_check action=make_not_entrant pc=0x000000000302f7dc method=java.lang.String.equals(Ljava/lang/Object;)Z @ 8
Event: 1.026 Thread 0x0000000002d34000 Uncommon trap: reason=unstable_if action=reinterpret pc=0x0000000002fbc628 method=java.lang.String.indexOf([CII[CIII)I @ 3

Classes redefined (0 events):
No events

Internal exceptions (10 events):
Event: 0.446 Thread 0x0000000002d34000 Exception <a 'java/security/PrivilegedActionException'> (0x00000007165da280) thrown at [C:\re\workspace\8-2-build-windows-amd64-cygwin\jdk8u211\12973\hotspot\src\share\vm\prims\jvm.cpp, line 1502]
Event: 0.446 Thread 0x0000000002d34000 Exception <a 'java/security/PrivilegedActionException'> (0x00000007165da490) thrown at [C:\re\workspace\8-2-build-windows-amd64-cygwin\jdk8u211\12973\hotspot\src\share\vm\prims\jvm.cpp, line 1502]
Event: 0.447 Thread 0x0000000002d34000 Exception <a 'java/security/PrivilegedActionException'> (0x00000007165de478) thrown at [C:\re\workspace\8-2-build-windows-amd64-cygwin\jdk8u211\12973\hotspot\src\share\vm\prims\jvm.cpp, line 1502]
Event: 0.447 Thread 0x0000000002d34000 Exception <a 'java/security/PrivilegedActionException'> (0x00000007165de688) thrown at [C:\re\workspace\8-2-build-windows-amd64-cygwin\jdk8u211\12973\hotspot\src\share\vm\prims\jvm.cpp, line 1502]
Event: 0.958 Thread 0x0000000002d34000 Exception <a 'java/lang/NoSuchMethodError': java.lang.Object.lambda$static$0(Ljava/lang/String;)Ljava/lang/Boolean;> (0x0000000716fa3dc0) thrown at [C:\re\workspace\8-2-build-windows-amd64-cygwin\jdk8u211\12973\hotspot\src\share\vm\interpreter\linkResolve
Event: 0.966 Thread 0x0000000002d34000 Exception <a 'java/lang/NoSuchFieldError': method resolution failed> (0x00000007170266a0) thrown at [C:\re\workspace\8-2-build-windows-amd64-cygwin\jdk8u211\12973\hotspot\src\share\vm\prims\methodHandles.cpp, line 1167]
Event: 0.967 Thread 0x0000000002d34000 Exception <a 'java/lang/NoSuchFieldError': method resolution failed> (0x0000000717034630) thrown at [C:\re\workspace\8-2-build-windows-amd64-cygwin\jdk8u211\12973\hotspot\src\share\vm\prims\methodHandles.cpp, line 1167]
Event: 1.006 Thread 0x0000000002d34000 Implicit null exception at 0x000000000302f5db to 0x000000000302f7cd
Event: 1.540 Thread 0x0000000002d34000 Exception <a 'sun/nio/fs/WindowsException'> (0x00000007177bdf28) thrown at [C:\re\workspace\8-2-build-windows-amd64-cygwin\jdk8u211\12973\hotspot\src\share\vm\prims\jni.cpp, line 710]
Event: 1.540 Thread 0x0000000002d34000 Exception <a 'sun/nio/fs/WindowsException'> (0x00000007177bfb70) thrown at [C:\re\workspace\8-2-build-windows-amd64-cygwin\jdk8u211\12973\hotspot\src\share\vm\prims\jni.cpp, line 710]

Events (10 events):
Event: 1.540 loading class java/nio/file/NoSuchFileException
Event: 1.540 loading class java/nio/file/FileSystemException
Event: 1.540 loading class java/nio/file/FileSystemException done
Event: 1.540 loading class java/nio/file/NoSuchFileException done
Event: 1.542 loading class org/lwjgl/opengl/GL$1
Event: 1.542 loading class org/lwjgl/opengl/GL$1 done
Event: 1.542 loading class org/lwjgl/opengl/GL$SharedLibraryGL
Event: 1.542 loading class org/lwjgl/opengl/GL$SharedLibraryGL done
Event: 1.542 loading class org/lwjgl/system/SharedLibrary$Delegate
Event: 1.542 loading class org/lwjgl/system/SharedLibrary$Delegate done


Dynamic libraries:
0x00007ff62d520000 - 0x00007ff62d557000 	C:\Program Files\Java\jdk1.8.0_211\bin\java.exe
0x00007ffc1d580000 - 0x00007ffc1d770000 	C:\WINDOWS\SYSTEM32\ntdll.dll
0x00007ffc1bb10000 - 0x00007ffc1bbc2000 	C:\WINDOWS\System32\KERNEL32.DLL
0x00007ffc1ae50000 - 0x00007ffc1b0f3000 	C:\WINDOWS\System32\KERNELBASE.dll
0x00007ffc1c330000 - 0x00007ffc1c3d3000 	C:\WINDOWS\System32\ADVAPI32.dll
0x00007ffc1ba70000 - 0x00007ffc1bb0e000 	C:\WINDOWS\System32\msvcrt.dll
0x00007ffc1b690000 - 0x00007ffc1b727000 	C:\WINDOWS\System32\sechost.dll
0x00007ffc1c000000 - 0x00007ffc1c120000 	C:\WINDOWS\System32\RPCRT4.dll
0x00007ffc1c190000 - 0x00007ffc1c324000 	C:\WINDOWS\System32\USER32.dll
0x00007ffc1b2d0000 - 0x00007ffc1b2f1000 	C:\WINDOWS\System32\win32u.dll
0x00007ffc1c900000 - 0x00007ffc1c926000 	C:\WINDOWS\System32\GDI32.dll
0x00007ffc1b490000 - 0x00007ffc1b624000 	C:\WINDOWS\System32\gdi32full.dll
0x00007ffc1adb0000 - 0x00007ffc1ae4e000 	C:\WINDOWS\System32\msvcp_win.dll
0x00007ffc1b300000 - 0x00007ffc1b3fa000 	C:\WINDOWS\System32\ucrtbase.dll
0x00007ffc12550000 - 0x00007ffc127d5000 	C:\WINDOWS\WinSxS\amd64_microsoft.windows.common-controls_6595b64144ccf1df_6.0.18362.418_none_e6c6b287130d565d\COMCTL32.dll
0x00007ffc1c540000 - 0x00007ffc1c876000 	C:\WINDOWS\System32\combase.dll
0x00007ffc1b250000 - 0x00007ffc1b2d0000 	C:\WINDOWS\System32\bcryptPrimitives.dll
0x00007ffc1d020000 - 0x00007ffc1d04e000 	C:\WINDOWS\System32\IMM32.DLL
0x000000006ba80000 - 0x000000006bb52000 	C:\Program Files\Java\jdk1.8.0_211\jre\bin\msvcr100.dll
0x0000000069490000 - 0x0000000069d35000 	C:\Program Files\Java\jdk1.8.0_211\jre\bin\server\jvm.dll
0x00007ffc1b7e0000 - 0x00007ffc1b7e8000 	C:\WINDOWS\System32\PSAPI.DLL
0x00007ffc08340000 - 0x00007ffc08349000 	C:\WINDOWS\SYSTEM32\WSOCK32.dll
0x00007ffc1c120000 - 0x00007ffc1c18f000 	C:\WINDOWS\System32\WS2_32.dll
0x00007ffc167f0000 - 0x00007ffc16814000 	C:\WINDOWS\SYSTEM32\WINMM.dll
0x00007ffc18f60000 - 0x00007ffc18f6a000 	C:\WINDOWS\SYSTEM32\VERSION.dll
0x00007ffc167c0000 - 0x00007ffc167ed000 	C:\WINDOWS\SYSTEM32\WINMMBASE.dll
0x00007ffc1a5e0000 - 0x00007ffc1a62a000 	C:\WINDOWS\System32\cfgmgr32.dll
0x00007ffc16a40000 - 0x00007ffc16a4f000 	C:\Program Files\Java\jdk1.8.0_211\jre\bin\verify.dll
0x00007ffc0be60000 - 0x00007ffc0be89000 	C:\Program Files\Java\jdk1.8.0_211\jre\bin\java.dll
0x00007ffc00c40000 - 0x00007ffc00c63000 	C:\Program Files\Java\jdk1.8.0_211\jre\bin\instrument.dll
0x00007ffc0c220000 - 0x00007ffc0c236000 	C:\Program Files\Java\jdk1.8.0_211\jre\bin\zip.dll
0x00007ffc1c930000 - 0x00007ffc1d015000 	C:\WINDOWS\System32\SHELL32.dll
0x00007ffc1bbd0000 - 0x00007ffc1bc79000 	C:\WINDOWS\System32\shcore.dll
0x00007ffc1a630000 - 0x00007ffc1adaf000 	C:\WINDOWS\System32\windows.storage.dll
0x00007ffc1a4f0000 - 0x00007ffc1a50f000 	C:\WINDOWS\System32\profapi.dll
0x00007ffc1a460000 - 0x00007ffc1a4aa000 	C:\WINDOWS\System32\powrprof.dll
0x00007ffc1a450000 - 0x00007ffc1a460000 	C:\WINDOWS\System32\UMPDC.dll
0x00007ffc1c8a0000 - 0x00007ffc1c8f2000 	C:\WINDOWS\System32\shlwapi.dll
0x00007ffc1a4b0000 - 0x00007ffc1a4c1000 	C:\WINDOWS\System32\kernel.appcore.dll
0x00007ffc1a510000 - 0x00007ffc1a527000 	C:\WINDOWS\System32\cryptsp.dll
0x00007ffc0aef0000 - 0x00007ffc0af0a000 	C:\Program Files\JetBrains\IntelliJ IDEA 2019.1.2\bin\breakgen64.dll
0x00007ffc0c180000 - 0x00007ffc0c19a000 	C:\Program Files\Java\jdk1.8.0_211\jre\bin\net.dll
0x00007ffc127e0000 - 0x00007ffc129b6000 	C:\WINDOWS\SYSTEM32\urlmon.dll
0x00007ffc122a0000 - 0x00007ffc12546000 	C:\WINDOWS\SYSTEM32\iertutil.dll
0x00007ffc19e90000 - 0x00007ffc19e9c000 	C:\WINDOWS\SYSTEM32\CRYPTBASE.DLL
0x00007ffc19cc0000 - 0x00007ffc19d27000 	C:\WINDOWS\system32\mswsock.dll
0x00007ffc0c050000 - 0x00007ffc0c062000 	C:\Program Files\Java\jdk1.8.0_211\jre\bin\nio.dll
0x00007ffbfd2a0000 - 0x00007ffbfd2fb000 	C:\Users\Mason Fraser\AppData\Local\Temp\lwjglMason Fraser\3.1.6-build-14\lwjgl.dll
0x00007ffbaa200000 - 0x00007ffbaa755000 	C:\Users\MASONF~1\AppData\Local\Temp\lwjglMason Fraser\3.1.6-build-14\assimp.dll
0x00007ffbe7500000 - 0x00007ffbe757e000 	C:\Users\Mason Fraser\AppData\Local\Temp\lwjglMason Fraser\3.1.6-build-14\lwjgl_stb.dll
0x00007ffbfd240000 - 0x00007ffbfd29f000 	C:\Users\Mason Fraser\AppData\Local\Temp\lwjglMason Fraser\3.1.6-build-14\lwjgl_opengl.dll
0x00007ffc09890000 - 0x00007ffc099e6000 	C:\WINDOWS\SYSTEM32\opengl32.dll
0x00007ffc096a0000 - 0x00007ffc096cc000 	C:\WINDOWS\SYSTEM32\GLU32.dll
0x00007ffc190c0000 - 0x00007ffc190e0000 	C:\WINDOWS\SYSTEM32\dxcore.dll
0x00007ffc18310000 - 0x00007ffc18504000 	C:\WINDOWS\SYSTEM32\dbghelp.dll

VM Arguments:
jvm_args: -ea -Didea.test.cyclic.buffer.size=1048576 -javaagent:C:\Program Files\JetBrains\IntelliJ IDEA 2019.1.2\lib\idea_rt.jar=57069:C:\Program Files\JetBrains\IntelliJ IDEA 2019.1.2\bin -Dfile.encoding=UTF-8 
java_command: com.intellij.rt.execution.junit.JUnitStarter -ideVersion5 -junit4 org.lwjglb.engine.items.GameItemTest,doesItCollide3
java_class_path (initial): C:\Program Files\JetBrains\IntelliJ IDEA 2019.1.2\lib\idea_rt.jar;C:\Program Files\JetBrains\IntelliJ IDEA 2019.1.2\plugins\junit\lib\junit-rt.jar;C:\Program Files\JetBrains\IntelliJ IDEA 2019.1.2\plugins\junit\lib\junit5-rt.jar;C:\Program Files\Java\jdk1.8.0_211\jre\lib\charsets.jar;C:\Program Files\Java\jdk1.8.0_211\jre\lib\deploy.jar;C:\Program Files\Java\jdk1.8.0_211\jre\lib\ext\access-bridge-64.jar;C:\Program Files\Java\jdk1.8.0_211\jre\lib\ext\cldrdata.jar;C:\Program Files\Java\jdk1.8.0_211\jre\lib\ext\dnsns.jar;C:\Program Files\Java\jdk1.8.0_211\jre\lib\ext\jaccess.jar;C:\Program Files\Java\jdk1.8.0_211\jre\lib\ext\jfxrt.jar;C:\Program Files\Java\jdk1.8.0_211\jre\lib\ext\localedata.jar;C:\Program Files\Java\jdk1.8.0_211\jre\lib\ext\nashorn.jar;C:\Program Files\Java\jdk1.8.0_211\jre\lib\ext\sunec.jar;C:\Program Files\Java\jdk1.8.0_211\jre\lib\ext\sunjce_provider.jar;C:\Program Files\Java\jdk1.8.0_211\jre\lib\ext\sunmscapi.jar;C:\Program Files\Java\jdk1.8.0_211\jre\lib\ext\sunpkcs11.jar;C:\Program Files\Java\jdk1.8.0_211\jre\lib\ext\zipfs.jar;C:\Program Files\Java\jdk1.8.0_211\jre\lib\javaws.jar;C:\Program Files\Java\jdk1.8.0_211\jre\lib\jce.jar;C:\Program Files\Java\jdk1.8.0_211\jre\lib\jfr.jar;C:\Program Files\Java\jdk1.8.0_211\jre\lib\jfxswt.jar;C:\Program Files\Java\jdk1.8.0_211\jre\lib\jsse.jar;C:\Program Files\Java\jdk1.8.0_211\jre\lib\management-agent.jar;C:\Program Files\Java\jdk1.8.0_211\jre\lib\plugin.jar;C:\Program Files\Java\jdk1.8.0_211\jre\lib\resources.jar;C:\Program Files\Java\jdk1.8.0_211\jre\lib\rt.jar;C:\GIT\w0422681\PROG2200\Game_02\target\test-classes;C:\GIT\w0422681\PROG2200\Game_02\target\classes;C:\Users\Mason Fraser\.m2\repository\junit\junit\4.11\junit-4.11.jar;C:\Users\Mason Fraser\.m2\repository\org\hamcrest\hamcrest-core\1.3\hamcrest-core-1.3.jar;C:\Users\Mason Fraser\.m2\repository\org\lwjgl\lwjgl\3.1.6\lwjgl-3.1.6.jar;C:\Users\Mason Fraser\.m2\repository\org\lwjgl\lwjgl-glfw\3.1.6\lwjgl-glfw-3.1.6.jar;
Launcher Type: SUN_STANDARD

Environment Variables:
PATH=C:\Program Files (x86)\Common Files\Oracle\Java\javapath;C:\Program Files\AdoptOpenJDK\jdk-8.0.212.03-hotspot\bin;C:\Program Files\AdoptOpenJDK\jre-8.0.212.03-hotspot\bin;C:\WINDOWS\system32;C:\WINDOWS;C:\WINDOWS\System32\Wbem;C:\WINDOWS\System32\WindowsPowerShell\v1.0\;C:\Program Files\PuTTY\;C:\Program Files\Git\cmd;C:\WINDOWS\System32\OpenSSH\;C:\Program Files\nodejs\;C:\Program Files\dotnet\;C:\Program Files\Microsoft SQL Server\130\Tools\Binn\;C:\Program Files\Microsoft SQL Server\Client SDK\ODBC\170\Tools\Binn\;C:\Program Files\mingw-w64\x86_64-8.1.0-posix-seh-rt_v6-rev0\mingw64\bin;"c:\program files\apache-maven-3.x.y\bin;%PATH%";C:\Python\Scripts\;C:\Python\;C:\Users\Mason Fraser\scoop\shims;C:\Users\Mason Fraser\AppData\Local\Microsoft\WindowsApps;C:\Program Files\JetBrains\PyCharm 2019.1.1\bin;C:\Program Files\JetBrains\CLion 2019.1.2\bin;C:\Users\Mason Fraser\AppData\Local\atom\bin;C:\Program Files\JetBrains\IntelliJ IDEA 2019.1.2\bin;;C:\Users\Mason Fraser\AppData\Local\Microsoft\WindowsApps;C:\Users\Mason Fraser\AppData\Roaming\npm
USERNAME=Mason Fraser
OS=Windows_NT
PROCESSOR_IDENTIFIER=Intel64 Family 6 Model 158 Stepping 10, GenuineIntel



---------------  S Y S T E M  ---------------

OS: Windows 10.0 , 64 bit Build 18362 (10.0.18362.329)

CPU:total 6 (initial active 6) (6 cores per cpu, 1 threads per core) family 6 model 158 stepping 10, cmov, cx8, fxsr, mmx, sse, sse2, sse3, ssse3, sse4.1, sse4.2, popcnt, avx, avx2, aes, clmul, erms, rtm, 3dnowpref, lzcnt, tsc, tscinvbit, bmi1, bmi2, adx

Memory: 4k page, physical 33373608k(18177428k free), swap 38354344k(13228996k free)

vm_info: Java HotSpot(TM) 64-Bit Server VM (25.211-b12) for windows-amd64 JRE (1.8.0_211-b12), built on Apr  1 2019 20:53:26 by "java_re" with MS VC++ 10.0 (VS2010)

time: Wed Oct 30 13:59:35 2019
timezone: Atlantic Daylight Time
elapsed time: 1 seconds (0d 0h 0m 1s)

