#
# A fatal error has been detected by the Java Runtime Environment:
#
#  EXCEPTION_ACCESS_VIOLATION (0xc0000005) at pc=0x00007ffbe4a9f46d, pid=8092, tid=0x0000000000003f44
#
# JRE version: Java(TM) SE Runtime Environment (8.0_211-b12) (build 1.8.0_211-b12)
# Java VM: Java HotSpot(TM) 64-Bit Server VM (25.211-b12 mixed mode windows-amd64 compressed oops)
# Problematic frame:
# C  [lwjgl_opengl.dll+0xf46d]
#
# Failed to write core dump. Minidumps are not enabled by default on client versions of Windows
#
# If you would like to submit a bug report, please visit:
#   http://bugreport.java.com/bugreport/crash.jsp
# The crash happened outside the Java Virtual Machine in native code.
# See problematic frame for where to report the bug.
#

---------------  T H R E A D  ---------------

Current thread (0x0000000002d93800):  JavaThread "main" [_thread_in_native, id=16196, stack(0x0000000002b20000,0x0000000002c20000)]

siginfo: ExceptionCode=0xc0000005, reading address 0x0000000000000f58

Registers:
RAX=0x0000000052539eb0, RBX=0x0000000025849de8, RCX=0x0000000000000001, RDX=0x00000000285460e0
RSP=0x0000000002c1d7c8, RBP=0x0000000002c1d848, RSI=0x00000000000002d0, RDI=0x0000000002e97e70
R8 =0x0000000000000001, R9 =0x00000000285460e0, R10=0x0000000000000000, R11=0x0000000051fbcef0
R12=0x0000000000000000, R13=0x0000000025849de8, R14=0x0000000002c1d878, R15=0x0000000002d93800
RIP=0x00007ffbe4a9f46d, EFLAGS=0x0000000000010202

Top of Stack: (sp=0x0000000002c1d7c8)
0x0000000002c1d7c8:   0000000002ea8c67 0000000002e97e70
0x0000000002c1d7d8:   0000000002ea89ab 0000000002d93800
0x0000000002c1d7e8:   0000000025849de8 00000000000002d0
0x0000000002c1d7f8:   0000000002d93800 0000000002ea8962
0x0000000002c1d808:   0000000002c1d808 0000000025849de8
0x0000000002c1d818:   0000000002c1d878 000000002586dc18
0x0000000002c1d828:   0000000000000000 0000000025849de8
0x0000000002c1d838:   0000000000000000 0000000002c1d868
0x0000000002c1d848:   0000000002c1d8c0 0000000002e9835d
0x0000000002c1d858:   00000007174cbed0 0000000002ea21d8
0x0000000002c1d868:   00000000285460e0 0000000717527c78
0x0000000002c1d878:   0000000000000001 0000000002c1d880
0x0000000002c1d888:   0000000025849f5c 0000000002c1d8f0
0x0000000002c1d898:   000000002586dc18 0000000000000000
0x0000000002c1d8a8:   0000000025849fc8 0000000002c1d868
0x0000000002c1d8b8:   0000000002c1d8f8 0000000002c1d940 

Instructions: (pc=0x00007ffbe4a9f46d)
0x00007ffbe4a9f44d:   00 41 8b c8 48 ff e0 cc cc cc cc cc cc cc cc cc
0x00007ffbe4a9f45d:   cc cc cc 48 8b 01 49 8b d1 41 8b c8 4c 8b 50 18
0x00007ffbe4a9f46d:   49 ff a2 58 0f 00 00 cc cc cc cc cc cc cc cc cc
0x00007ffbe4a9f47d:   cc cc cc 48 8b 01 49 8b d1 41 8b c8 4c 8b 50 18 


Register to memory mapping:

RAX=0x0000000052539eb0 is an unknown value
RBX={method} {0x0000000025849df0} 'nglGenTextures' '(IJ)V' in 'org/lwjgl/opengl/GL11'
RCX=0x0000000000000001 is an unknown value
RDX=0x00000000285460e0 is an unknown value
RSP=0x0000000002c1d7c8 is pointing into the stack for thread: 0x0000000002d93800
RBP=0x0000000002c1d848 is pointing into the stack for thread: 0x0000000002d93800
RSI=0x00000000000002d0 is an unknown value
RDI=0x0000000002e97e70 is at code_begin+1040 in an Interpreter codelet
invoke return entry points  [0x0000000002e97a60, 0x0000000002e98440]  2528 bytes
R8 =0x0000000000000001 is an unknown value
R9 =0x00000000285460e0 is an unknown value
R10=0x0000000000000000 is an unknown value
R11=0x0000000051fbcef0 is an unknown value
R12=0x0000000000000000 is an unknown value
R13={method} {0x0000000025849df0} 'nglGenTextures' '(IJ)V' in 'org/lwjgl/opengl/GL11'
R14=0x0000000002c1d878 is pointing into the stack for thread: 0x0000000002d93800
R15=0x0000000002d93800 is a thread


Stack: [0x0000000002b20000,0x0000000002c20000],  sp=0x0000000002c1d7c8,  free space=1013k
Native frames: (J=compiled Java code, j=interpreted, Vv=VM code, C=native code)
C  [lwjgl_opengl.dll+0xf46d]

Java frames: (J=compiled Java code, j=interpreted, Vv=VM code)
j  org.lwjgl.opengl.GL11.nglGenTextures(IJ)V+0
j  org.lwjgl.opengl.GL11.glGenTextures()I+20
j  org.lwjglb.engine.graph.Texture.<init>(Ljava/nio/ByteBuffer;)V+73
j  org.lwjglb.engine.graph.Texture.<init>(Ljava/lang/String;)V+8
j  org.lwjglb.engine.loaders.assimp.TextureCache.getTexture(Ljava/lang/String;)Lorg/lwjglb/engine/graph/Texture;+23
j  org.lwjglb.engine.loaders.assimp.StaticMeshesLoader.processMaterial(Lorg/lwjgl/assimp/AIMaterial;Ljava/util/List;Ljava/lang/String;)V+96
j  org.lwjglb.engine.loaders.assimp.StaticMeshesLoader.load(Ljava/lang/String;Ljava/lang/String;I)[Lorg/lwjglb/engine/graph/Mesh;+68
j  org.lwjglb.engine.loaders.assimp.StaticMeshesLoader.load(Ljava/lang/String;Ljava/lang/String;)[Lorg/lwjglb/engine/graph/Mesh;+5
j  org.lwjglb.engine.items.Vehicle.<clinit>()V+4
v  ~StubRoutines::call_stub
j  org.lwjglb.engine.items.GameItemTest.doesItCollide()V+0
v  ~StubRoutines::call_stub
j  sun.reflect.NativeMethodAccessorImpl.invoke0(Ljava/lang/reflect/Method;Ljava/lang/Object;[Ljava/lang/Object;)Ljava/lang/Object;+0
j  sun.reflect.NativeMethodAccessorImpl.invoke(Ljava/lang/Object;[Ljava/lang/Object;)Ljava/lang/Object;+100
j  sun.reflect.DelegatingMethodAccessorImpl.invoke(Ljava/lang/Object;[Ljava/lang/Object;)Ljava/lang/Object;+6
j  java.lang.reflect.Method.invoke(Ljava/lang/Object;[Ljava/lang/Object;)Ljava/lang/Object;+56
j  org.junit.runners.model.FrameworkMethod$1.runReflectiveCall()Ljava/lang/Object;+15
j  org.junit.internal.runners.model.ReflectiveCallable.run()Ljava/lang/Object;+1
j  org.junit.runners.model.FrameworkMethod.invokeExplosively(Ljava/lang/Object;[Ljava/lang/Object;)Ljava/lang/Object;+10
j  org.junit.internal.runners.statements.InvokeMethod.evaluate()V+12
j  org.junit.runners.ParentRunner.runLeaf(Lorg/junit/runners/model/Statement;Lorg/junit/runner/Description;Lorg/junit/runner/notification/RunNotifier;)V+17
j  org.junit.runners.BlockJUnit4ClassRunner.runChild(Lorg/junit/runners/model/FrameworkMethod;Lorg/junit/runner/notification/RunNotifier;)V+32
j  org.junit.runners.BlockJUnit4ClassRunner.runChild(Ljava/lang/Object;Lorg/junit/runner/notification/RunNotifier;)V+6
j  org.junit.runners.ParentRunner$3.run()V+12
j  org.junit.runners.ParentRunner$1.schedule(Ljava/lang/Runnable;)V+1
j  org.junit.runners.ParentRunner.runChildren(Lorg/junit/runner/notification/RunNotifier;)V+40
j  org.junit.runners.ParentRunner.access$000(Lorg/junit/runners/ParentRunner;Lorg/junit/runner/notification/RunNotifier;)V+2
j  org.junit.runners.ParentRunner$2.evaluate()V+8
j  org.junit.runners.ParentRunner.run(Lorg/junit/runner/notification/RunNotifier;)V+20
j  org.junit.runner.JUnitCore.run(Lorg/junit/runner/Runner;)Lorg/junit/runner/Result;+37
j  com.intellij.junit4.JUnit4IdeaTestRunner.startRunnerWithArgs([Ljava/lang/String;Ljava/lang/String;IZ)I+146
j  com.intellij.rt.execution.junit.IdeaTestRunner$Repeater.startRunnerWithArgs(Lcom/intellij/rt/execution/junit/IdeaTestRunner;[Ljava/lang/String;Ljava/util/ArrayList;Ljava/lang/String;IZ)I+22
j  com.intellij.rt.execution.junit.JUnitStarter.prepareStreamsAndStart([Ljava/lang/String;Ljava/lang/String;Ljava/util/ArrayList;Ljava/lang/String;)I+116
j  com.intellij.rt.execution.junit.JUnitStarter.main([Ljava/lang/String;)V+116
v  ~StubRoutines::call_stub

---------------  P R O C E S S  ---------------

Java Threads: ( => current thread )
  0x000000002792b800 JavaThread "Service Thread" daemon [_thread_blocked, id=10472, stack(0x0000000028080000,0x0000000028180000)]
  0x00000000278c4000 JavaThread "C1 CompilerThread2" daemon [_thread_blocked, id=20156, stack(0x0000000027f80000,0x0000000028080000)]
  0x00000000278c3800 JavaThread "C2 CompilerThread1" daemon [_thread_blocked, id=9416, stack(0x0000000027e80000,0x0000000027f80000)]
  0x00000000278c2800 JavaThread "C2 CompilerThread0" daemon [_thread_blocked, id=10312, stack(0x0000000027d80000,0x0000000027e80000)]
  0x00000000278c0000 JavaThread "Monitor Ctrl-Break" daemon [_thread_in_native, id=16424, stack(0x0000000027c80000,0x0000000027d80000)]
  0x0000000025bfc000 JavaThread "Attach Listener" daemon [_thread_blocked, id=17320, stack(0x0000000027770000,0x0000000027870000)]
  0x0000000025bfa000 JavaThread "Signal Dispatcher" daemon [_thread_blocked, id=19748, stack(0x0000000027670000,0x0000000027770000)]
  0x0000000002e8d800 JavaThread "Finalizer" daemon [_thread_blocked, id=1692, stack(0x0000000027470000,0x0000000027570000)]
  0x0000000025bdc000 JavaThread "Reference Handler" daemon [_thread_blocked, id=10844, stack(0x0000000027370000,0x0000000027470000)]
=>0x0000000002d93800 JavaThread "main" [_thread_in_native, id=16196, stack(0x0000000002b20000,0x0000000002c20000)]

Other Threads:
  0x0000000025bb8000 VMThread [stack: 0x0000000027270000,0x0000000027370000] [id=18460]
  0x000000002796e800 WatcherThread [stack: 0x0000000028180000,0x0000000028280000] [id=7680]

VM state:not at safepoint (normal execution)

VM Mutex/Monitor currently owned by a thread: None

heap address: 0x00000005c2c00000, size: 8148 MB, Compressed Oops mode: Zero based, Oop shift amount: 3
Narrow klass base: 0x0000000000000000, Narrow klass shift: 3
Compressed class space size: 1073741824 Address: 0x00000007c0000000

Heap:
 PSYoungGen      total 152576K, used 18388K [0x0000000716400000, 0x0000000720e00000, 0x00000007c0000000)
  eden space 131072K, 14% used [0x0000000716400000,0x00000007175f5288,0x000000071e400000)
  from space 21504K, 0% used [0x000000071f900000,0x000000071f900000,0x0000000720e00000)
  to   space 21504K, 0% used [0x000000071e400000,0x000000071e400000,0x000000071f900000)
 ParOldGen       total 348160K, used 0K [0x00000005c2c00000, 0x00000005d8000000, 0x0000000716400000)
  object space 348160K, 0% used [0x00000005c2c00000,0x00000005c2c00000,0x00000005d8000000)
 Metaspace       used 7318K, capacity 7562K, committed 7808K, reserved 1056768K
  class space    used 791K, capacity 867K, committed 896K, reserved 1048576K

Card table byte_map: [0x0000000012250000,0x0000000013240000] byte_map_base: 0x000000000f43a000

Marking Bits: (ParMarkBitMap*) 0x00000000525b5ce0
 Begin Bits: [0x00000000142e0000, 0x000000001c230000)
 End Bits:   [0x000000001c230000, 0x0000000024180000)

Polling page: 0x0000000000eb0000

CodeCache: size=245760Kb used=2818Kb max_used=2829Kb free=242941Kb
 bounds [0x0000000002e90000, 0x0000000003160000, 0x0000000011e90000]
 total_blobs=1381 nmethods=623 adapters=671
 compilation: enabled

Compilation events (10 events):
Event: 0.408 Thread 0x00000000278c4000  619       3       sun.misc.URLClassPath::access$100 (7 bytes)
Event: 0.408 Thread 0x00000000278c3800  620       4       java.lang.String::indexOf (166 bytes)
Event: 0.408 Thread 0x00000000278c4000 nmethod 619 0x000000000314e010 code [0x000000000314e180, 0x000000000314e2e8]
Event: 0.408 Thread 0x00000000278c4000  622       3       java.nio.Buffer::<init> (121 bytes)
Event: 0.409 Thread 0x00000000278c4000 nmethod 622 0x000000000314e3d0 code [0x000000000314e6a0, 0x000000000314fb48]
Event: 0.409 Thread 0x00000000278c4000  621       3       java.nio.Buffer::hasRemaining (17 bytes)
Event: 0.409 Thread 0x00000000278c4000 nmethod 621 0x00000000031504d0 code [0x0000000003150620, 0x00000000031507d0]
Event: 0.412 Thread 0x00000000278c3800 nmethod 620 0x0000000003153990 code [0x0000000003153ae0, 0x0000000003153ff8]
Event: 0.412 Thread 0x00000000278c4000  623       3       java.net.URL::toString (5 bytes)
Event: 0.412 Thread 0x00000000278c4000 nmethod 623 0x0000000003153450 code [0x00000000031535c0, 0x00000000031538a8]

GC Heap History (0 events):
No events

Deoptimization events (2 events):
Event: 0.230 Thread 0x0000000002d93800 Uncommon trap: reason=null_check action=make_not_entrant pc=0x0000000003084edc method=java.lang.String.equals(Ljava/lang/Object;)Z @ 8
Event: 0.245 Thread 0x0000000002d93800 Uncommon trap: reason=unstable_if action=reinterpret pc=0x0000000003004730 method=java.lang.String.indexOf([CII[CIII)I @ 3

Classes redefined (0 events):
No events

Internal exceptions (10 events):
Event: 0.100 Thread 0x0000000002d93800 Exception <a 'java/security/PrivilegedActionException'> (0x00000007165d9d18) thrown at [C:\re\workspace\8-2-build-windows-amd64-cygwin\jdk8u211\12973\hotspot\src\share\vm\prims\jvm.cpp, line 1502]
Event: 0.100 Thread 0x0000000002d93800 Exception <a 'java/security/PrivilegedActionException'> (0x00000007165d9f28) thrown at [C:\re\workspace\8-2-build-windows-amd64-cygwin\jdk8u211\12973\hotspot\src\share\vm\prims\jvm.cpp, line 1502]
Event: 0.100 Thread 0x0000000002d93800 Exception <a 'java/security/PrivilegedActionException'> (0x00000007165ddf10) thrown at [C:\re\workspace\8-2-build-windows-amd64-cygwin\jdk8u211\12973\hotspot\src\share\vm\prims\jvm.cpp, line 1502]
Event: 0.100 Thread 0x0000000002d93800 Exception <a 'java/security/PrivilegedActionException'> (0x00000007165de120) thrown at [C:\re\workspace\8-2-build-windows-amd64-cygwin\jdk8u211\12973\hotspot\src\share\vm\prims\jvm.cpp, line 1502]
Event: 0.190 Thread 0x0000000002d93800 Exception <a 'java/lang/NoSuchMethodError': java.lang.Object.lambda$static$0(Ljava/lang/String;)Ljava/lang/Boolean;> (0x0000000716f88f88) thrown at [C:\re\workspace\8-2-build-windows-amd64-cygwin\jdk8u211\12973\hotspot\src\share\vm\interpreter\linkResolve
Event: 0.197 Thread 0x0000000002d93800 Exception <a 'java/lang/NoSuchFieldError': method resolution failed> (0x000000071700b568) thrown at [C:\re\workspace\8-2-build-windows-amd64-cygwin\jdk8u211\12973\hotspot\src\share\vm\prims\methodHandles.cpp, line 1167]
Event: 0.198 Thread 0x0000000002d93800 Exception <a 'java/lang/NoSuchFieldError': method resolution failed> (0x0000000717019528) thrown at [C:\re\workspace\8-2-build-windows-amd64-cygwin\jdk8u211\12973\hotspot\src\share\vm\prims\methodHandles.cpp, line 1167]
Event: 0.230 Thread 0x0000000002d93800 Implicit null exception at 0x0000000003084cdb to 0x0000000003084ecd
Event: 0.410 Thread 0x0000000002d93800 Exception <a 'sun/nio/fs/WindowsException'> (0x00000007175146e8) thrown at [C:\re\workspace\8-2-build-windows-amd64-cygwin\jdk8u211\12973\hotspot\src\share\vm\prims\jni.cpp, line 710]
Event: 0.410 Thread 0x0000000002d93800 Exception <a 'sun/nio/fs/WindowsException'> (0x0000000717516330) thrown at [C:\re\workspace\8-2-build-windows-amd64-cygwin\jdk8u211\12973\hotspot\src\share\vm\prims\jni.cpp, line 710]

Events (10 events):
Event: 0.411 loading class java/nio/file/NoSuchFileException
Event: 0.411 loading class java/nio/file/FileSystemException
Event: 0.411 loading class java/nio/file/FileSystemException done
Event: 0.411 loading class java/nio/file/NoSuchFileException done
Event: 0.412 loading class org/lwjgl/opengl/GL$1
Event: 0.412 loading class org/lwjgl/opengl/GL$1 done
Event: 0.412 loading class org/lwjgl/opengl/GL$SharedLibraryGL
Event: 0.412 loading class org/lwjgl/opengl/GL$SharedLibraryGL done
Event: 0.412 loading class org/lwjgl/system/SharedLibrary$Delegate
Event: 0.412 loading class org/lwjgl/system/SharedLibrary$Delegate done


Dynamic libraries:
0x00007ff631770000 - 0x00007ff6317a7000 	C:\Program Files\Java\jdk1.8.0_211\bin\java.exe
0x00007ffbfe800000 - 0x00007ffbfe9f0000 	C:\WINDOWS\SYSTEM32\ntdll.dll
0x00007ffbfc910000 - 0x00007ffbfc9c2000 	C:\WINDOWS\System32\KERNEL32.DLL
0x00007ffbfb8b0000 - 0x00007ffbfbb53000 	C:\WINDOWS\System32\KERNELBASE.dll
0x00007ffbfd7d0000 - 0x00007ffbfd873000 	C:\WINDOWS\System32\ADVAPI32.dll
0x00007ffbfd120000 - 0x00007ffbfd1be000 	C:\WINDOWS\System32\msvcrt.dll
0x00007ffbfdd70000 - 0x00007ffbfde07000 	C:\WINDOWS\System32\sechost.dll
0x00007ffbfd6b0000 - 0x00007ffbfd7d0000 	C:\WINDOWS\System32\RPCRT4.dll
0x00007ffbfe1b0000 - 0x00007ffbfe344000 	C:\WINDOWS\System32\USER32.dll
0x00007ffbfb790000 - 0x00007ffbfb7b1000 	C:\WINDOWS\System32\win32u.dll
0x00007ffbfdc00000 - 0x00007ffbfdc26000 	C:\WINDOWS\System32\GDI32.dll
0x00007ffbfbf90000 - 0x00007ffbfc124000 	C:\WINDOWS\System32\gdi32full.dll
0x00007ffbfb7c0000 - 0x00007ffbfb85e000 	C:\WINDOWS\System32\msvcp_win.dll
0x00007ffbfbb60000 - 0x00007ffbfbc5a000 	C:\WINDOWS\System32\ucrtbase.dll
0x00007ffbe6530000 - 0x00007ffbe67b5000 	C:\WINDOWS\WinSxS\amd64_microsoft.windows.common-controls_6595b64144ccf1df_6.0.18362.418_none_e6c6b287130d565d\COMCTL32.dll
0x00007ffbfd370000 - 0x00007ffbfd6a6000 	C:\WINDOWS\System32\combase.dll
0x00007ffbfbc60000 - 0x00007ffbfbce0000 	C:\WINDOWS\System32\bcryptPrimitives.dll
0x00007ffbfde10000 - 0x00007ffbfde3e000 	C:\WINDOWS\System32\IMM32.DLL
0x0000000052640000 - 0x0000000052712000 	C:\Program Files\Java\jdk1.8.0_211\jre\bin\msvcr100.dll
0x0000000051d90000 - 0x0000000052635000 	C:\Program Files\Java\jdk1.8.0_211\jre\bin\server\jvm.dll
0x00007ffbfdca0000 - 0x00007ffbfdca8000 	C:\WINDOWS\System32\PSAPI.DLL
0x00007ffbea700000 - 0x00007ffbea709000 	C:\WINDOWS\SYSTEM32\WSOCK32.dll
0x00007ffbfe140000 - 0x00007ffbfe1af000 	C:\WINDOWS\System32\WS2_32.dll
0x00007ffbf91f0000 - 0x00007ffbf9214000 	C:\WINDOWS\SYSTEM32\WINMM.dll
0x00007ffbf58f0000 - 0x00007ffbf58fa000 	C:\WINDOWS\SYSTEM32\VERSION.dll
0x00007ffbf9080000 - 0x00007ffbf90ad000 	C:\WINDOWS\SYSTEM32\winmmbase.dll
0x00007ffbfb860000 - 0x00007ffbfb8aa000 	C:\WINDOWS\System32\cfgmgr32.dll
0x00007ffbebae0000 - 0x00007ffbebaef000 	C:\Program Files\Java\jdk1.8.0_211\jre\bin\verify.dll
0x00007ffbe4dc0000 - 0x00007ffbe4de9000 	C:\Program Files\Java\jdk1.8.0_211\jre\bin\java.dll
0x00007ffbef880000 - 0x00007ffbef8a3000 	C:\Program Files\Java\jdk1.8.0_211\jre\bin\instrument.dll
0x00007ffbe50e0000 - 0x00007ffbe50f6000 	C:\Program Files\Java\jdk1.8.0_211\jre\bin\zip.dll
0x00007ffbfc9d0000 - 0x00007ffbfd0b5000 	C:\WINDOWS\System32\SHELL32.dll
0x00007ffbfdcb0000 - 0x00007ffbfdd59000 	C:\WINDOWS\System32\shcore.dll
0x00007ffbfc130000 - 0x00007ffbfc8af000 	C:\WINDOWS\System32\windows.storage.dll
0x00007ffbfb770000 - 0x00007ffbfb78f000 	C:\WINDOWS\System32\profapi.dll
0x00007ffbfb720000 - 0x00007ffbfb76a000 	C:\WINDOWS\System32\powrprof.dll
0x00007ffbfb6d0000 - 0x00007ffbfb6e0000 	C:\WINDOWS\System32\UMPDC.dll
0x00007ffbfd0c0000 - 0x00007ffbfd112000 	C:\WINDOWS\System32\shlwapi.dll
0x00007ffbfb700000 - 0x00007ffbfb711000 	C:\WINDOWS\System32\kernel.appcore.dll
0x00007ffbfbe20000 - 0x00007ffbfbe37000 	C:\WINDOWS\System32\cryptsp.dll
0x00007ffbef860000 - 0x00007ffbef87a000 	C:\Program Files\JetBrains\IntelliJ IDEA 2019.1.2\bin\breakgen64.dll
0x00007ffbe5010000 - 0x00007ffbe502a000 	C:\Program Files\Java\jdk1.8.0_211\jre\bin\net.dll
0x00007ffbf0620000 - 0x00007ffbf07f6000 	C:\WINDOWS\SYSTEM32\urlmon.dll
0x00007ffbf0370000 - 0x00007ffbf0616000 	C:\WINDOWS\SYSTEM32\iertutil.dll
0x00007ffbfb110000 - 0x00007ffbfb11c000 	C:\WINDOWS\SYSTEM32\CRYPTBASE.DLL
0x00007ffbfaf40000 - 0x00007ffbfafa7000 	C:\WINDOWS\system32\mswsock.dll
0x00007ffbe43a0000 - 0x00007ffbe43b2000 	C:\Program Files\Java\jdk1.8.0_211\jre\bin\nio.dll
0x00007ffbef740000 - 0x00007ffbef79b000 	C:\Users\Mason Fraser\AppData\Local\Temp\lwjglMason Fraser\3.1.6-build-14\lwjgl.dll
0x00007ffbb9f80000 - 0x00007ffbba4d5000 	C:\Users\MASONF~1\AppData\Local\Temp\lwjglMason Fraser\3.1.6-build-14\assimp.dll
0x00007ffbdacf0000 - 0x00007ffbdad6e000 	C:\Users\Mason Fraser\AppData\Local\Temp\lwjglMason Fraser\3.1.6-build-14\lwjgl_stb.dll
0x00007ffbe4a90000 - 0x00007ffbe4aef000 	C:\Users\Mason Fraser\AppData\Local\Temp\lwjglMason Fraser\3.1.6-build-14\lwjgl_opengl.dll
0x00007ffbec240000 - 0x00007ffbec396000 	C:\WINDOWS\SYSTEM32\opengl32.dll
0x00007ffbebf10000 - 0x00007ffbebf3c000 	C:\WINDOWS\SYSTEM32\GLU32.dll
0x00007ffbfa3b0000 - 0x00007ffbfa3d0000 	C:\WINDOWS\SYSTEM32\dxcore.dll
0x00007ffbe7e00000 - 0x00007ffbe7ff4000 	C:\WINDOWS\SYSTEM32\dbghelp.dll

VM Arguments:
jvm_args: -ea -Didea.test.cyclic.buffer.size=1048576 -javaagent:C:\Program Files\JetBrains\IntelliJ IDEA 2019.1.2\lib\idea_rt.jar=63859:C:\Program Files\JetBrains\IntelliJ IDEA 2019.1.2\bin -Dfile.encoding=UTF-8 
java_command: com.intellij.rt.execution.junit.JUnitStarter -ideVersion5 -junit4 org.lwjglb.engine.items.GameItemTest
java_class_path (initial): C:\Program Files\JetBrains\IntelliJ IDEA 2019.1.2\lib\idea_rt.jar;C:\Program Files\JetBrains\IntelliJ IDEA 2019.1.2\plugins\junit\lib\junit-rt.jar;C:\Program Files\JetBrains\IntelliJ IDEA 2019.1.2\plugins\junit\lib\junit5-rt.jar;C:\Program Files\Java\jdk1.8.0_211\jre\lib\charsets.jar;C:\Program Files\Java\jdk1.8.0_211\jre\lib\deploy.jar;C:\Program Files\Java\jdk1.8.0_211\jre\lib\ext\access-bridge-64.jar;C:\Program Files\Java\jdk1.8.0_211\jre\lib\ext\cldrdata.jar;C:\Program Files\Java\jdk1.8.0_211\jre\lib\ext\dnsns.jar;C:\Program Files\Java\jdk1.8.0_211\jre\lib\ext\jaccess.jar;C:\Program Files\Java\jdk1.8.0_211\jre\lib\ext\jfxrt.jar;C:\Program Files\Java\jdk1.8.0_211\jre\lib\ext\localedata.jar;C:\Program Files\Java\jdk1.8.0_211\jre\lib\ext\nashorn.jar;C:\Program Files\Java\jdk1.8.0_211\jre\lib\ext\sunec.jar;C:\Program Files\Java\jdk1.8.0_211\jre\lib\ext\sunjce_provider.jar;C:\Program Files\Java\jdk1.8.0_211\jre\lib\ext\sunmscapi.jar;C:\Program Files\Java\jdk1.8.0_211\jre\lib\ext\sunpkcs11.jar;C:\Program Files\Java\jdk1.8.0_211\jre\lib\ext\zipfs.jar;C:\Program Files\Java\jdk1.8.0_211\jre\lib\javaws.jar;C:\Program Files\Java\jdk1.8.0_211\jre\lib\jce.jar;C:\Program Files\Java\jdk1.8.0_211\jre\lib\jfr.jar;C:\Program Files\Java\jdk1.8.0_211\jre\lib\jfxswt.jar;C:\Program Files\Java\jdk1.8.0_211\jre\lib\jsse.jar;C:\Program Files\Java\jdk1.8.0_211\jre\lib\management-agent.jar;C:\Program Files\Java\jdk1.8.0_211\jre\lib\plugin.jar;C:\Program Files\Java\jdk1.8.0_211\jre\lib\resources.jar;C:\Program Files\Java\jdk1.8.0_211\jre\lib\rt.jar;C:\GIT\w0422681\PROG2200\Game_02\target\test-classes;C:\GIT\w0422681\PROG2200\Game_02\target\classes;C:\Users\Mason Fraser\.m2\repository\junit\junit\4.11\junit-4.11.jar;C:\Users\Mason Fraser\.m2\repository\org\hamcrest\hamcrest-core\1.3\hamcrest-core-1.3.jar;C:\Users\Mason Fraser\.m2\repository\org\lwjgl\lwjgl\3.1.6\lwjgl-3.1.6.jar;C:\Users\Mason Fraser\.m2\repository\org\lwjgl\lwjgl-glfw\3.1.6\lwjgl-glfw-3.1.6.jar;
Launcher Type: SUN_STANDARD

Environment Variables:
PATH=C:\Program Files (x86)\Common Files\Oracle\Java\javapath;C:\Program Files\AdoptOpenJDK\jdk-8.0.212.03-hotspot\bin;C:\Program Files\AdoptOpenJDK\jre-8.0.212.03-hotspot\bin;C:\WINDOWS\system32;C:\WINDOWS;C:\WINDOWS\System32\Wbem;C:\WINDOWS\System32\WindowsPowerShell\v1.0\;C:\Program Files\PuTTY\;C:\Program Files\Git\cmd;C:\WINDOWS\System32\OpenSSH\;C:\Program Files\nodejs\;C:\Program Files\dotnet\;C:\Program Files\Microsoft SQL Server\130\Tools\Binn\;C:\Program Files\Microsoft SQL Server\Client SDK\ODBC\170\Tools\Binn\;C:\Program Files\mingw-w64\x86_64-8.1.0-posix-seh-rt_v6-rev0\mingw64\bin;C:\Users\Mason Fraser\scoop\shims;C:\Users\Mason Fraser\AppData\Local\Microsoft\WindowsApps;C:\Program Files\JetBrains\PyCharm 2019.1.1\bin;C:\Program Files\JetBrains\CLion 2019.1.2\bin;C:\Users\Mason Fraser\AppData\Local\atom\bin;C:\Program Files\JetBrains\IntelliJ IDEA 2019.1.2\bin;;C:\Users\Mason Fraser\AppData\Local\Microsoft\WindowsApps;C:\Users\Mason Fraser\AppData\Roaming\npm
USERNAME=Mason Fraser
OS=Windows_NT
PROCESSOR_IDENTIFIER=Intel64 Family 6 Model 158 Stepping 10, GenuineIntel



---------------  S Y S T E M  ---------------

OS: Windows 10.0 , 64 bit Build 18362 (10.0.18362.329)

CPU:total 6 (initial active 6) (6 cores per cpu, 1 threads per core) family 6 model 158 stepping 10, cmov, cx8, fxsr, mmx, sse, sse2, sse3, ssse3, sse4.1, sse4.2, popcnt, avx, avx2, aes, clmul, erms, rtm, 3dnowpref, lzcnt, tsc, tscinvbit, bmi1, bmi2, adx

Memory: 4k page, physical 33373608k(23104528k free), swap 38354344k(23546808k free)

vm_info: Java HotSpot(TM) 64-Bit Server VM (25.211-b12) for windows-amd64 JRE (1.8.0_211-b12), built on Apr  1 2019 20:53:26 by "java_re" with MS VC++ 10.0 (VS2010)

time: Tue Oct 15 11:29:02 2019
timezone: Atlantic Daylight Time
elapsed time: 0 seconds (0d 0h 0m 0s)

