#
# A fatal error has been detected by the Java Runtime Environment:
#
#  EXCEPTION_ACCESS_VIOLATION (0xc0000005) at pc=0x00007ffbddd6846d, pid=3140, tid=0x0000000000002dd0
#
# JRE version: Java(TM) SE Runtime Environment (8.0_201-b09) (build 1.8.0_201-b09)
# Java VM: Java HotSpot(TM) 64-Bit Server VM (25.201-b09 mixed mode windows-amd64 compressed oops)
# Problematic frame:
# C  [lwjgl_opengl.dll+0x846d]
#
# Failed to write core dump. Minidumps are not enabled by default on client versions of Windows
#
# If you would like to submit a bug report, please visit:
#   http://bugreport.java.com/bugreport/crash.jsp
# The crash happened outside the Java Virtual Machine in native code.
# See problematic frame for where to report the bug.
#

---------------  T H R E A D  ---------------

Current thread (0x00000000202d2800):  JavaThread "AWT-EventQueue-0" [_thread_in_native, id=11728, stack(0x0000000034650000,0x0000000034750000)]

siginfo: ExceptionCode=0xc0000005, reading address 0x0000000000000f70

Registers:
RAX=0x0000000072698eb0, RBX=0x000000001cb7e888, RCX=0x0000000000000001, RDX=0x000000006050932c
RSP=0x000000003474c848, RBP=0x000000003474c8d0, RSI=0x000000002cec9500, RDI=0x000000002cec9698
R8 =0x0000000000000001, R9 =0x000000006050932c, R10=0x0000000000000000, R11=0x000000007211cd40
R12=0x0000000000000000, R13=0x000000001cb7e888, R14=0x000000003474c900, R15=0x00000000202d2800
RIP=0x00007ffbddd6846d, EFLAGS=0x0000000000010202

Top of Stack: (sp=0x000000003474c848)
0x000000003474c848:   00000000033b8c67 000000001c90c1c3
0x000000003474c858:   000000003474c8a0 000000001c9135b8
0x000000003474c868:   0000000000000000 000000001c90c1e8
0x000000003474c878:   0000000000000000 000000003474c898
0x000000003474c888:   000000003474c8e8 000000003474c890
0x000000003474c898:   0000000000000000 000000003474c900
0x000000003474c8a8:   000000001cb81370 0000000000000000
0x000000003474c8b8:   000000001cb7e888 0000000000000000
0x000000003474c8c8:   000000003474c8f0 000000003474c948
0x000000003474c8d8:   00000000033a835d 000000076beb03c0
0x000000003474c8e8:   00000000033b21d8 000000006050932c
0x000000003474c8f8:   000000076e991d70 0000000000000001
0x000000003474c908:   000000003474c908 000000001cb7e9fc
0x000000003474c918:   000000003474c978 000000001cb81370
0x000000003474c928:   0000000000000000 000000001cb7ea68
0x000000003474c938:   000000003474c8f0 000000003474c980 

Instructions: (pc=0x00007ffbddd6846d)
0x00007ffbddd6844d:   49 ff a2 30 0a 00 00 cc cc cc cc cc cc cc cc cc
0x00007ffbddd6845d:   cc cc cc 48 8b 01 49 8b d1 41 8b c8 4c 8b 50 18
0x00007ffbddd6846d:   49 ff a2 70 0f 00 00 cc cc cc cc cc cc cc cc cc
0x00007ffbddd6847d:   cc cc cc 48 8b 01 48 8b 48 18 48 8b 81 78 1c 00 


Register to memory mapping:

RAX=0x0000000072698eb0 is an unknown value
RBX={method} {0x000000001cb7e890} 'nglGenVertexArrays' '(IJ)V' in 'org/lwjgl/opengl/GL30'
RCX=0x0000000000000001 is an unknown value
RDX=0x000000006050932c is an unknown value
RSP=0x000000003474c848 is pointing into the stack for thread: 0x00000000202d2800
RBP=0x000000003474c8d0 is pointing into the stack for thread: 0x00000000202d2800
RSI=0x000000002cec9500 is pointing into metadata
RDI=0x000000002cec9698 is pointing into metadata
R8 =0x0000000000000001 is an unknown value
R9 =0x000000006050932c is an unknown value
R10=0x0000000000000000 is an unknown value
R11=0x000000007211cd40 is an unknown value
R12=0x0000000000000000 is an unknown value
R13={method} {0x000000001cb7e890} 'nglGenVertexArrays' '(IJ)V' in 'org/lwjgl/opengl/GL30'
R14=0x000000003474c900 is pointing into the stack for thread: 0x00000000202d2800
R15=0x00000000202d2800 is a thread


Stack: [0x0000000034650000,0x0000000034750000],  sp=0x000000003474c848,  free space=1010k
Native frames: (J=compiled Java code, j=interpreted, Vv=VM code, C=native code)
C  [lwjgl_opengl.dll+0x846d]

Java frames: (J=compiled Java code, j=interpreted, Vv=VM code)
j  org.lwjgl.opengl.GL30.nglGenVertexArrays(IJ)V+0
j  org.lwjgl.opengl.GL30.glGenVertexArrays()I+20
j  org.lwjglb.engine.graph.Mesh.<init>([F[F[F[I[I[F)V+46
j  org.lwjglb.engine.graph.Mesh.<init>([F[F[F[I)V+26
j  org.lwjglb.engine.loaders.assimp.StaticMeshesLoader.processMesh(Lorg/lwjgl/assimp/AIMesh;Ljava/util/List;)Lorg/lwjglb/engine/graph/Mesh;+78
j  org.lwjglb.engine.loaders.assimp.StaticMeshesLoader.load(Ljava/lang/String;Ljava/lang/String;I)[Lorg/lwjglb/engine/graph/Mesh;+122
j  org.lwjglb.engine.loaders.assimp.StaticMeshesLoader.load(Ljava/lang/String;Ljava/lang/String;)[Lorg/lwjglb/engine/graph/Mesh;+5
j  org.lwjglb.engine.items.Car.addMeshOnScreen()V+4
j  org.lwjglb.game.GameGUI$3.actionPerformed(Ljava/awt/event/ActionEvent;)V+209
j  javax.swing.AbstractButton.fireActionPerformed(Ljava/awt/event/ActionEvent;)V+83
j  javax.swing.AbstractButton$Handler.actionPerformed(Ljava/awt/event/ActionEvent;)V+5
j  javax.swing.DefaultButtonModel.fireActionPerformed(Ljava/awt/event/ActionEvent;)V+34
j  javax.swing.DefaultButtonModel.setPressed(Z)V+117
j  javax.swing.plaf.basic.BasicButtonListener.mouseReleased(Ljava/awt/event/MouseEvent;)V+35
j  java.awt.Component.processMouseEvent(Ljava/awt/event/MouseEvent;)V+64
j  javax.swing.JComponent.processMouseEvent(Ljava/awt/event/MouseEvent;)V+23
J 1743 C1 java.awt.Component.processEvent(Ljava/awt/AWTEvent;)V (220 bytes) @ 0x00000000038f71e4 [0x00000000038f6cc0+0x524]
J 1657 C1 java.awt.Container.processEvent(Ljava/awt/AWTEvent;)V (22 bytes) @ 0x00000000038a9c8c [0x00000000038a9960+0x32c]
J 1619 C1 java.awt.Component.dispatchEventImpl(Ljava/awt/AWTEvent;)V (921 bytes) @ 0x0000000003889884 [0x0000000003884340+0x5544]
J 1518 C1 java.awt.Container.dispatchEventImpl(Ljava/awt/AWTEvent;)V (129 bytes) @ 0x000000000380de8c [0x000000000380dd40+0x14c]
J 1674 C1 java.awt.LightweightDispatcher.retargetMouseEvent(Ljava/awt/Component;ILjava/awt/event/MouseEvent;)V (372 bytes) @ 0x00000000038c285c [0x00000000038c0040+0x281c]
J 1608 C1 java.awt.LightweightDispatcher.processMouseEvent(Ljava/awt/event/MouseEvent;)Z (286 bytes) @ 0x000000000387789c [0x0000000003876140+0x175c]
J 1621 C1 java.awt.LightweightDispatcher.dispatchEvent(Ljava/awt/AWTEvent;)Z (73 bytes) @ 0x0000000003892cfc [0x00000000038928c0+0x43c]
J 1518 C1 java.awt.Container.dispatchEventImpl(Ljava/awt/AWTEvent;)V (129 bytes) @ 0x000000000380de2c [0x000000000380dd40+0xec]
J 1586 C1 java.awt.Window.dispatchEventImpl(Ljava/awt/AWTEvent;)V (23 bytes) @ 0x0000000003840da4 [0x00000000038407c0+0x5e4]
J 1535 C1 java.awt.EventQueue.dispatchEventImpl(Ljava/awt/AWTEvent;Ljava/lang/Object;)V (149 bytes) @ 0x000000000382a33c [0x0000000003828ac0+0x187c]
J 1533 C1 java.awt.EventQueue$3.run()Ljava/lang/Void; (60 bytes) @ 0x0000000003823f1c [0x0000000003823d00+0x21c]
J 1532 C1 java.awt.EventQueue$3.run()Ljava/lang/Object; (5 bytes) @ 0x000000000382558c [0x0000000003825500+0x8c]
v  ~StubRoutines::call_stub
J 1430  java.security.AccessController.doPrivileged(Ljava/security/PrivilegedAction;Ljava/security/AccessControlContext;)Ljava/lang/Object; (0 bytes) @ 0x00000000037e15a6 [0x00000000037e1540+0x66]
J 1651 C1 java.awt.EventQueue$4.run()Ljava/lang/Object; (5 bytes) @ 0x00000000038ac434 [0x00000000038ac000+0x434]
v  ~StubRoutines::call_stub
J 1430  java.security.AccessController.doPrivileged(Ljava/security/PrivilegedAction;Ljava/security/AccessControlContext;)Ljava/lang/Object; (0 bytes) @ 0x00000000037e15a6 [0x00000000037e1540+0x66]
J 1475 C1 java.awt.EventQueue.dispatchEvent(Ljava/awt/AWTEvent;)V (80 bytes) @ 0x00000000037f44fc [0x00000000037f3640+0xebc]
J 1477 C1 java.awt.EventDispatchThread.pumpOneEventForFilters(I)V (190 bytes) @ 0x00000000037f6c5c [0x00000000037f5b00+0x115c]
j  java.awt.EventDispatchThread.pumpEventsForFilter(ILjava/awt/Conditional;Ljava/awt/EventFilter;)V+35
j  java.awt.EventDispatchThread.pumpEventsForHierarchy(ILjava/awt/Conditional;Ljava/awt/Component;)V+11
j  java.awt.EventDispatchThread.pumpEvents(ILjava/awt/Conditional;)V+4
j  java.awt.EventDispatchThread.pumpEvents(Ljava/awt/Conditional;)V+3
j  java.awt.EventDispatchThread.run()V+9
v  ~StubRoutines::call_stub

---------------  P R O C E S S  ---------------

Java Threads: ( => current thread )
  0x00000000202d1000 JavaThread "Thread-11" [_thread_blocked, id=6908, stack(0x0000000034e60000,0x0000000034f60000)]
  0x00000000202d5000 JavaThread "TimerQueue" daemon [_thread_blocked, id=1148, stack(0x0000000034c60000,0x0000000034d60000)]
  0x00000000202d4000 JavaThread "D3D Screen Updater" daemon [_thread_blocked, id=14276, stack(0x0000000034a50000,0x0000000034b50000)]
  0x00000000202d3800 JavaThread "DestroyJavaVM" [_thread_blocked, id=1772, stack(0x0000000003030000,0x0000000003130000)]
=>0x00000000202d2800 JavaThread "AWT-EventQueue-0" [_thread_in_native, id=11728, stack(0x0000000034650000,0x0000000034750000)]
  0x0000000020326800 JavaThread "AWT-Windows" daemon [_thread_in_native, id=14120, stack(0x0000000031080000,0x0000000031180000)]
  0x0000000020326000 JavaThread "AWT-Shutdown" [_thread_blocked, id=8152, stack(0x0000000030f80000,0x0000000031080000)]
  0x000000002031b800 JavaThread "Java2D Disposer" daemon [_thread_blocked, id=13164, stack(0x0000000030e80000,0x0000000030f80000)]
  0x0000000020188800 JavaThread "Thread-7" [_thread_blocked, id=6336, stack(0x000000002e960000,0x000000002ea60000)]
  0x0000000020187800 JavaThread "Thread-5" [_thread_blocked, id=7592, stack(0x000000002e760000,0x000000002e860000)]
  0x0000000020187000 JavaThread "Thread-3" [_thread_blocked, id=5760, stack(0x000000002d560000,0x000000002d660000)]
  0x0000000020029800 JavaThread "Thread-2" [_thread_blocked, id=10972, stack(0x000000002d460000,0x000000002d560000)]
  0x000000001ef9b800 JavaThread "GAME_LOOP_THREAD" [_thread_in_native, id=9796, stack(0x0000000020410000,0x0000000020510000)]
  0x000000001ee03000 JavaThread "Service Thread" daemon [_thread_blocked, id=2184, stack(0x000000001fa10000,0x000000001fb10000)]
  0x000000001edd5800 JavaThread "C1 CompilerThread3" daemon [_thread_blocked, id=10748, stack(0x000000001f910000,0x000000001fa10000)]
  0x000000001edb4000 JavaThread "C2 CompilerThread2" daemon [_thread_blocked, id=12480, stack(0x000000001f810000,0x000000001f910000)]
  0x000000001ed6e800 JavaThread "C2 CompilerThread1" daemon [_thread_blocked, id=2776, stack(0x000000001f710000,0x000000001f810000)]
  0x000000001ed67800 JavaThread "C2 CompilerThread0" daemon [_thread_blocked, id=4928, stack(0x000000001f610000,0x000000001f710000)]
  0x000000001ed66000 JavaThread "Monitor Ctrl-Break" daemon [_thread_in_native, id=11060, stack(0x000000001f510000,0x000000001f610000)]
  0x000000001ec42800 JavaThread "Attach Listener" daemon [_thread_blocked, id=13720, stack(0x000000001f410000,0x000000001f510000)]
  0x000000001ec41000 JavaThread "Signal Dispatcher" daemon [_thread_blocked, id=6168, stack(0x000000001f310000,0x000000001f410000)]
  0x000000000339a000 JavaThread "Finalizer" daemon [_thread_blocked, id=10684, stack(0x000000001f110000,0x000000001f210000)]
  0x000000001ec30800 JavaThread "Reference Handler" daemon [_thread_blocked, id=8972, stack(0x000000001f010000,0x000000001f110000)]

Other Threads:
  0x000000001ce39800 VMThread [stack: 0x000000001eb10000,0x000000001ec10000] [id=11408]
  0x000000001ee61800 WatcherThread [stack: 0x000000001fb10000,0x000000001fc10000] [id=6816]

VM state:not at safepoint (normal execution)

VM Mutex/Monitor currently owned by a thread: None

heap address: 0x00000006c0e00000, size: 4082 MB, Compressed Oops mode: Zero based, Oop shift amount: 3
Narrow klass base: 0x0000000000000000, Narrow klass shift: 3
Compressed class space size: 1073741824 Address: 0x00000007c0000000

Heap:
 PSYoungGen      total 76288K, used 60740K [0x000000076af80000, 0x0000000770480000, 0x00000007c0000000)
  eden space 65536K, 92% used [0x000000076af80000,0x000000076ead1088,0x000000076ef80000)
  from space 10752K, 0% used [0x000000076fa00000,0x000000076fa00000,0x0000000770480000)
  to   space 10752K, 0% used [0x000000076ef80000,0x000000076ef80000,0x000000076fa00000)
 ParOldGen       total 175104K, used 0K [0x00000006c0e00000, 0x00000006cb900000, 0x000000076af80000)
  object space 175104K, 0% used [0x00000006c0e00000,0x00000006c0e00000,0x00000006cb900000)
 Metaspace       used 18685K, capacity 19023K, committed 19456K, reserved 1067008K
  class space    used 1857K, capacity 1971K, committed 2048K, reserved 1048576K

Card table byte_map: [0x0000000012760000,0x0000000012f60000] byte_map_base: 0x000000000f159000

Marking Bits: (ParMarkBitMap*) 0x0000000072714ce0
 Begin Bits: [0x0000000013cc0000, 0x0000000017c88000)
 End Bits:   [0x0000000017c88000, 0x000000001bc50000)

Polling page: 0x0000000001370000

CodeCache: size=245760Kb used=5697Kb max_used=5697Kb free=240063Kb
 bounds [0x00000000033a0000, 0x0000000003940000, 0x00000000123a0000]
 total_blobs=2928 nmethods=1834 adapters=1006
 compilation: enabled

Compilation events (10 events):
Event: 7.935 Thread 0x000000001edd5800 1830       3       javax.swing.JComponent::getGraphics (33 bytes)
Event: 7.936 Thread 0x000000001edd5800 nmethod 1830 0x0000000003932550 code [0x0000000003932700, 0x0000000003932ad8]
Event: 7.936 Thread 0x000000001edd5800 1831       1       sun.awt.windows.WObjectPeer::isDisposed (5 bytes)
Event: 7.936 Thread 0x000000001edd5800 nmethod 1831 0x0000000003932c50 code [0x0000000003932da0, 0x0000000003932eb0]
Event: 7.936 Thread 0x000000001edd5800 1832       3       java.awt.Component::getBounds (5 bytes)
Event: 7.936 Thread 0x000000001edd5800 nmethod 1832 0x0000000003932f10 code [0x00000000039330a0, 0x00000000039334d0]
Event: 7.936 Thread 0x000000001edd5800 1833       3       java.awt.Component::bounds (24 bytes)
Event: 7.936 Thread 0x000000001edd5800 nmethod 1833 0x00000000039336d0 code [0x0000000003933840, 0x0000000003933b90]
Event: 7.936 Thread 0x000000001edd5800 1834       1       javax.swing.DefaultBoundedRangeModel::getValue (5 bytes)
Event: 7.936 Thread 0x000000001edd5800 nmethod 1834 0x0000000003933d50 code [0x0000000003933ea0, 0x0000000003933fb0]

GC Heap History (0 events):
No events

Deoptimization events (10 events):
Event: 3.137 Thread 0x00000000032a3800 Uncommon trap: reason=unstable_if action=reinterpret pc=0x00000000036d68fc method=java.lang.ThreadLocal$ThreadLocalMap.getEntry(Ljava/lang/ThreadLocal;)Ljava/lang/ThreadLocal$ThreadLocalMap$Entry; @ 21
Event: 3.278 Thread 0x00000000032a3800 Uncommon trap: reason=unstable_if action=reinterpret pc=0x0000000003685e98 method=java.lang.AbstractStringBuilder.append(Ljava/lang/String;)Ljava/lang/AbstractStringBuilder; @ 1
Event: 3.278 Thread 0x00000000032a3800 Uncommon trap: reason=unstable_if action=reinterpret pc=0x0000000003654cd0 method=java.lang.AbstractStringBuilder.append(Ljava/lang/String;)Ljava/lang/AbstractStringBuilder; @ 1
Event: 3.280 Thread 0x00000000032a3800 Uncommon trap: reason=unstable_if action=reinterpret pc=0x000000000370d1a8 method=java.util.HashMap.hash(Ljava/lang/Object;)I @ 1
Event: 3.364 Thread 0x00000000032a3800 Uncommon trap: reason=class_check action=maybe_recompile pc=0x00000000035720b4 method=java.lang.String.equals(Ljava/lang/Object;)Z @ 8
Event: 3.365 Thread 0x00000000032a3800 Uncommon trap: reason=class_check action=maybe_recompile pc=0x00000000035720b4 method=java.lang.String.equals(Ljava/lang/Object;)Z @ 8
Event: 3.376 Thread 0x00000000032a3800 Uncommon trap: reason=class_check action=maybe_recompile pc=0x00000000035720b4 method=java.lang.String.equals(Ljava/lang/Object;)Z @ 8
Event: 3.376 Thread 0x00000000032a3800 Uncommon trap: reason=class_check action=maybe_recompile pc=0x00000000035720b4 method=java.lang.String.equals(Ljava/lang/Object;)Z @ 8
Event: 6.293 Thread 0x00000000202d2800 Uncommon trap: reason=unstable_if action=reinterpret pc=0x00000000037efad8 method=java.awt.Component.inside(II)Z @ 9
Event: 7.158 Thread 0x0000000020187000 Uncommon trap: reason=unstable_if action=reinterpret pc=0x00000000037db90c method=org.lwjglb.engine.items.GameItem.move()V @ 51

Classes redefined (0 events):
No events

Internal exceptions (10 events):
Event: 0.192 Thread 0x000000001ef9b800 Exception <a 'java/security/PrivilegedActionException'> (0x000000076b988828) thrown at [C:\re\workspace\8-2-build-windows-amd64-cygwin\jdk8u201\12322\hotspot\src\share\vm\prims\jvm.cpp, line 1502]
Event: 0.198 Thread 0x000000001ef9b800 Implicit null exception at 0x000000000353321b to 0x000000000353340d
Event: 0.873 Thread 0x000000001ef9b800 Exception <a 'sun/nio/fs/WindowsException'> (0x000000076bc77160) thrown at [C:\re\workspace\8-2-build-windows-amd64-cygwin\jdk8u201\12322\hotspot\src\share\vm\prims\jni.cpp, line 709]
Event: 0.873 Thread 0x000000001ef9b800 Exception <a 'sun/nio/fs/WindowsException'> (0x000000076bc78b60) thrown at [C:\re\workspace\8-2-build-windows-amd64-cygwin\jdk8u201\12322\hotspot\src\share\vm\prims\jni.cpp, line 709]
Event: 3.131 Thread 0x00000000032a3800 Exception <a 'java/io/FileNotFoundException'> (0x000000076b567100) thrown at [C:\re\workspace\8-2-build-windows-amd64-cygwin\jdk8u201\12322\hotspot\src\share\vm\prims\jni.cpp, line 709]
Event: 3.137 Thread 0x00000000032a3800 Implicit null exception at 0x00000000036d684c to 0x00000000036d68dd
Event: 3.145 Thread 0x00000000032a3800 Exception <a 'java/io/FileNotFoundException'> (0x000000076d688a58) thrown at [C:\re\workspace\8-2-build-windows-amd64-cygwin\jdk8u201\12322\hotspot\src\share\vm\prims\jni.cpp, line 709]
Event: 3.278 Thread 0x00000000032a3800 Implicit null exception at 0x0000000003685ad6 to 0x0000000003685e81
Event: 3.278 Thread 0x00000000032a3800 Implicit null exception at 0x0000000003654916 to 0x0000000003654cb9
Event: 3.280 Thread 0x00000000032a3800 Implicit null exception at 0x000000000370cf55 to 0x000000000370d199

Events (10 events):
Event: 6.293 Thread 0x00000000202d2800 Uncommon trap: trap_request=0xffffff65 fr.pc=0x00000000037efad8
Event: 6.293 Thread 0x00000000202d2800 DEOPT PACKING pc=0x00000000037efad8 sp=0x000000003474ded0
Event: 6.293 Thread 0x00000000202d2800 DEOPT UNPACKING pc=0x00000000033e583b sp=0x000000003474dd80 mode 2
Event: 6.699 loading class javax/swing/JSpinner$DateEditor
Event: 6.699 loading class javax/swing/JSpinner$DateEditor done
Event: 6.699 loading class java/text/ParsePosition
Event: 6.699 loading class java/text/ParsePosition done
Event: 7.158 Thread 0x0000000020187000 Uncommon trap: trap_request=0xffffff65 fr.pc=0x00000000037db90c
Event: 7.158 Thread 0x0000000020187000 DEOPT PACKING pc=0x00000000037db90c sp=0x000000002d65f260
Event: 7.158 Thread 0x0000000020187000 DEOPT UNPACKING pc=0x00000000033e583b sp=0x000000002d65f208 mode 2


Dynamic libraries:
0x00007ff7b3a50000 - 0x00007ff7b3a87000 	C:\Program Files\Java\jdk1.8.0_201\bin\java.exe
0x00007ffbf7510000 - 0x00007ffbf76fd000 	C:\WINDOWS\SYSTEM32\ntdll.dll
0x00007ffbf6ad0000 - 0x00007ffbf6b83000 	C:\WINDOWS\System32\KERNEL32.DLL
0x00007ffbf3ab0000 - 0x00007ffbf3d43000 	C:\WINDOWS\System32\KERNELBASE.dll
0x00007ffbf65a0000 - 0x00007ffbf6643000 	C:\WINDOWS\System32\ADVAPI32.dll
0x00007ffbf4d80000 - 0x00007ffbf4e1e000 	C:\WINDOWS\System32\msvcrt.dll
0x00007ffbf73d0000 - 0x00007ffbf746e000 	C:\WINDOWS\System32\sechost.dll
0x00007ffbf49d0000 - 0x00007ffbf4af2000 	C:\WINDOWS\System32\RPCRT4.dll
0x00007ffbf6f50000 - 0x00007ffbf70e7000 	C:\WINDOWS\System32\USER32.dll
0x00007ffbf35e0000 - 0x00007ffbf3600000 	C:\WINDOWS\System32\win32u.dll
0x00007ffbf7260000 - 0x00007ffbf7289000 	C:\WINDOWS\System32\GDI32.dll
0x00007ffbf3d80000 - 0x00007ffbf3f1a000 	C:\WINDOWS\System32\gdi32full.dll
0x00007ffbf3a10000 - 0x00007ffbf3ab0000 	C:\WINDOWS\System32\msvcp_win.dll
0x00007ffbf3680000 - 0x00007ffbf377c000 	C:\WINDOWS\System32\ucrtbase.dll
0x00007ffbe7410000 - 0x00007ffbe7689000 	C:\WINDOWS\WinSxS\amd64_microsoft.windows.common-controls_6595b64144ccf1df_6.0.17763.316_none_05b53be2071f46b6\COMCTL32.dll
0x00007ffbf6b90000 - 0x00007ffbf6ebd000 	C:\WINDOWS\System32\combase.dll
0x00007ffbf3f70000 - 0x00007ffbf3fee000 	C:\WINDOWS\System32\bcryptPrimitives.dll
0x00007ffbf4be0000 - 0x00007ffbf4c0e000 	C:\WINDOWS\System32\IMM32.DLL
0x00000000727a0000 - 0x0000000072871000 	C:\Program Files\Java\jdk1.8.0_201\jre\bin\msvcr100.dll
0x0000000071ef0000 - 0x0000000072794000 	C:\Program Files\Java\jdk1.8.0_201\jre\bin\server\jvm.dll
0x00007ffbf74d0000 - 0x00007ffbf74d8000 	C:\WINDOWS\System32\PSAPI.DLL
0x00007ffbb9450000 - 0x00007ffbb9459000 	C:\WINDOWS\SYSTEM32\WSOCK32.dll
0x00007ffbedd80000 - 0x00007ffbedd8a000 	C:\WINDOWS\SYSTEM32\VERSION.dll
0x00007ffbf00c0000 - 0x00007ffbf00e4000 	C:\WINDOWS\SYSTEM32\WINMM.dll
0x00007ffbf6ee0000 - 0x00007ffbf6f4d000 	C:\WINDOWS\System32\WS2_32.dll
0x00007ffbf0090000 - 0x00007ffbf00bd000 	C:\WINDOWS\SYSTEM32\WINMMBASE.dll
0x00007ffbf3f20000 - 0x00007ffbf3f6a000 	C:\WINDOWS\System32\cfgmgr32.dll
0x00007ffbe6e10000 - 0x00007ffbe6e1f000 	C:\Program Files\Java\jdk1.8.0_201\jre\bin\verify.dll
0x00007ffbe6630000 - 0x00007ffbe6659000 	C:\Program Files\Java\jdk1.8.0_201\jre\bin\java.dll
0x00007ffbe9c00000 - 0x00007ffbe9c23000 	C:\Program Files\Java\jdk1.8.0_201\jre\bin\instrument.dll
0x00007ffbe6610000 - 0x00007ffbe6626000 	C:\Program Files\Java\jdk1.8.0_201\jre\bin\zip.dll
0x00007ffbf4e20000 - 0x00007ffbf630f000 	C:\WINDOWS\System32\SHELL32.dll
0x00007ffbf4cd0000 - 0x00007ffbf4d78000 	C:\WINDOWS\System32\shcore.dll
0x00007ffbf3ff0000 - 0x00007ffbf473a000 	C:\WINDOWS\System32\windows.storage.dll
0x00007ffbf3530000 - 0x00007ffbf3554000 	C:\WINDOWS\System32\profapi.dll
0x00007ffbf3580000 - 0x00007ffbf35dd000 	C:\WINDOWS\System32\powrprof.dll
0x00007ffbf7290000 - 0x00007ffbf72e2000 	C:\WINDOWS\System32\shlwapi.dll
0x00007ffbf3510000 - 0x00007ffbf3521000 	C:\WINDOWS\System32\kernel.appcore.dll
0x00007ffbf3660000 - 0x00007ffbf3677000 	C:\WINDOWS\System32\cryptsp.dll
0x00007ffbefa80000 - 0x00007ffbefa9a000 	C:\Program Files\JetBrains\IntelliJ IDEA 2018.3.4\bin\breakgen64.dll
0x00007ffbe65f0000 - 0x00007ffbe660a000 	C:\Program Files\Java\jdk1.8.0_201\jre\bin\net.dll
0x00007ffbeb0d0000 - 0x00007ffbeb2a7000 	C:\WINDOWS\SYSTEM32\urlmon.dll
0x00007ffbe9fe0000 - 0x00007ffbea288000 	C:\WINDOWS\SYSTEM32\iertutil.dll
0x00007ffbf2f70000 - 0x00007ffbf2f7c000 	C:\WINDOWS\SYSTEM32\CRYPTBASE.DLL
0x00007ffbf2da0000 - 0x00007ffbf2e07000 	C:\WINDOWS\system32\mswsock.dll
0x00007ffbe65d0000 - 0x00007ffbe65e1000 	C:\Program Files\Java\jdk1.8.0_201\jre\bin\nio.dll
0x00007ffbe5280000 - 0x00007ffbe52db000 	C:\Users\Mason\AppData\Local\Temp\lwjglMason\3.1.6-build-14\lwjgl.dll
0x00007ffbe5050000 - 0x00007ffbe50a1000 	C:\Users\Mason\AppData\Local\Temp\lwjglMason\3.1.6-build-14\glfw.dll
0x00007ffbf18f0000 - 0x00007ffbf198c000 	C:\WINDOWS\system32\uxtheme.dll
0x00007ffbe5000000 - 0x00007ffbe5044000 	C:\WINDOWS\SYSTEM32\dinput8.dll
0x00007ffbef240000 - 0x00007ffbef251000 	C:\WINDOWS\SYSTEM32\xinput1_4.dll
0x00007ffbf3320000 - 0x00007ffbf3349000 	C:\WINDOWS\SYSTEM32\DEVOBJ.dll
0x00007ffbf1c30000 - 0x00007ffbf1c5e000 	C:\WINDOWS\SYSTEM32\dwmapi.dll
0x00007ffbf3830000 - 0x00007ffbf3a0b000 	C:\WINDOWS\System32\CRYPT32.dll
0x00007ffbf3560000 - 0x00007ffbf3572000 	C:\WINDOWS\System32\MSASN1.dll
0x00007ffbe9840000 - 0x00007ffbe990c000 	C:\WINDOWS\SYSTEM32\inputhost.dll
0x00007ffbf0af0000 - 0x00007ffbf10ae000 	C:\WINDOWS\SYSTEM32\d2d1.dll
0x00007ffbf15f0000 - 0x00007ffbf16d2000 	C:\WINDOWS\SYSTEM32\CoreMessaging.dll
0x00007ffbf1d10000 - 0x00007ffbf1f1d000 	C:\WINDOWS\SYSTEM32\twinapi.appcore.dll
0x00007ffbf0870000 - 0x00007ffbf0aee000 	C:\WINDOWS\SYSTEM32\d3d11.dll
0x00007ffbef2c0000 - 0x00007ffbef5e2000 	C:\WINDOWS\SYSTEM32\CoreUIComponents.dll
0x00007ffbefaf0000 - 0x00007ffbefc98000 	C:\WINDOWS\SYSTEM32\PROPSYS.dll
0x00007ffbef0e0000 - 0x00007ffbef233000 	C:\WINDOWS\SYSTEM32\wintypes.dll
0x00007ffbf1f20000 - 0x00007ffbf1f48000 	C:\WINDOWS\SYSTEM32\RMCLIENT.dll
0x00007ffbf22a0000 - 0x00007ffbf2362000 	C:\WINDOWS\SYSTEM32\dxgi.dll
0x00007ffbf4b00000 - 0x00007ffbf4bcb000 	C:\WINDOWS\System32\OLEAUT32.dll
0x00007ffbf25e0000 - 0x00007ffbf2611000 	C:\WINDOWS\SYSTEM32\ntmarta.dll
0x00007ffbf70f0000 - 0x00007ffbf725a000 	C:\WINDOWS\System32\MSCTF.dll
0x00007ffbf2210000 - 0x00007ffbf221e000 	C:\WINDOWS\SYSTEM32\HID.DLL
0x00007ffbf6650000 - 0x00007ffbf6ac5000 	C:\WINDOWS\System32\SETUPAPI.DLL
0x00007ffbf3d50000 - 0x00007ffbf3d76000 	C:\WINDOWS\System32\bcrypt.dll
0x00007ffbf3600000 - 0x00007ffbf3658000 	C:\WINDOWS\System32\WINTRUST.dll
0x00007ffbb4eb0000 - 0x00007ffbb4fd7000 	C:\WINDOWS\SYSTEM32\opengl32.dll
0x00007ffbcf4b0000 - 0x00007ffbcf4dc000 	C:\WINDOWS\SYSTEM32\GLU32.dll
0x000000006f820000 - 0x0000000071ee2000 	C:\WINDOWS\System32\DriverStore\FileRepository\nv_dispi.inf_amd64_21a764822be8dff8\nvoglv64.dll
0x00007ffbf4870000 - 0x00007ffbf49c5000 	C:\WINDOWS\System32\ole32.dll
0x00007ffbefe10000 - 0x00007ffbefe23000 	C:\WINDOWS\SYSTEM32\WTSAPI32.dll
0x00007ffbf2650000 - 0x00007ffbf26a8000 	C:\WINDOWS\SYSTEM32\WINSTA.dll
0x00007ffbe9910000 - 0x00007ffbe99a5000 	C:\WINDOWS\System32\TextInputFramework.dll
0x00007ffbddd60000 - 0x00007ffbdddbf000 	C:\Users\Mason\AppData\Local\Temp\lwjglMason\3.1.6-build-14\lwjgl_opengl.dll
0x00007ffbbc200000 - 0x00007ffbbc755000 	C:\Users\Mason\AppData\Local\Temp\lwjglMason\3.1.6-build-14\assimp.dll
0x00007ffbdd210000 - 0x00007ffbdd28e000 	C:\Users\Mason\AppData\Local\Temp\lwjglMason\3.1.6-build-14\lwjgl_stb.dll
0x00007ffbd4d10000 - 0x00007ffbd4ea9000 	C:\Program Files\Java\jdk1.8.0_201\jre\bin\awt.dll
0x00007ffbf1800000 - 0x00007ffbf188c000 	C:\WINDOWS\SYSTEM32\apphelp.dll
0x00007ffbe47f0000 - 0x00007ffbe498e000 	C:\WINDOWS\system32\d3d9.dll
0x00007ffbedd90000 - 0x00007ffbede7e000 	C:\WINDOWS\System32\DriverStore\FileRepository\nv_dispi.inf_amd64_21a764822be8dff8\nvldumdx.dll
0x00007ffbf6ec0000 - 0x00007ffbf6edd000 	C:\WINDOWS\System32\imagehlp.dll
0x00007ffbf2960000 - 0x00007ffbf2993000 	C:\WINDOWS\system32\rsaenh.dll
0x00007ffbb98c0000 - 0x00007ffbbacfc000 	C:\WINDOWS\System32\DriverStore\FileRepository\nv_dispi.inf_amd64_21a764822be8dff8\nvd3dumx.dll
0x00007ffbf2220000 - 0x00007ffbf2242000 	C:\WINDOWS\SYSTEM32\gpapi.dll
0x00007ffbeb5d0000 - 0x00007ffbeb5ff000 	C:\WINDOWS\SYSTEM32\cryptnet.dll
0x00007ffbf0310000 - 0x00007ffbf0357000 	C:\Program Files\Java\jdk1.8.0_201\jre\bin\fontmanager.dll
0x00007ffbe4790000 - 0x00007ffbe47d2000 	C:\Program Files\Java\jdk1.8.0_201\jre\bin\t2k.dll
0x00007ffbf4c10000 - 0x00007ffbf4cb2000 	C:\WINDOWS\System32\clbcatq.dll
0x00007ffbeef20000 - 0x00007ffbef0d8000 	C:\WINDOWS\SYSTEM32\WindowsCodecs.dll
0x00007ffbc8470000 - 0x00007ffbc84c6000 	C:\WINDOWS\system32\dataexchange.dll
0x00007ffbf10b0000 - 0x00007ffbf1273000 	C:\WINDOWS\system32\dcomp.dll
0x00007ffbdfba0000 - 0x00007ffbdfd8d000 	C:\WINDOWS\SYSTEM32\dbghelp.dll

VM Arguments:
jvm_args: -javaagent:C:\Program Files\JetBrains\IntelliJ IDEA 2018.3.4\lib\idea_rt.jar=50823:C:\Program Files\JetBrains\IntelliJ IDEA 2018.3.4\bin -Dfile.encoding=UTF-8 
java_command: org.lwjglb.game.Main
java_class_path (initial): C:\Program Files\Java\jdk1.8.0_201\jre\lib\charsets.jar;C:\Program Files\Java\jdk1.8.0_201\jre\lib\deploy.jar;C:\Program Files\Java\jdk1.8.0_201\jre\lib\ext\access-bridge-64.jar;C:\Program Files\Java\jdk1.8.0_201\jre\lib\ext\cldrdata.jar;C:\Program Files\Java\jdk1.8.0_201\jre\lib\ext\dnsns.jar;C:\Program Files\Java\jdk1.8.0_201\jre\lib\ext\jaccess.jar;C:\Program Files\Java\jdk1.8.0_201\jre\lib\ext\jfxrt.jar;C:\Program Files\Java\jdk1.8.0_201\jre\lib\ext\localedata.jar;C:\Program Files\Java\jdk1.8.0_201\jre\lib\ext\nashorn.jar;C:\Program Files\Java\jdk1.8.0_201\jre\lib\ext\sunec.jar;C:\Program Files\Java\jdk1.8.0_201\jre\lib\ext\sunjce_provider.jar;C:\Program Files\Java\jdk1.8.0_201\jre\lib\ext\sunmscapi.jar;C:\Program Files\Java\jdk1.8.0_201\jre\lib\ext\sunpkcs11.jar;C:\Program Files\Java\jdk1.8.0_201\jre\lib\ext\zipfs.jar;C:\Program Files\Java\jdk1.8.0_201\jre\lib\javaws.jar;C:\Program Files\Java\jdk1.8.0_201\jre\lib\jce.jar;C:\Program Files\Java\jdk1.8.0_201\jre\lib\jfr.jar;C:\Program Files\Java\jdk1.8.0_201\jre\lib\jfxswt.jar;C:\Program Files\Java\jdk1.8.0_201\jre\lib\jsse.jar;C:\Program Files\Java\jdk1.8.0_201\jre\lib\management-agent.jar;C:\Program Files\Java\jdk1.8.0_201\jre\lib\plugin.jar;C:\Program Files\Java\jdk1.8.0_201\jre\lib\resources.jar;C:\Program Files\Java\jdk1.8.0_201\jre\lib\rt.jar;C:\GIT\w0422681\PROG1400\Game_03\target\classes;C:\Users\Mason\.m2\repository\org\lwjgl\lwjgl\3.1.6\lwjgl-3.1.6.jar;C:\Users\Mason\.m2\repository\org\lwjgl\lwjgl-glfw\3.1.6\lwjgl-glfw-3.1.6.jar;C:\Users\Mason\.m2\repository\org\lwjgl\lwjgl-opengl\3.1.6\lwjgl-opengl-3.1.6.jar;C:\Users\Mason\.m2\repository\org\lwjgl\lwjgl-openal\3.1.6\lwjgl-openal-3.1.6.jar;C:\Users\Mason\.m2\repository\org\lwjgl\lwjgl-stb\3.1.6\lwjgl-stb-3.1.6.jar;C:\Users\Mason\.m2\repository\org\lwjgl\lwjgl-nanovg\3.1.6\lwjgl-nanovg-3.1.6.jar;C:\Users\Mason\.m2\repository\org\lwjgl\lwjgl-assimp\3.1.6\lwjgl-assimp-3.1.6.jar;C:\Users\Mason\.m2\repository\org\joml\joml\1.9.9\j
Launcher Type: SUN_STANDARD

Environment Variables:
CLASSPATH=.;C:\Program Files (x86)\QuickTime\QTSystem\QTJava.zip
PATH=C:\Program Files (x86)\Common Files\Oracle\Java\javapath;C:\Program Files (x86)\Intel\Intel(R) Management Engine Components\iCLS\;C:\Program Files\Intel\Intel(R) Management Engine Components\iCLS\;C:\Windows\system32;C:\Windows;C:\Windows\System32\Wbem;C:\Windows\System32\WindowsPowerShell\v1.0\;C:\Windows\System32\OpenSSH\;C:\Program Files (x86)\NVIDIA Corporation\PhysX\Common;C:\Program Files (x86)\Intel\Intel(R) Management Engine Components\DAL;C:\Program Files\Intel\Intel(R) Management Engine Components\DAL;C:\Program Files (x86)\WiX Toolset v3.11\bin;C:\WINDOWS\system32;C:\WINDOWS;C:\WINDOWS\System32\Wbem;C:\WINDOWS\System32\WindowsPowerShell\v1.0\;C:\WINDOWS\System32\OpenSSH\;C:\Program Files\Git\cmd;C:\Program Files (x86)\QuickTime\QTSystem\;C:\Users\Mason\AppData\Local\Microsoft\WindowsApps;
USERNAME=Mason
OS=Windows_NT
PROCESSOR_IDENTIFIER=Intel64 Family 6 Model 158 Stepping 9, GenuineIntel



---------------  S Y S T E M  ---------------

OS: Windows 10.0 , 64 bit Build 17763 (10.0.17763.292)

CPU:total 8 (initial active 8) (4 cores per cpu, 2 threads per core) family 6 model 158 stepping 9, cmov, cx8, fxsr, mmx, sse, sse2, sse3, ssse3, sse4.1, sse4.2, popcnt, avx, avx2, aes, clmul, erms, rtm, 3dnowpref, lzcnt, ht, tsc, tscinvbit, bmi1, bmi2, adx

Memory: 4k page, physical 16714460k(9402756k free), swap 33491676k(21647536k free)

vm_info: Java HotSpot(TM) 64-Bit Server VM (25.201-b09) for windows-amd64 JRE (1.8.0_201-b09), built on Dec 15 2018 18:36:39 by "java_re" with MS VC++ 10.0 (VS2010)

time: Fri Mar 01 13:43:10 2019
timezone: Atlantic Standard Time
elapsed time: 8 seconds (0d 0h 0m 8s)

