#
# A fatal error has been detected by the Java Runtime Environment:
#
#  EXCEPTION_ACCESS_VIOLATION (0xc0000005) at pc=0x00007ffbcf4a846d, pid=5764, tid=0x0000000000002aa8
#
# JRE version: Java(TM) SE Runtime Environment (8.0_201-b09) (build 1.8.0_201-b09)
# Java VM: Java HotSpot(TM) 64-Bit Server VM (25.201-b09 mixed mode windows-amd64 compressed oops)
# Problematic frame:
# C  [CoreMessaging.dll+0x846d]
#
# Failed to write core dump. Minidumps are not enabled by default on client versions of Windows
#
# If you would like to submit a bug report, please visit:
#   http://bugreport.java.com/bugreport/crash.jsp
# The crash happened outside the Java Virtual Machine in native code.
# See problematic frame for where to report the bug.
#

---------------  T H R E A D  ---------------

Current thread (0x000000001f784000):  JavaThread "AWT-EventQueue-0" [_thread_in_native, id=10920, stack(0x0000000039d80000,0x0000000039e80000)]

siginfo: ExceptionCode=0xc0000005, reading address 0x0000000000000f70

Registers:
RAX=0x0000000072668eb0, RBX=0x000000001c141a80, RCX=0x0000000000000001, RDX=0x000000001e406c8c
RSP=0x0000000039e7c5f8, RBP=0x0000000039e7c680, RSI=0x000000002d400fe0, RDI=0x000000002d400e40
R8 =0x0000000000000001, R9 =0x000000001e406c8c, R10=0x0000000000000000, R11=0x00000000720ecd40
R12=0x0000000000000000, R13=0x000000001c141a80, R14=0x0000000039e7c6b0, R15=0x000000001f784000
RIP=0x00007ffbcf4a846d, EFLAGS=0x0000000000010202

Top of Stack: (sp=0x0000000039e7c5f8)
0x0000000039e7c5f8:   0000000002978c67 000000001becc1c3
0x0000000039e7c608:   0000000039e7c650 000000001bed35b8
0x0000000039e7c618:   0000000000000000 000000001becc1e8
0x0000000039e7c628:   0000000000000000 0000000039e7c648
0x0000000039e7c638:   0000000039e7c698 0000000039e7c640
0x0000000039e7c648:   0000000000000000 0000000039e7c6b0
0x0000000039e7c658:   000000001c145428 0000000000000000
0x0000000039e7c668:   000000001c141a80 0000000000000000
0x0000000039e7c678:   0000000039e7c6a0 0000000039e7c6f8
0x0000000039e7c688:   000000000296835d 000000076beb03c0
0x0000000039e7c698:   00000000029721d8 000000001e406c8c
0x0000000039e7c6a8:   000000076e673420 0000000000000001
0x0000000039e7c6b8:   0000000039e7c6b8 000000001c141bf4
0x0000000039e7c6c8:   0000000039e7c728 000000001c145428
0x0000000039e7c6d8:   0000000000000000 000000001c141c60
0x0000000039e7c6e8:   0000000039e7c6a0 0000000039e7c730 

Instructions: (pc=0x00007ffbcf4a846d)
0x00007ffbcf4a844d:   49 ff a2 30 0a 00 00 cc cc cc cc cc cc cc cc cc
0x00007ffbcf4a845d:   cc cc cc 48 8b 01 49 8b d1 41 8b c8 4c 8b 50 18
0x00007ffbcf4a846d:   49 ff a2 70 0f 00 00 cc cc cc cc cc cc cc cc cc
0x00007ffbcf4a847d:   cc cc cc 48 8b 01 48 8b 48 18 48 8b 81 78 1c 00 


Register to memory mapping:

RAX=0x0000000072668eb0 is an unknown value
RBX={method} {0x000000001c141a88} 'nglGenVertexArrays' '(IJ)V' in 'org/lwjgl/opengl/GL30'
RCX=0x0000000000000001 is an unknown value
RDX=0x000000001e406c8c is an unknown value
RSP=0x0000000039e7c5f8 is pointing into the stack for thread: 0x000000001f784000
RBP=0x0000000039e7c680 is pointing into the stack for thread: 0x000000001f784000
RSI=0x000000002d400fe0 is pointing into metadata
RDI=0x000000002d400e40 is pointing into metadata
R8 =0x0000000000000001 is an unknown value
R9 =0x000000001e406c8c is an unknown value
R10=0x0000000000000000 is an unknown value
R11=0x00000000720ecd40 is an unknown value
R12=0x0000000000000000 is an unknown value
R13={method} {0x000000001c141a88} 'nglGenVertexArrays' '(IJ)V' in 'org/lwjgl/opengl/GL30'
R14=0x0000000039e7c6b0 is pointing into the stack for thread: 0x000000001f784000
R15=0x000000001f784000 is a thread


Stack: [0x0000000039d80000,0x0000000039e80000],  sp=0x0000000039e7c5f8,  free space=1009k
Native frames: (J=compiled Java code, j=interpreted, Vv=VM code, C=native code)
C  [powrprof.dll+0x846d]

Java frames: (J=compiled Java code, j=interpreted, Vv=VM code)
j  org.lwjgl.opengl.GL30.nglGenVertexArrays(IJ)V+0
j  org.lwjgl.opengl.GL30.glGenVertexArrays()I+20
j  org.lwjglb.engine.graph.Mesh.<init>([F[F[F[I[I[F)V+46
j  org.lwjglb.engine.graph.Mesh.<init>([F[F[F[I)V+26
j  org.lwjglb.engine.loaders.assimp.StaticMeshesLoader.processMesh(Lorg/lwjgl/assimp/AIMesh;Ljava/util/List;)Lorg/lwjglb/engine/graph/Mesh;+78
j  org.lwjglb.engine.loaders.assimp.StaticMeshesLoader.load(Ljava/lang/String;Ljava/lang/String;I)[Lorg/lwjglb/engine/graph/Mesh;+122
j  org.lwjglb.engine.loaders.assimp.StaticMeshesLoader.load(Ljava/lang/String;Ljava/lang/String;)[Lorg/lwjglb/engine/graph/Mesh;+5
j  org.lwjglb.engine.items.Airplane.addMeshOnScreen()V+4
j  org.lwjglb.game.GameGUI$6.actionPerformed(Ljava/awt/event/ActionEvent;)V+241
j  javax.swing.AbstractButton.fireActionPerformed(Ljava/awt/event/ActionEvent;)V+83
j  javax.swing.AbstractButton$Handler.actionPerformed(Ljava/awt/event/ActionEvent;)V+5
j  javax.swing.DefaultButtonModel.fireActionPerformed(Ljava/awt/event/ActionEvent;)V+34
j  javax.swing.DefaultButtonModel.setPressed(Z)V+117
j  javax.swing.plaf.basic.BasicButtonListener.mouseReleased(Ljava/awt/event/MouseEvent;)V+35
j  java.awt.Component.processMouseEvent(Ljava/awt/event/MouseEvent;)V+64
j  javax.swing.JComponent.processMouseEvent(Ljava/awt/event/MouseEvent;)V+23
J 1598 C1 java.awt.Component.processEvent(Ljava/awt/AWTEvent;)V (220 bytes) @ 0x0000000002e510a4 [0x0000000002e50b80+0x524]
J 1597 C1 java.awt.Container.processEvent(Ljava/awt/AWTEvent;)V (22 bytes) @ 0x0000000002e46bcc [0x0000000002e468a0+0x32c]
J 1569 C1 java.awt.Component.dispatchEventImpl(Ljava/awt/AWTEvent;)V (921 bytes) @ 0x0000000002e28844 [0x0000000002e23300+0x5544]
J 1471 C1 java.awt.Container.dispatchEventImpl(Ljava/awt/AWTEvent;)V (129 bytes) @ 0x0000000002dbea4c [0x0000000002dbe900+0x14c]
J 1470 C1 java.awt.Component.dispatchEvent(Ljava/awt/AWTEvent;)V (6 bytes) @ 0x0000000002dbe584 [0x0000000002dbe480+0x104]
j  java.awt.LightweightDispatcher.retargetMouseEvent(Ljava/awt/Component;ILjava/awt/event/MouseEvent;)V+349
J 1661 C1 java.awt.LightweightDispatcher.processMouseEvent(Ljava/awt/event/MouseEvent;)Z (286 bytes) @ 0x0000000002e81d7c [0x0000000002e80640+0x173c]
J 1572 C1 java.awt.LightweightDispatcher.dispatchEvent(Ljava/awt/AWTEvent;)Z (73 bytes) @ 0x0000000002e31cbc [0x0000000002e31880+0x43c]
J 1471 C1 java.awt.Container.dispatchEventImpl(Ljava/awt/AWTEvent;)V (129 bytes) @ 0x0000000002dbe9ec [0x0000000002dbe900+0xec]
J 1656 C1 java.awt.Window.dispatchEventImpl(Ljava/awt/AWTEvent;)V (23 bytes) @ 0x0000000002e7ec24 [0x0000000002e7e640+0x5e4]
J 1519 C1 java.awt.EventQueue.dispatchEventImpl(Ljava/awt/AWTEvent;Ljava/lang/Object;)V (149 bytes) @ 0x0000000002ddea7c [0x0000000002ddd200+0x187c]
J 1517 C1 java.awt.EventQueue$3.run()Ljava/lang/Void; (60 bytes) @ 0x0000000002ddc5dc [0x0000000002ddc3c0+0x21c]
J 1516 C1 java.awt.EventQueue$3.run()Ljava/lang/Object; (5 bytes) @ 0x0000000002dd644c [0x0000000002dd63c0+0x8c]
v  ~StubRoutines::call_stub
J 1418  java.security.AccessController.doPrivileged(Ljava/security/PrivilegedAction;Ljava/security/AccessControlContext;)Ljava/lang/Object; (0 bytes) @ 0x0000000002da3166 [0x0000000002da3100+0x66]
J 1563 C1 java.awt.EventQueue$4.run()Ljava/lang/Object; (5 bytes) @ 0x0000000002dffcf4 [0x0000000002dff8c0+0x434]
v  ~StubRoutines::call_stub
J 1418  java.security.AccessController.doPrivileged(Ljava/security/PrivilegedAction;Ljava/security/AccessControlContext;)Ljava/lang/Object; (0 bytes) @ 0x0000000002da3166 [0x0000000002da3100+0x66]
J 1458 C1 java.awt.EventQueue.dispatchEvent(Ljava/awt/AWTEvent;)V (80 bytes) @ 0x0000000002db36bc [0x0000000002db2800+0xebc]
J 1460 C1 java.awt.EventDispatchThread.pumpOneEventForFilters(I)V (190 bytes) @ 0x0000000002db5a1c [0x0000000002db48c0+0x115c]
j  java.awt.EventDispatchThread.pumpEventsForFilter(ILjava/awt/Conditional;Ljava/awt/EventFilter;)V+35
j  java.awt.EventDispatchThread.pumpEventsForHierarchy(ILjava/awt/Conditional;Ljava/awt/Component;)V+11
j  java.awt.EventDispatchThread.pumpEvents(ILjava/awt/Conditional;)V+4
j  java.awt.EventDispatchThread.pumpEvents(Ljava/awt/Conditional;)V+3
j  java.awt.EventDispatchThread.run()V+9
v  ~StubRoutines::call_stub

---------------  P R O C E S S  ---------------

Java Threads: ( => current thread )
  0x000000001f77f800 JavaThread "TimerQueue" daemon [_thread_blocked, id=8980, stack(0x000000005fd50000,0x000000005fe50000)]
  0x000000001f77e000 JavaThread "D3D Screen Updater" daemon [_thread_blocked, id=7912, stack(0x000000005f940000,0x000000005fa40000)]
  0x000000001f783800 JavaThread "DestroyJavaVM" [_thread_blocked, id=3208, stack(0x0000000002460000,0x0000000002560000)]
=>0x000000001f784000 JavaThread "AWT-EventQueue-0" [_thread_in_native, id=10920, stack(0x0000000039d80000,0x0000000039e80000)]
  0x000000001f965800 JavaThread "AWT-Windows" daemon [_thread_in_native, id=1896, stack(0x000000002eed0000,0x000000002efd0000)]
  0x000000001f963000 JavaThread "AWT-Shutdown" [_thread_blocked, id=6176, stack(0x000000002edd0000,0x000000002eed0000)]
  0x000000001f962000 JavaThread "Java2D Disposer" daemon [_thread_blocked, id=10236, stack(0x000000002ecd0000,0x000000002edd0000)]
  0x000000001f729800 JavaThread "Thread-7" [_thread_blocked, id=11272, stack(0x000000002e9d0000,0x000000002ead0000)]
  0x000000001f950000 JavaThread "Thread-5" [_thread_blocked, id=10016, stack(0x000000002e7d0000,0x000000002e8d0000)]
  0x000000001f94f000 JavaThread "Thread-3" [_thread_blocked, id=7300, stack(0x000000002d9d0000,0x000000002dad0000)]
  0x000000001f7ab800 JavaThread "Thread-2" [_thread_blocked, id=8800, stack(0x000000002d8d0000,0x000000002d9d0000)]
  0x000000001e4ff000 JavaThread "GAME_LOOP_THREAD" [_thread_in_vm, id=7448, stack(0x000000001f9e0000,0x000000001fae0000)]
  0x000000001e3c7800 JavaThread "Service Thread" daemon [_thread_blocked, id=7724, stack(0x000000001efe0000,0x000000001f0e0000)]
  0x000000001e39c000 JavaThread "C1 CompilerThread3" daemon [_thread_blocked, id=10124, stack(0x000000001eee0000,0x000000001efe0000)]
  0x000000001e363000 JavaThread "C2 CompilerThread2" daemon [_thread_blocked, id=6284, stack(0x000000001ede0000,0x000000001eee0000)]
  0x000000001e33c800 JavaThread "C2 CompilerThread1" daemon [_thread_blocked, id=13472, stack(0x000000001ece0000,0x000000001ede0000)]
  0x000000001e336000 JavaThread "C2 CompilerThread0" daemon [_thread_blocked, id=1336, stack(0x000000001ebe0000,0x000000001ece0000)]
  0x000000001e334800 JavaThread "Monitor Ctrl-Break" daemon [_thread_in_native, id=12592, stack(0x000000001eae0000,0x000000001ebe0000)]
  0x000000001e214800 JavaThread "Attach Listener" daemon [_thread_blocked, id=3308, stack(0x000000001e9e0000,0x000000001eae0000)]
  0x000000001e213000 JavaThread "Signal Dispatcher" daemon [_thread_blocked, id=11508, stack(0x000000001e8e0000,0x000000001e9e0000)]
  0x000000001c3fe000 JavaThread "Finalizer" daemon [_thread_blocked, id=5868, stack(0x000000001e6e0000,0x000000001e7e0000)]
  0x000000001e200800 JavaThread "Reference Handler" daemon [_thread_blocked, id=12928, stack(0x000000001e5e0000,0x000000001e6e0000)]

Other Threads:
  0x000000001c3f9800 VMThread [stack: 0x000000001e0e0000,0x000000001e1e0000] [id=11468]
  0x000000001e465800 WatcherThread [stack: 0x000000001f0e0000,0x000000001f1e0000] [id=3824]

VM state:not at safepoint (normal execution)

VM Mutex/Monitor currently owned by a thread:  ([mutex/lock_event])
[0x0000000002860850] AdapterHandlerLibrary_lock - owner thread: 0x000000001e4ff000

heap address: 0x00000006c0e00000, size: 4082 MB, Compressed Oops mode: Zero based, Oop shift amount: 3
Narrow klass base: 0x0000000000000000, Narrow klass shift: 3
Compressed class space size: 1073741824 Address: 0x00000007c0000000

Heap:
 PSYoungGen      total 76288K, used 56773K [0x000000076af80000, 0x0000000770480000, 0x00000007c0000000)
  eden space 65536K, 86% used [0x000000076af80000,0x000000076e6f16d0,0x000000076ef80000)
  from space 10752K, 0% used [0x000000076fa00000,0x000000076fa00000,0x0000000770480000)
  to   space 10752K, 0% used [0x000000076ef80000,0x000000076ef80000,0x000000076fa00000)
 ParOldGen       total 175104K, used 0K [0x00000006c0e00000, 0x00000006cb900000, 0x000000076af80000)
  object space 175104K, 0% used [0x00000006c0e00000,0x00000006c0e00000,0x00000006cb900000)
 Metaspace       used 18601K, capacity 18959K, committed 19200K, reserved 1067008K
  class space    used 1863K, capacity 1971K, committed 2048K, reserved 1048576K

Card table byte_map: [0x0000000011d20000,0x0000000012520000] byte_map_base: 0x000000000e719000

Marking Bits: (ParMarkBitMap*) 0x00000000726e4ce0
 Begin Bits: [0x0000000013280000, 0x0000000017248000)
 End Bits:   [0x0000000017248000, 0x000000001b210000)

Polling page: 0x00000000008a0000

CodeCache: size=245760Kb used=5288Kb max_used=5288Kb free=240471Kb
 bounds [0x0000000002960000, 0x0000000002e90000, 0x0000000011960000]
 total_blobs=2776 nmethods=1682 adapters=1006
 compilation: enabled

Compilation events (10 events):
Event: 5.420 Thread 0x000000001e39c000 1674       1       sun.font.GlyphList::usePositions (5 bytes)
Event: 5.420 Thread 0x000000001e39c000 nmethod 1674 0x0000000002e89390 code [0x0000000002e894e0, 0x0000000002e895f0]
Event: 5.421 Thread 0x000000001e39c000 1675       3       sun.java2d.SunGraphics2D::translate (68 bytes)
Event: 5.421 Thread 0x000000001e39c000 nmethod 1675 0x0000000002e89650 code [0x0000000002e897e0, 0x0000000002e89b38]
Event: 5.488 Thread 0x000000001e336000 1676       4       org.lwjglb.engine.items.GameItem::DoesItCollide (102 bytes)
Event: 5.489 Thread 0x000000001e336000 nmethod 1676 0x0000000002e8a950 code [0x0000000002e8aac0, 0x0000000002e8abf8]
Event: 5.500 Thread 0x000000001e39c000 1677       3       java.lang.ThreadLocal::get (38 bytes)
Event: 5.500 Thread 0x000000001e39c000 nmethod 1677 0x0000000002e8a290 code [0x0000000002e8a420, 0x0000000002e8a7a8]
Event: 5.500 Thread 0x000000001e39c000 1678       3       java.lang.ThreadLocal$ThreadLocalMap::access$000 (6 bytes)
Event: 5.500 Thread 0x000000001e39c000 nmethod 1678 0x0000000002e89ed0 code [0x0000000002e8a040, 0x0000000002e8a1a8]

GC Heap History (0 events):
No events

Deoptimization events (10 events):
Event: 1.138 Thread 0x000000001e4ff000 Uncommon trap: reason=unstable_if action=reinterpret pc=0x0000000002c7e264 method=java.util.regex.Pattern$CharProperty.match(Ljava/util/regex/Matcher;ILjava/lang/CharSequence;)Z @ 21
Event: 3.140 Thread 0x0000000002863800 Uncommon trap: reason=unstable_if action=reinterpret pc=0x0000000002c9dc7c method=java.lang.ThreadLocal$ThreadLocalMap.getEntry(Ljava/lang/ThreadLocal;)Ljava/lang/ThreadLocal$ThreadLocalMap$Entry; @ 21
Event: 3.285 Thread 0x0000000002863800 Uncommon trap: reason=unstable_if action=reinterpret pc=0x0000000002c47b58 method=java.lang.AbstractStringBuilder.append(Ljava/lang/String;)Ljava/lang/AbstractStringBuilder; @ 1
Event: 3.286 Thread 0x0000000002863800 Uncommon trap: reason=unstable_if action=reinterpret pc=0x0000000002c29290 method=java.lang.AbstractStringBuilder.append(Ljava/lang/String;)Ljava/lang/AbstractStringBuilder; @ 1
Event: 3.287 Thread 0x0000000002863800 Uncommon trap: reason=unstable_if action=reinterpret pc=0x0000000002cd5560 method=java.util.HashMap.hash(Ljava/lang/Object;)I @ 1
Event: 3.379 Thread 0x0000000002863800 Uncommon trap: reason=class_check action=maybe_recompile pc=0x0000000002b36a34 method=java.lang.String.equals(Ljava/lang/Object;)Z @ 8
Event: 3.380 Thread 0x0000000002863800 Uncommon trap: reason=class_check action=maybe_recompile pc=0x0000000002b36a34 method=java.lang.String.equals(Ljava/lang/Object;)Z @ 8
Event: 3.390 Thread 0x0000000002863800 Uncommon trap: reason=class_check action=maybe_recompile pc=0x0000000002b36a34 method=java.lang.String.equals(Ljava/lang/Object;)Z @ 8
Event: 3.390 Thread 0x0000000002863800 Uncommon trap: reason=class_check action=maybe_recompile pc=0x0000000002b36a34 method=java.lang.String.equals(Ljava/lang/Object;)Z @ 8
Event: 4.809 Thread 0x000000001f784000 Uncommon trap: reason=unstable_if action=reinterpret pc=0x0000000002daf358 method=java.awt.Component.inside(II)Z @ 9

Classes redefined (0 events):
No events

Internal exceptions (10 events):
Event: 0.193 Thread 0x000000001e4ff000 Exception <a 'java/security/PrivilegedActionException'> (0x000000076b988908) thrown at [C:\re\workspace\8-2-build-windows-amd64-cygwin\jdk8u201\12322\hotspot\src\share\vm\prims\jvm.cpp, line 1502]
Event: 0.199 Thread 0x000000001e4ff000 Implicit null exception at 0x0000000002af831b to 0x0000000002af850d
Event: 0.875 Thread 0x000000001e4ff000 Exception <a 'sun/nio/fs/WindowsException'> (0x000000076bc77160) thrown at [C:\re\workspace\8-2-build-windows-amd64-cygwin\jdk8u201\12322\hotspot\src\share\vm\prims\jni.cpp, line 709]
Event: 0.875 Thread 0x000000001e4ff000 Exception <a 'sun/nio/fs/WindowsException'> (0x000000076bc78b60) thrown at [C:\re\workspace\8-2-build-windows-amd64-cygwin\jdk8u201\12322\hotspot\src\share\vm\prims\jni.cpp, line 709]
Event: 3.135 Thread 0x0000000002863800 Exception <a 'java/io/FileNotFoundException'> (0x000000076b567100) thrown at [C:\re\workspace\8-2-build-windows-amd64-cygwin\jdk8u201\12322\hotspot\src\share\vm\prims\jni.cpp, line 709]
Event: 3.140 Thread 0x0000000002863800 Implicit null exception at 0x0000000002c9dbcc to 0x0000000002c9dc5d
Event: 3.149 Thread 0x0000000002863800 Exception <a 'java/io/FileNotFoundException'> (0x000000076d688988) thrown at [C:\re\workspace\8-2-build-windows-amd64-cygwin\jdk8u201\12322\hotspot\src\share\vm\prims\jni.cpp, line 709]
Event: 3.285 Thread 0x0000000002863800 Implicit null exception at 0x0000000002c47796 to 0x0000000002c47b41
Event: 3.286 Thread 0x0000000002863800 Implicit null exception at 0x0000000002c28ed6 to 0x0000000002c29279
Event: 3.287 Thread 0x0000000002863800 Implicit null exception at 0x0000000002cd5315 to 0x0000000002cd5551

Events (10 events):
Event: 4.152 Executing VM operation: EnableBiasedLocking done
Event: 4.809 Thread 0x000000001f784000 Uncommon trap: trap_request=0xffffff65 fr.pc=0x0000000002daf358
Event: 4.809 Thread 0x000000001f784000 DEOPT PACKING pc=0x0000000002daf358 sp=0x0000000039e7d960
Event: 4.809 Thread 0x000000001f784000 DEOPT UNPACKING pc=0x00000000029a583b sp=0x0000000039e7d810 mode 2
Event: 5.117 loading class javax/swing/JSpinner$DateEditor
Event: 5.117 loading class javax/swing/JSpinner$DateEditor done
Event: 5.117 loading class java/text/ParsePosition
Event: 5.117 loading class java/text/ParsePosition done
Event: 5.491 loading class org/lwjglb/game/Airplane
Event: 5.491 loading class org/lwjglb/game/Airplane done


Dynamic libraries:
0x00007ff7b3a50000 - 0x00007ff7b3a87000 	C:\Program Files\Java\jdk1.8.0_201\bin\java.exe
0x00007ffbf7510000 - 0x00007ffbf76fd000 	C:\WINDOWS\SYSTEM32\ntdll.dll
0x00007ffbf6ad0000 - 0x00007ffbf6b83000 	C:\WINDOWS\System32\KERNEL32.DLL
0x00007ffbf3ab0000 - 0x00007ffbf3d43000 	C:\WINDOWS\System32\KERNELBASE.dll
0x00007ffbf65a0000 - 0x00007ffbf6643000 	C:\WINDOWS\System32\ADVAPI32.dll
0x00007ffbf4d80000 - 0x00007ffbf4e1e000 	C:\WINDOWS\System32\msvcrt.dll
0x00007ffbf73d0000 - 0x00007ffbf746e000 	C:\WINDOWS\System32\sechost.dll
0x00007ffbf49d0000 - 0x00007ffbf4af2000 	C:\WINDOWS\System32\RPCRT4.dll
0x00007ffbf6f50000 - 0x00007ffbf70e7000 	C:\WINDOWS\System32\USER32.dll
0x00007ffbf35e0000 - 0x00007ffbf3600000 	C:\WINDOWS\System32\win32u.dll
0x00007ffbf7260000 - 0x00007ffbf7289000 	C:\WINDOWS\System32\GDI32.dll
0x00007ffbf3d80000 - 0x00007ffbf3f1a000 	C:\Program Files\Java\jdk1.8.0_201\jre\bin\net.dll
0x00007ffbf3a10000 - 0x00007ffbf3ab0000 	C:\WINDOWS\System32\msvcp_win.dll
0x00007ffbf3680000 - 0x00007ffbf377c000 	C:\WINDOWS\System32\ucrtbase.dll
0x00007ffbe7410000 - 0x00007ffbe7689000 	C:\WINDOWS\SYSTEM32\iertutil.dll
0x00007ffbf6b90000 - 0x00007ffbf6ebd000 	C:\WINDOWS\System32\combase.dll
0x00007ffbf3f70000 - 0x00007ffbf3fee000 	C:\WINDOWS\System32\bcryptPrimitives.dll
0x00007ffbf4be0000 - 0x00007ffbf4c0e000 	C:\WINDOWS\system32\mswsock.dll
0x0000000072770000 - 0x0000000072841000 	C:\Program Files\Java\jdk1.8.0_201\jre\bin\nio.dll0x0000000071ec0000 - 0x0000000072764000 	C:\Program Files\Java\jdk1.8.0_201\jre\bin\server\jvm.dll
0x00007ffbf74d0000 - 0x00007ffbf74d8000 	C:\WINDOWS\System32\PSAPI.DLL
0x00007ffbedd80000 - 0x00007ffbedd8a000 	C:\Users\Mason\AppData\Local\Temp\lwjglMason\3.1.6-build-14\glfw.dll
0x00007ffbf00c0000 - 0x00007ffbf00e4000 	C:\WINDOWS\system32\uxtheme.dll
0x00007ffbb9450000 - 0x00007ffbb9459000 	C:\WINDOWS\SYSTEM32\WSOCK32.dll
0x00007ffbf6ee0000 - 0x00007ffbf6f4d000 	C:\WINDOWS\SYSTEM32\xinput1_4.dll
0x00007ffbf0090000 - 0x00007ffbf00bd000 	C:\WINDOWS\SYSTEM32\DEVOBJ.dll
0x00007ffbf3f20000 - 0x00007ffbf3f6a000 	C:\WINDOWS\System32\cfgmgr32.dll
0x00007ffbe7120000 - 0x00007ffbe712f000 	C:\Program Files\Java\jdk1.8.0_201\jre\bin\verify.dll
0x00007ffbe5280000 - 0x00007ffbe52a9000 	C:\Program Files\Java\jdk1.8.0_201\jre\bin\java.dll
0x00007ffbe9c00000 - 0x00007ffbe9c23000 	C:\Program Files\Java\jdk1.8.0_201\jre\bin\instrument.dll
0x00007ffbe64b0000 - 0x00007ffbe64c6000 	C:\Program Files\Java\jdk1.8.0_201\jre\bin\zip.dll
0x00007ffbf4e20000 - 0x00007ffbf630f000 	C:\WINDOWS\SYSTEM32\CoreMessaging.dll
0x00007ffbf4cd0000 - 0x00007ffbf4d78000 	C:\WINDOWS\SYSTEM32\d2d1.dll
0x00007ffbf3ff0000 - 0x00007ffbf473a000 	C:\WINDOWS\SYSTEM32\twinapi.appcore.dll
0x00007ffbf3530000 - 0x00007ffbf3554000 	C:\WINDOWS\System32\profapi.dll
0x00007ffbf3580000 - 0x00007ffbf35dd000 	C:\WINDOWS\System32\powrprof.dll
0x00007ffbf7290000 - 0x00007ffbf72e2000 	C:\WINDOWS\System32\shlwapi.dll
0x00007ffbf3510000 - 0x00007ffbf3521000 	C:\WINDOWS\System32\kernel.appcore.dll
0x00007ffbf3660000 - 0x00007ffbf3677000 	C:\WINDOWS\System32\cryptsp.dll
0x00007ffbe62a0000 - 0x00007ffbe62ba000 	C:\Program Files\JetBrains\IntelliJ IDEA 2018.3.4\bin\breakgen64.dll
0x00007ffbe3670000 - 0x00007ffbe368a000 	C:\Program Files\Java\jdk1.8.0_201\jre\bin\net.dll
0x00007ffbeb0d0000 - 0x00007ffbeb2a7000 	C:\WINDOWS\System32\OLEAUT32.dll
0x00007ffbe9fe0000 - 0x00007ffbea288000 	C:\WINDOWS\SYSTEM32\dxgi.dll
0x00007ffbf2f70000 - 0x00007ffbf2f7c000 	C:\WINDOWS\System32\MSCTF.dll
0x00007ffbf2da0000 - 0x00007ffbf2e07000 	C:\WINDOWS\SYSTEM32\HID.DLL
0x00007ffbe2e20000 - 0x00007ffbe2e31000 	C:\WINDOWS\System32\SETUPAPI.DLL
0x00007ffbde040000 - 0x00007ffbde09b000 	C:\WINDOWS\System32\bcrypt.dll
0x00007ffbddd60000 - 0x00007ffbdddb1000 	C:\Users\Mason\AppData\Local\Temp\lwjglMason\3.1.6-build-14\glfw.dll
0x00007ffbf18f0000 - 0x00007ffbf198c000 	C:\WINDOWS\system32\uxtheme.dll
0x00007ffbcf500000 - 0x00007ffbcf544000 	C:\WINDOWS\SYSTEM32\opengl32.dl
0x00007ffbe4510000 - 0x00007ffbe4521000 	C:\WINDOWS\SYSTEM32\GLU32.dll
0x00007ffbf3320000 - 0x00007ffbf3349000 	C:\WINDOWS\SYSTEM32\DEVOBJ.dll
0x00007ffbf1c30000 - 0x00007ffbf1c5e000 	C:\WINDOWS\SYSTEM32\dwmapi.dll
0x00007ffbf3830000 - 0x00007ffbf3a0b000 	C:\WINDOWS\System32\CRYPT32.dll
0x00007ffbf3560000 - 0x00007ffbf3572000 	C:\WINDOWS\SYSTEM32\WTSAPI32.dll
0x00007ffbe9840000 - 0x00007ffbe990c000 	C:\WINDOWS\SYSTEM32\WINSTA.dll
0x00007ffbf15f0000 - 0x00007ffbf16d2000 	C:\WINDOWS\SYSTEM32\CoreMessaging.dll
0x00007ffbf0af0000 - 0x00007ffbf10ae000 	C:\WINDOWS\SYSTEM32\d2d1.dll
0x00007ffbf1d10000 - 0x00007ffbf1f1d000 	C:\WINDOWS\SYSTEM32\twinapi.appcore.dll
0x00007ffbef2c0000 - 0x00007ffbef5e2000 	C:\WINDOWS\SYSTEM32\CoreUIComponents.dll
0x00007ffbf0870000 - 0x00007ffbf0aee000 	C:\WINDOWS\SYSTEM32\d3d11.dll
0x00007ffbef0e0000 - 0x00007ffbef233000 	C:\WINDOWS\SYSTEM32\wintypes.dll
0x00007ffbefaf0000 - 0x00007ffbefc98000 	C:\WINDOWS\SYSTEM32\PROPSYS.dll
0x00007ffbf1f20000 - 0x00007ffbf1f48000 	C:\WINDOWS\SYSTEM32\RMCLIENT.dll
0x00007ffbf25e0000 - 0x00007ffbf2611000 	C:\WINDOWS\SYSTEM32\ntmarta.dll
0x00007ffbf4b00000 - 0x00007ffbf4bcb000 	C:\WINDOWS\System32\OLEAUT32.dll
0x00007ffbf22a0000 - 0x00007ffbf2362000 	C:\WINDOWS\SYSTEM32\dxgi.dll
0x00007ffbf70f0000 - 0x00007ffbf725a000 	C:\WINDOWS\System32\MSCTF.dll
0x00007ffbf2210000 - 0x00007ffbf221e000 	C:\WINDOWS\SYSTEM32\HID.DLL
0x00007ffbf6650000 - 0x00007ffbf6ac5000 	C:\WINDOWS\System32\SETUPAPI.DLL
0x00007ffbf3d50000 - 0x00007ffbf3d76000 	C:\WINDOWS\System32\bcrypt.dll
0x00007ffbf3600000 - 0x00007ffbf3658000 	C:\WINDOWS\System32\WINTRUST.dll
0x00007ffbbddb0000 - 0x00007ffbbded7000 	C:\WINDOWS\SYSTEM32\opengl32.dll
0x00007ffbe52b0000 - 0x00007ffbe52dc000 	C:\WINDOWS\SYSTEM32\GLU32.dll
0x000000006f630000 - 0x0000000071cf2000 	C:\WINDOWS\System32\DriverStore\FileRepository\nv_dispi.inf_amd64_21a764822be8dff8\nvoglv64.dll
0x00007ffbf4870000 - 0x00007ffbf49c5000 	C:\WINDOWS\System32\ole32.dll
0x00007ffbefe10000 - 0x00007ffbefe23000 	C:\WINDOWS\SYSTEM32\WTSAPI32.dll
0x00007ffbf2650000 - 0x00007ffbf26a8000 	C:\WINDOWS\SYSTEM32\WINSTA.dll
0x00007ffbe9910000 - 0x00007ffbe99a5000 	C:\WINDOWS\System32\TextInputFramework.dll
0x00007ffbcf4a0000 - 0x00007ffbcf4ff000 	C:\Users\Mason\AppData\Local\Temp\lwjglMason\3.1.6-build-14\lwjgl_opengl.dll
0x00007ffbbc200000 - 0x00007ffbbc755000 	C:\Users\Mason\AppData\Local\Temp\lwjglMason\3.1.6-build-14\assimp.dll
0x00007ffbcec00000 - 0x00007ffbcec7e000 	C:\Users\Mason\AppData\Local\Temp\lwjglMason\3.1.6-build-14\lwjgl_stb.dll
0x00007ffbbd820000 - 0x00007ffbbd9b9000 	C:\Program Files\Java\jdk1.8.0_201\jre\bin\awt.dll
0x00007ffbf1800000 - 0x00007ffbf188c000 	C:\WINDOWS\SYSTEM32\apphelp.dll
0x00007ffbe47f0000 - 0x00007ffbe498e000 	C:\WINDOWS\system32\d3d9.dll
0x00007ffbedd90000 - 0x00007ffbede7e000 	C:\WINDOWS\System32\DriverStore\FileRepository\nv_dispi.inf_amd64_21a764822be8dff8\nvldumdx.dll
0x00007ffbf6ec0000 - 0x00007ffbf6edd000 	C:\WINDOWS\System32\imagehlp.dll
0x00007ffbf2960000 - 0x00007ffbf2993000 	C:\WINDOWS\system32\rsaenh.dll
0x00007ffbb98c0000 - 0x00007ffbbacfc000 	C:\WINDOWS\System32\DriverStore\FileRepository\nv_dispi.inf_amd64_21a764822be8dff8\nvd3dumx.dll
0x00007ffbf2220000 - 0x00007ffbf2242000 	C:\WINDOWS\SYSTEM32\gpapi.dll
0x00007ffbeb5d0000 - 0x00007ffbeb5ff000 	C:\WINDOWS\SYSTEM32\cryptnet.dll
0x00007ffbbedf0000 - 0x00007ffbbee37000 	C:\Program Files\Java\jdk1.8.0_201\jre\bin\fontmanager.dll
0x00007ffbbe6c0000 - 0x00007ffbbe702000 	C:\Program Files\Java\jdk1.8.0_201\jre\bin\t2k.dll
0x00007ffbf4c10000 - 0x00007ffbf4cb2000 	C:\WINDOWS\System32\clbcatq.dll
0x00007ffbeef20000 - 0x00007ffbef0d8000 	C:\WINDOWS\SYSTEM32\WindowsCodecs.dll
0x00007ffbc8470000 - 0x00007ffbc84c6000 	C:\WINDOWS\system32\dataexchange.dll
0x00007ffbf10b0000 - 0x00007ffbf1273000 	C:\WINDOWS\system32\dcomp.dll
0x00007ffbdfba0000 - 0x00007ffbdfd8d000 	C:\WINDOWS\SYSTEM32\dbghelp.dll

VM Arguments:
jvm_args: -javaagent:C:\Program Files\JetBrains\IntelliJ IDEA 2018.3.4\lib\idea_rt.jar=58525:C:\Program Files\JetBrains\IntelliJ IDEA 2018.3.4\bin -Dfile.encoding=UTF-8 
java_command: org.lwjglb.game.Main
java_class_path (initial): C:\Program Files\Java\jdk1.8.0_201\jre\lib\charsets.jar;C:\Program Files\Java\jdk1.8.0_201\jre\lib\deploy.jar;C:\Program Files\Java\jdk1.8.0_201\jre\lib\ext\access-bridge-64.jar;C:\Program Files\Java\jdk1.8.0_201\jre\lib\ext\cldrdata.jar;C:\Program Files\Java\jdk1.8.0_201\jre\lib\ext\dnsns.jar;C:\Program Files\Java\jdk1.8.0_201\jre\lib\ext\jaccess.jar;C:\Program Files\Java\jdk1.8.0_201\jre\lib\ext\jfxrt.jar;C:\Program Files\Java\jdk1.8.0_201\jre\lib\ext\localedata.jar;C:\Program Files\Java\jdk1.8.0_201\jre\lib\ext\nashorn.jar;C:\Program Files\Java\jdk1.8.0_201\jre\lib\ext\sunec.jar;C:\Program Files\Java\jdk1.8.0_201\jre\lib\ext\sunjce_provider.jar;C:\Program Files\Java\jdk1.8.0_201\jre\lib\ext\sunmscapi.jar;C:\Program Files\Java\jdk1.8.0_201\jre\lib\ext\sunpkcs11.jar;C:\Program Files\Java\jdk1.8.0_201\jre\lib\ext\zipfs.jar;C:\Program Files\Java\jdk1.8.0_201\jre\lib\javaws.jar;C:\Program Files\Java\jdk1.8.0_201\jre\lib\jce.jar;C:\Program Files\Java\jdk1.8.0_201\jre\lib\jfr.jar;C:\Program Files\Java\jdk1.8.0_201\jre\lib\jfxswt.jar;C:\Program Files\Java\jdk1.8.0_201\jre\lib\jsse.jar;C:\Program Files\Java\jdk1.8.0_201\jre\lib\management-agent.jar;C:\Program Files\Java\jdk1.8.0_201\jre\lib\plugin.jar;C:\Program Files\Java\jdk1.8.0_201\jre\lib\resources.jar;C:\Program Files\Java\jdk1.8.0_201\jre\lib\rt.jar;C:\GIT\w0422681\PROG1400\Game_03\target\classes;C:\Users\Mason\.m2\repository\org\lwjgl\lwjgl\3.1.6\lwjgl-3.1.6.jar;C:\Users\Mason\.m2\repository\org\lwjgl\lwjgl-glfw\3.1.6\lwjgl-glfw-3.1.6.jar;C:\Users\Mason\.m2\repository\org\lwjgl\lwjgl-opengl\3.1.6\lwjgl-opengl-3.1.6.jar;C:\Users\Mason\.m2\repository\org\lwjgl\lwjgl-openal\3.1.6\lwjgl-openal-3.1.6.jar;C:\Users\Mason\.m2\repository\org\lwjgl\lwjgl-stb\3.1.6\lwjgl-stb-3.1.6.jar;C:\Users\Mason\.m2\repository\org\lwjgl\lwjgl-nanovg\3.1.6\lwjgl-nanovg-3.1.6.jar;C:\Users\Mason\.m2\repository\org\lwjgl\lwjgl-assimp\3.1.6\lwjgl-assimp-3.1.6.jar;C:\Users\Mason\.m2\repository\org\joml\joml\1.9.9\j
Launcher Type: SUN_STANDARD

Environment Variables:
CLASSPATH=.;C:\Program Files (x86)\QuickTime\QTSystem\QTJava.zip
PATH=C:\Program Files (x86)\Common Files\Oracle\Java\javapath;C:\Program Files (x86)\Intel\Intel(R) Management Engine Components\iCLS\;C:\Program Files\Intel\Intel(R) Management Engine Components\iCLS\;C:\Windows\system32;C:\Windows;C:\Windows\System32\Wbem;C:\Windows\System32\WindowsPowerShell\v1.0\;C:\Windows\System32\OpenSSH\;C:\Program Files (x86)\NVIDIA Corporation\PhysX\Common;C:\Program Files (x86)\Intel\Intel(R) Management Engine Components\DAL;C:\Program Files\Intel\Intel(R) Management Engine Components\DAL;C:\Program Files (x86)\WiX Toolset v3.11\bin;C:\WINDOWS\system32;C:\WINDOWS;C:\WINDOWS\System32\Wbem;C:\WINDOWS\System32\WindowsPowerShell\v1.0\;C:\WINDOWS\System32\OpenSSH\;C:\Program Files\Git\cmd;C:\Program Files (x86)\QuickTime\QTSystem\;C:\Users\Mason\AppData\Local\Microsoft\WindowsApps;
USERNAME=Mason
OS=Windows_NT
PROCESSOR_IDENTIFIER=Intel64 Family 6 Model 158 Stepping 9, GenuineIntel



---------------  S Y S T E M  ---------------

OS: Windows 10.0 , 64 bit Build 17763 (10.0.17763.292)

CPU:total 8 (initial active 8) (4 cores per cpu, 2 threads per core) family 6 model 158 stepping 9, cmov, cx8, fxsr, mmx, sse, sse2, sse3, ssse3, sse4.1, sse4.2, popcnt, avx, avx2, aes, clmul, erms, rtm, 3dnowpref, lzcnt, ht, tsc, tscinvbit, bmi1, bmi2, adx

Memory: 4k page, physical 16714460k(9287384k free), swap 33491676k(21295444k free)

vm_info: Java HotSpot(TM) 64-Bit Server VM (25.201-b09) for windows-amd64 JRE (1.8.0_201-b09), built on Dec 15 2018 18:36:39 by "java_re" with MS VC++ 10.0 (VS2010)

time: Fri Mar 01 13:52:10 2019
timezone: Atlantic Standard Time
elapsed time: 5 seconds (0d 0h 0m 5s)

