#
# A fatal error has been detected by the Java Runtime Environment:
#
#  EXCEPTION_ACCESS_VIOLATION (0xc0000005) at pc=0x00007ffbcebd846d, pid=2220, tid=0x0000000000000fb4
#
# JRE version: Java(TM) SE Runtime Environment (8.0_201-b09) (build 1.8.0_201-b09)
# Java VM: Java HotSpot(TM) 64-Bit Server VM (25.201-b09 mixed mode windows-amd64 compressed oops)
# Problematic frame:
# C  [lwjgl_opengl.dll+0x846d]
#
# Failed to write core dump. Minidumps are not enabled by default on client versions of Windows
#
# If you would like to submit a bug report, please visit:
#   http://bugreport.java.com/bugreport/crash.jsp
# The crash happened outside the Java Virtual Machine in native code.
# See problematic frame for where to report the bug.
#

---------------  T H R E A D  ---------------

Current thread (0x000000001edb9800):  JavaThread "AWT-EventQueue-0" [_thread_in_native, id=4020, stack(0x0000000035540000,0x0000000035640000)]

siginfo: ExceptionCode=0xc0000005, reading address 0x0000000000000f70

Registers:
RAX=0x0000000072668eb0, RBX=0x000000001cb50a80, RCX=0x0000000000000001, RDX=0x000000001ffd94fc
RSP=0x000000003563c618, RBP=0x000000003563c6a0, RSI=0x000000002de80fe0, RDI=0x000000002de80e40
R8 =0x0000000000000001, R9 =0x000000001ffd94fc, R10=0x0000000000000000, R11=0x00000000720ecd40
R12=0x0000000000000000, R13=0x000000001cb50a80, R14=0x000000003563c6d0, R15=0x000000001edb9800
RIP=0x00007ffbcebd846d, EFLAGS=0x0000000000010202

Top of Stack: (sp=0x000000003563c618)
0x000000003563c618:   0000000003388c67 000000001c8dc1c3
0x000000003563c628:   000000003563c670 000000001c8e35b8
0x000000003563c638:   0000000000000000 000000001c8dc1e8
0x000000003563c648:   0000000000000000 000000003563c668
0x000000003563c658:   000000003563c6b8 000000003563c660
0x000000003563c668:   0000000000000000 000000003563c6d0
0x000000003563c678:   000000001cb54428 0000000000000000
0x000000003563c688:   000000001cb50a80 0000000000000000
0x000000003563c698:   000000003563c6c0 000000003563c718
0x000000003563c6a8:   000000000337835d 000000076bff7eb8
0x000000003563c6b8:   00000000033821d8 000000001ffd94fc
0x000000003563c6c8:   000000076e937f88 0000000000000001
0x000000003563c6d8:   000000003563c6d8 000000001cb50bf4
0x000000003563c6e8:   000000003563c748 000000001cb54428
0x000000003563c6f8:   0000000000000000 000000001cb50c60
0x000000003563c708:   000000003563c6c0 000000003563c750 

Instructions: (pc=0x00007ffbcebd846d)
0x00007ffbcebd844d:   49 ff a2 30 0a 00 00 cc cc cc cc cc cc cc cc cc
0x00007ffbcebd845d:   cc cc cc 48 8b 01 49 8b d1 41 8b c8 4c 8b 50 18
0x00007ffbcebd846d:   49 ff a2 70 0f 00 00 cc cc cc cc cc cc cc cc cc
0x00007ffbcebd847d:   cc cc cc 48 8b 01 48 8b 48 18 48 8b 81 78 1c 00 


Register to memory mapping:

RAX=0x0000000072668eb0 is an unknown value
RBX={method} {0x000000001cb50a88} 'nglGenVertexArrays' '(IJ)V' in 'org/lwjgl/opengl/GL30'
RCX=0x0000000000000001 is an unknown value
RDX=0x000000001ffd94fc is an unknown value
RSP=0x000000003563c618 is pointing into the stack for thread: 0x000000001edb9800
RBP=0x000000003563c6a0 is pointing into the stack for thread: 0x000000001edb9800
RSI=0x000000002de80fe0 is pointing into metadata
RDI=0x000000002de80e40 is pointing into metadata
R8 =0x0000000000000001 is an unknown value
R9 =0x000000001ffd94fc is an unknown value
R10=0x0000000000000000 is an unknown value
R11=0x00000000720ecd40 is an unknown value
R12=0x0000000000000000 is an unknown value
R13={method} {0x000000001cb50a88} 'nglGenVertexArrays' '(IJ)V' in 'org/lwjgl/opengl/GL30'
R14=0x000000003563c6d0 is pointing into the stack for thread: 0x000000001edb9800
R15=0x000000001edb9800 is a thread


Stack: [0x0000000035540000,0x0000000035640000],  sp=0x000000003563c618,  free space=1009k
Native frames: (J=compiled Java code, j=interpreted, Vv=VM code, C=native code)
C  [lwjgl_opengl.dll+0x846d]

Java frames: (J=compiled Java code, j=interpreted, Vv=VM code)
j  org.lwjgl.opengl.GL30.nglGenVertexArrays(IJ)V+0
j  org.lwjgl.opengl.GL30.glGenVertexArrays()I+20
j  org.lwjglb.engine.graph.Mesh.<init>([F[F[F[I[I[F)V+46
j  org.lwjglb.engine.graph.Mesh.<init>([F[F[F[I)V+26
j  org.lwjglb.engine.loaders.assimp.StaticMeshesLoader.processMesh(Lorg/lwjgl/assimp/AIMesh;Ljava/util/List;)Lorg/lwjglb/engine/graph/Mesh;+78
j  org.lwjglb.engine.loaders.assimp.StaticMeshesLoader.load(Ljava/lang/String;Ljava/lang/String;I)[Lorg/lwjglb/engine/graph/Mesh;+122
j  org.lwjglb.engine.loaders.assimp.StaticMeshesLoader.load(Ljava/lang/String;Ljava/lang/String;)[Lorg/lwjglb/engine/graph/Mesh;+5
j  org.lwjglb.engine.items.Car.addMeshOnScreen()V+4
j  org.lwjglb.game.GameGUI$3.actionPerformed(Ljava/awt/event/ActionEvent;)V+209
j  javax.swing.AbstractButton.fireActionPerformed(Ljava/awt/event/ActionEvent;)V+83
j  javax.swing.AbstractButton$Handler.actionPerformed(Ljava/awt/event/ActionEvent;)V+5
j  javax.swing.DefaultButtonModel.fireActionPerformed(Ljava/awt/event/ActionEvent;)V+34
j  javax.swing.DefaultButtonModel.setPressed(Z)V+117
j  javax.swing.plaf.basic.BasicButtonListener.mouseReleased(Ljava/awt/event/MouseEvent;)V+35
j  java.awt.Component.processMouseEvent(Ljava/awt/event/MouseEvent;)V+64
j  javax.swing.JComponent.processMouseEvent(Ljava/awt/event/MouseEvent;)V+23
J 1681 C1 java.awt.Component.processEvent(Ljava/awt/AWTEvent;)V (220 bytes) @ 0x00000000038ba024 [0x00000000038b9b00+0x524]
J 1680 C1 java.awt.Container.processEvent(Ljava/awt/AWTEvent;)V (22 bytes) @ 0x00000000038b964c [0x00000000038b9320+0x32c]
J 1653 C1 java.awt.Component.dispatchEventImpl(Ljava/awt/AWTEvent;)V (921 bytes) @ 0x000000000389c944 [0x0000000003897400+0x5544]
J 1509 C1 java.awt.Container.dispatchEventImpl(Ljava/awt/AWTEvent;)V (129 bytes) @ 0x00000000038009cc [0x0000000003800880+0x14c]
J 1683 C1 java.awt.LightweightDispatcher.retargetMouseEvent(Ljava/awt/Component;ILjava/awt/event/MouseEvent;)V (372 bytes) @ 0x00000000038be75c [0x00000000038bbf40+0x281c]
J 1597 C1 java.awt.LightweightDispatcher.processMouseEvent(Ljava/awt/event/MouseEvent;)Z (286 bytes) @ 0x000000000386d0dc [0x000000000386b980+0x175c]
J 1656 C1 java.awt.LightweightDispatcher.dispatchEvent(Ljava/awt/AWTEvent;)Z (73 bytes) @ 0x00000000038a8bfc [0x00000000038a87c0+0x43c]
J 1509 C1 java.awt.Container.dispatchEventImpl(Ljava/awt/AWTEvent;)V (129 bytes) @ 0x000000000380096c [0x0000000003800880+0xec]
J 1589 C1 java.awt.Window.dispatchEventImpl(Ljava/awt/AWTEvent;)V (23 bytes) @ 0x00000000038545a4 [0x0000000003853fc0+0x5e4]
J 1538 C1 java.awt.EventQueue.dispatchEventImpl(Ljava/awt/AWTEvent;Ljava/lang/Object;)V (149 bytes) @ 0x00000000038160fc [0x0000000003814880+0x187c]
J 1536 C1 java.awt.EventQueue$3.run()Ljava/lang/Void; (60 bytes) @ 0x0000000003813c5c [0x0000000003813a40+0x21c]
J 1535 C1 java.awt.EventQueue$3.run()Ljava/lang/Object; (5 bytes) @ 0x00000000038136cc [0x0000000003813640+0x8c]
v  ~StubRoutines::call_stub
J 1453  java.security.AccessController.doPrivileged(Ljava/security/PrivilegedAction;Ljava/security/AccessControlContext;)Ljava/lang/Object; (0 bytes) @ 0x00000000037e3a26 [0x00000000037e39c0+0x66]
J 1585 C1 java.awt.EventQueue$4.run()Ljava/lang/Object; (5 bytes) @ 0x0000000003833d74 [0x0000000003833940+0x434]
v  ~StubRoutines::call_stub
J 1453  java.security.AccessController.doPrivileged(Ljava/security/PrivilegedAction;Ljava/security/AccessControlContext;)Ljava/lang/Object; (0 bytes) @ 0x00000000037e3a26 [0x00000000037e39c0+0x66]
J 1496 C1 java.awt.EventQueue.dispatchEvent(Ljava/awt/AWTEvent;)V (80 bytes) @ 0x00000000037f6abc [0x00000000037f5c00+0xebc]
J 1498 C1 java.awt.EventDispatchThread.pumpOneEventForFilters(I)V (190 bytes) @ 0x00000000037f921c [0x00000000037f80c0+0x115c]
j  java.awt.EventDispatchThread.pumpEventsForFilter(ILjava/awt/Conditional;Ljava/awt/EventFilter;)V+35
j  java.awt.EventDispatchThread.pumpEventsForHierarchy(ILjava/awt/Conditional;Ljava/awt/Component;)V+11
j  java.awt.EventDispatchThread.pumpEvents(ILjava/awt/Conditional;)V+4
j  java.awt.EventDispatchThread.pumpEvents(Ljava/awt/Conditional;)V+3
j  java.awt.EventDispatchThread.run()V+9
v  ~StubRoutines::call_stub

---------------  P R O C E S S  ---------------

Java Threads: ( => current thread )
  0x000000001edb8000 JavaThread "TimerQueue" daemon [_thread_blocked, id=12856, stack(0x0000000035b50000,0x0000000035c50000)]
  0x000000001edb8800 JavaThread "D3D Screen Updater" daemon [_thread_blocked, id=2292, stack(0x0000000035940000,0x0000000035a40000)]
  0x000000001edba000 JavaThread "DestroyJavaVM" [_thread_blocked, id=10988, stack(0x0000000002f90000,0x0000000003090000)]
=>0x000000001edb9800 JavaThread "AWT-EventQueue-0" [_thread_in_native, id=4020, stack(0x0000000035540000,0x0000000035640000)]
  0x000000001ff96800 JavaThread "AWT-Windows" daemon [_thread_in_native, id=5860, stack(0x0000000031f70000,0x0000000032070000)]
  0x000000001ff94000 JavaThread "AWT-Shutdown" [_thread_blocked, id=9472, stack(0x0000000031e70000,0x0000000031f70000)]
  0x000000001ff91000 JavaThread "Java2D Disposer" daemon [_thread_blocked, id=4228, stack(0x0000000031d70000,0x0000000031e70000)]
  0x00000000200d9800 JavaThread "Thread-7" [_thread_blocked, id=11316, stack(0x000000002f840000,0x000000002f940000)]
  0x00000000200d6800 JavaThread "Thread-5" [_thread_blocked, id=4812, stack(0x000000002f640000,0x000000002f740000)]
  0x0000000020120800 JavaThread "Thread-3" [_thread_blocked, id=8372, stack(0x000000002e440000,0x000000002e540000)]
  0x000000002011f000 JavaThread "Thread-2" [_thread_blocked, id=4472, stack(0x000000002e340000,0x000000002e440000)]
  0x000000001ef35000 JavaThread "GAME_LOOP_THREAD" [_thread_in_native, id=11528, stack(0x00000000203f0000,0x00000000204f0000)]
  0x000000001ede9800 JavaThread "Service Thread" daemon [_thread_blocked, id=12372, stack(0x000000001f9f0000,0x000000001faf0000)]
  0x000000001edb4000 JavaThread "C1 CompilerThread3" daemon [_thread_blocked, id=2872, stack(0x000000001f8f0000,0x000000001f9f0000)]
  0x000000001ed8a000 JavaThread "C2 CompilerThread2" daemon [_thread_blocked, id=1788, stack(0x000000001f7f0000,0x000000001f8f0000)]
  0x000000001ed4c000 JavaThread "C2 CompilerThread1" daemon [_thread_blocked, id=8352, stack(0x000000001f6f0000,0x000000001f7f0000)]
  0x000000001ed47800 JavaThread "C2 CompilerThread0" daemon [_thread_blocked, id=10660, stack(0x000000001f5f0000,0x000000001f6f0000)]
  0x000000001ed46000 JavaThread "Monitor Ctrl-Break" daemon [_thread_in_native, id=8120, stack(0x000000001f4f0000,0x000000001f5f0000)]
  0x000000001ec22800 JavaThread "Attach Listener" daemon [_thread_blocked, id=8300, stack(0x000000001f3f0000,0x000000001f4f0000)]
  0x000000001ec21800 JavaThread "Signal Dispatcher" daemon [_thread_blocked, id=9792, stack(0x000000001f2f0000,0x000000001f3f0000)]
  0x000000001ec11000 JavaThread "Finalizer" daemon [_thread_blocked, id=1236, stack(0x000000001f0f0000,0x000000001f1f0000)]
  0x000000001ec10800 JavaThread "Reference Handler" daemon [_thread_blocked, id=1444, stack(0x000000001eff0000,0x000000001f0f0000)]

Other Threads:
  0x000000001ce09800 VMThread [stack: 0x000000001eaf0000,0x000000001ebf0000] [id=2848]
  0x000000001ee71000 WatcherThread [stack: 0x000000001faf0000,0x000000001fbf0000] [id=3804]

VM state:not at safepoint (normal execution)

VM Mutex/Monitor currently owned by a thread: None

heap address: 0x00000006c0e00000, size: 4082 MB, Compressed Oops mode: Zero based, Oop shift amount: 3
Narrow klass base: 0x0000000000000000, Narrow klass shift: 3
Compressed class space size: 1073741824 Address: 0x00000007c0000000

Heap:
 PSYoungGen      total 76288K, used 59395K [0x000000076af80000, 0x0000000770480000, 0x00000007c0000000)
  eden space 65536K, 90% used [0x000000076af80000,0x000000076e980d60,0x000000076ef80000)
  from space 10752K, 0% used [0x000000076fa00000,0x000000076fa00000,0x0000000770480000)
  to   space 10752K, 0% used [0x000000076ef80000,0x000000076ef80000,0x000000076fa00000)
 ParOldGen       total 175104K, used 0K [0x00000006c0e00000, 0x00000006cb900000, 0x000000076af80000)
  object space 175104K, 0% used [0x00000006c0e00000,0x00000006c0e00000,0x00000006cb900000)
 Metaspace       used 18675K, capacity 19019K, committed 19456K, reserved 1067008K
  class space    used 1857K, capacity 1971K, committed 2048K, reserved 1048576K

Card table byte_map: [0x0000000012730000,0x0000000012f30000] byte_map_base: 0x000000000f129000

Marking Bits: (ParMarkBitMap*) 0x00000000726e4ce0
 Begin Bits: [0x0000000013c90000, 0x0000000017c58000)
 End Bits:   [0x0000000017c58000, 0x000000001bc20000)

Polling page: 0x0000000001280000

CodeCache: size=245760Kb used=5736Kb max_used=5745Kb free=240023Kb
 bounds [0x0000000003370000, 0x0000000003910000, 0x0000000012370000]
 total_blobs=2872 nmethods=1778 adapters=1006
 compilation: enabled

Compilation events (10 events):
Event: 6.654 Thread 0x000000001edb4000 1774       3       sun.misc.FloatingDecimal$BinaryToASCIIBuffer::toJavaFormatString (23 bytes)
Event: 6.654 Thread 0x000000001edb4000 nmethod 1774 0x00000000039027d0 code [0x0000000003902940, 0x0000000003902b78]
Event: 6.654 Thread 0x000000001edb4000 1775       3       sun.misc.FloatingDecimal$BinaryToASCIIBuffer::getChars (502 bytes)
Event: 6.654 Thread 0x000000001edb4000 nmethod 1775 0x000000000390b710 code [0x000000000390b980, 0x000000000390c9f8]
Event: 6.662 Thread 0x000000001ed4c000 1777       4       java.nio.Bits::byteOrder (20 bytes)
Event: 6.662 Thread 0x000000001edb4000 1776       3       java.lang.ThreadLocal::get (38 bytes)
Event: 6.662 Thread 0x000000001ed4c000 nmethod 1777 0x00000000038ceb10 code [0x00000000038cec40, 0x00000000038cec98]
Event: 6.662 Thread 0x000000001edb4000 nmethod 1776 0x00000000039020d0 code [0x0000000003902260, 0x00000000039025e8]
Event: 6.662 Thread 0x000000001edb4000 1778       3       java.lang.ThreadLocal$ThreadLocalMap::access$000 (6 bytes)
Event: 6.662 Thread 0x000000001edb4000 nmethod 1778 0x000000000390fb90 code [0x000000000390fd00, 0x000000000390fe68]

GC Heap History (0 events):
No events

Deoptimization events (10 events):
Event: 1.153 Thread 0x000000001ef35000 Uncommon trap: reason=unstable_if action=reinterpret pc=0x000000000368d8e4 method=java.util.regex.Pattern$CharProperty.match(Ljava/util/regex/Matcher;ILjava/lang/CharSequence;)Z @ 21
Event: 3.149 Thread 0x0000000003273800 Uncommon trap: reason=unstable_if action=reinterpret pc=0x00000000036afb7c method=java.lang.ThreadLocal$ThreadLocalMap.getEntry(Ljava/lang/ThreadLocal;)Ljava/lang/ThreadLocal$ThreadLocalMap$Entry; @ 21
Event: 3.292 Thread 0x0000000003273800 Uncommon trap: reason=unstable_if action=reinterpret pc=0x0000000003656258 method=java.lang.AbstractStringBuilder.append(Ljava/lang/String;)Ljava/lang/AbstractStringBuilder; @ 1
Event: 3.292 Thread 0x0000000003273800 Uncommon trap: reason=unstable_if action=reinterpret pc=0x00000000036352d0 method=java.lang.AbstractStringBuilder.append(Ljava/lang/String;)Ljava/lang/AbstractStringBuilder; @ 1
Event: 3.294 Thread 0x0000000003273800 Uncommon trap: reason=unstable_if action=reinterpret pc=0x00000000036ebca8 method=java.util.HashMap.hash(Ljava/lang/Object;)I @ 1
Event: 3.403 Thread 0x0000000003273800 Uncommon trap: reason=class_check action=maybe_recompile pc=0x0000000003541b34 method=java.lang.String.equals(Ljava/lang/Object;)Z @ 8
Event: 3.404 Thread 0x0000000003273800 Uncommon trap: reason=class_check action=maybe_recompile pc=0x0000000003541b34 method=java.lang.String.equals(Ljava/lang/Object;)Z @ 8
Event: 3.414 Thread 0x0000000003273800 Uncommon trap: reason=class_check action=maybe_recompile pc=0x0000000003541b34 method=java.lang.String.equals(Ljava/lang/Object;)Z @ 8
Event: 3.415 Thread 0x0000000003273800 Uncommon trap: reason=class_check action=maybe_recompile pc=0x0000000003541b34 method=java.lang.String.equals(Ljava/lang/Object;)Z @ 8
Event: 4.164 Thread 0x000000001edb9800 Uncommon trap: reason=unstable_if action=reinterpret pc=0x00000000037f3894 method=java.awt.Component.inside(II)Z @ 1

Classes redefined (0 events):
No events

Internal exceptions (10 events):
Event: 0.205 Thread 0x000000001ef35000 Exception <a 'java/security/PrivilegedActionException'> (0x000000076b988828) thrown at [C:\re\workspace\8-2-build-windows-amd64-cygwin\jdk8u201\12322\hotspot\src\share\vm\prims\jvm.cpp, line 1502]
Event: 0.211 Thread 0x000000001ef35000 Implicit null exception at 0x0000000003504d1b to 0x0000000003504f0d
Event: 0.873 Thread 0x000000001ef35000 Exception <a 'sun/nio/fs/WindowsException'> (0x000000076bc77160) thrown at [C:\re\workspace\8-2-build-windows-amd64-cygwin\jdk8u201\12322\hotspot\src\share\vm\prims\jni.cpp, line 709]
Event: 0.873 Thread 0x000000001ef35000 Exception <a 'sun/nio/fs/WindowsException'> (0x000000076bc78b60) thrown at [C:\re\workspace\8-2-build-windows-amd64-cygwin\jdk8u201\12322\hotspot\src\share\vm\prims\jni.cpp, line 709]
Event: 3.143 Thread 0x0000000003273800 Exception <a 'java/io/FileNotFoundException'> (0x000000076b567100) thrown at [C:\re\workspace\8-2-build-windows-amd64-cygwin\jdk8u201\12322\hotspot\src\share\vm\prims\jni.cpp, line 709]
Event: 3.149 Thread 0x0000000003273800 Implicit null exception at 0x00000000036afacc to 0x00000000036afb5d
Event: 3.158 Thread 0x0000000003273800 Exception <a 'java/io/FileNotFoundException'> (0x000000076d688af0) thrown at [C:\re\workspace\8-2-build-windows-amd64-cygwin\jdk8u201\12322\hotspot\src\share\vm\prims\jni.cpp, line 709]
Event: 3.292 Thread 0x0000000003273800 Implicit null exception at 0x0000000003655e96 to 0x0000000003656241
Event: 3.292 Thread 0x0000000003273800 Implicit null exception at 0x0000000003634f16 to 0x00000000036352b9
Event: 3.294 Thread 0x0000000003273800 Implicit null exception at 0x00000000036eba55 to 0x00000000036ebc99

Events (10 events):
Event: 4.160 Executing VM operation: EnableBiasedLocking done
Event: 4.164 Thread 0x000000001edb9800 Uncommon trap: trap_request=0xffffff65 fr.pc=0x00000000037f3894
Event: 4.164 Thread 0x000000001edb9800 DEOPT PACKING pc=0x00000000037f3894 sp=0x000000003563d9f0
Event: 4.164 Thread 0x000000001edb9800 DEOPT UNPACKING pc=0x00000000033b583b sp=0x000000003563d8a8 mode 2
Event: 4.166 loading class java/awt/event/MouseWheelEvent
Event: 4.166 loading class java/awt/event/MouseWheelEvent done
Event: 5.833 loading class javax/swing/JSpinner$DateEditor
Event: 5.833 loading class javax/swing/JSpinner$DateEditor done
Event: 5.834 loading class java/text/ParsePosition
Event: 5.834 loading class java/text/ParsePosition done


Dynamic libraries:
0x00007ff7b3a50000 - 0x00007ff7b3a87000 	C:\Program Files\Java\jdk1.8.0_201\bin\java.exe
0x00007ffbf7510000 - 0x00007ffbf76fd000 	C:\WINDOWS\SYSTEM32\ntdll.dll
0x00007ffbf6ad0000 - 0x00007ffbf6b83000 	C:\WINDOWS\System32\KERNEL32.DLL
0x00007ffbf3ab0000 - 0x00007ffbf3d43000 	C:\WINDOWS\System32\KERNELBASE.dll
0x00007ffbf65a0000 - 0x00007ffbf6643000 	C:\WINDOWS\System32\ADVAPI32.dll
0x00007ffbf4d80000 - 0x00007ffbf4e1e000 	C:\WINDOWS\System32\msvcrt.dll
0x00007ffbf73d0000 - 0x00007ffbf746e000 	C:\WINDOWS\System32\sechost.dll
0x00007ffbf49d0000 - 0x00007ffbf4af2000 	C:\WINDOWS\System32\RPCRT4.dll
0x00007ffbf6f50000 - 0x00007ffbf70e7000 	C:\WINDOWS\System32\USER32.dll
0x00007ffbf35e0000 - 0x00007ffbf3600000 	C:\WINDOWS\System32\win32u.dll
0x00007ffbf7260000 - 0x00007ffbf7289000 	C:\WINDOWS\System32\GDI32.dll
0x00007ffbf3d80000 - 0x00007ffbf3f1a000 	C:\WINDOWS\System32\gdi32full.dll
0x00007ffbf3a10000 - 0x00007ffbf3ab0000 	C:\WINDOWS\System32\msvcp_win.dll
0x00007ffbf3680000 - 0x00007ffbf377c000 	C:\WINDOWS\System32\ucrtbase.dll
0x00007ffbe7410000 - 0x00007ffbe7689000 	C:\WINDOWS\WinSxS\amd64_microsoft.windows.common-controls_6595b64144ccf1df_6.0.17763.316_none_05b53be2071f46b6\COMCTL32.dll
0x00007ffbf6b90000 - 0x00007ffbf6ebd000 	C:\WINDOWS\System32\combase.dll
0x00007ffbf3f70000 - 0x00007ffbf3fee000 	C:\WINDOWS\System32\bcryptPrimitives.dll
0x00007ffbf4be0000 - 0x00007ffbf4c0e000 	C:\WINDOWS\System32\IMM32.DLL
0x0000000072770000 - 0x0000000072841000 	C:\Program Files\Java\jdk1.8.0_201\jre\bin\msvcr100.dll
0x0000000071ec0000 - 0x0000000072764000 	C:\Program Files\Java\jdk1.8.0_201\jre\bin\server\jvm.dll
0x00007ffbf74d0000 - 0x00007ffbf74d8000 	C:\WINDOWS\System32\PSAPI.DLL
0x00007ffbf00c0000 - 0x00007ffbf00e4000 	C:\WINDOWS\SYSTEM32\WINMM.dll
0x00007ffbb9450000 - 0x00007ffbb9459000 	C:\WINDOWS\SYSTEM32\WSOCK32.dll
0x00007ffbedd80000 - 0x00007ffbedd8a000 	C:\WINDOWS\SYSTEM32\VERSION.dll
0x00007ffbf6ee0000 - 0x00007ffbf6f4d000 	C:\WINDOWS\System32\WS2_32.dll
0x00007ffbf0090000 - 0x00007ffbf00bd000 	C:\WINDOWS\SYSTEM32\winmmbase.dll
0x00007ffbf3f20000 - 0x00007ffbf3f6a000 	C:\WINDOWS\System32\cfgmgr32.dll
0x00007ffbe7120000 - 0x00007ffbe712f000 	C:\Program Files\Java\jdk1.8.0_201\jre\bin\verify.dll
0x00007ffbe5280000 - 0x00007ffbe52a9000 	C:\Program Files\Java\jdk1.8.0_201\jre\bin\java.dll
0x00007ffbe4500000 - 0x00007ffbe4523000 	C:\Program Files\Java\jdk1.8.0_201\jre\bin\instrument.dll
0x00007ffbe64b0000 - 0x00007ffbe64c6000 	C:\Program Files\Java\jdk1.8.0_201\jre\bin\zip.dll
0x00007ffbf4e20000 - 0x00007ffbf630f000 	C:\WINDOWS\System32\SHELL32.dll
0x00007ffbf4cd0000 - 0x00007ffbf4d78000 	C:\WINDOWS\System32\shcore.dll
0x00007ffbf3ff0000 - 0x00007ffbf473a000 	C:\WINDOWS\System32\windows.storage.dll
0x00007ffbf3530000 - 0x00007ffbf3554000 	C:\WINDOWS\System32\profapi.dll
0x00007ffbf3580000 - 0x00007ffbf35dd000 	C:\WINDOWS\System32\powrprof.dll
0x00007ffbf7290000 - 0x00007ffbf72e2000 	C:\WINDOWS\System32\shlwapi.dll
0x00007ffbf3510000 - 0x00007ffbf3521000 	C:\WINDOWS\System32\kernel.appcore.dll
0x00007ffbf3660000 - 0x00007ffbf3677000 	C:\WINDOWS\System32\cryptsp.dll
0x00007ffbf02e0000 - 0x00007ffbf02fa000 	C:\Program Files\JetBrains\IntelliJ IDEA 2018.3.4\bin\breakgen64.dll
0x00007ffbe3670000 - 0x00007ffbe368a000 	C:\Program Files\Java\jdk1.8.0_201\jre\bin\net.dll
0x00007ffbeb0d0000 - 0x00007ffbeb2a7000 	C:\WINDOWS\SYSTEM32\urlmon.dll
0x00007ffbe9fe0000 - 0x00007ffbea288000 	C:\WINDOWS\SYSTEM32\iertutil.dll
0x00007ffbf2f70000 - 0x00007ffbf2f7c000 	C:\WINDOWS\SYSTEM32\CRYPTBASE.DLL
0x00007ffbf2da0000 - 0x00007ffbf2e07000 	C:\WINDOWS\system32\mswsock.dll
0x00007ffbe2e20000 - 0x00007ffbe2e31000 	C:\Program Files\Java\jdk1.8.0_201\jre\bin\nio.dll
0x00007ffbcf4f0000 - 0x00007ffbcf54b000 	C:\Users\Mason\AppData\Local\Temp\lwjglMason\3.1.6-build-14\lwjgl.dll
0x00007ffbcf490000 - 0x00007ffbcf4e1000 	C:\Users\Mason\AppData\Local\Temp\lwjglMason\3.1.6-build-14\glfw.dll
0x00007ffbf18f0000 - 0x00007ffbf198c000 	C:\WINDOWS\system32\uxtheme.dll
0x00007ffbcec30000 - 0x00007ffbcec74000 	C:\WINDOWS\SYSTEM32\dinput8.dll
0x00007ffbe62a0000 - 0x00007ffbe62b1000 	C:\WINDOWS\SYSTEM32\xinput1_4.dll
0x00007ffbf3320000 - 0x00007ffbf3349000 	C:\WINDOWS\SYSTEM32\DEVOBJ.dll
0x00007ffbf1c30000 - 0x00007ffbf1c5e000 	C:\WINDOWS\SYSTEM32\dwmapi.dll
0x00007ffbf3830000 - 0x00007ffbf3a0b000 	C:\WINDOWS\System32\CRYPT32.dll
0x00007ffbf3560000 - 0x00007ffbf3572000 	C:\WINDOWS\System32\MSASN1.dll
0x00007ffbe9840000 - 0x00007ffbe990c000 	C:\WINDOWS\SYSTEM32\inputhost.dll
0x00007ffbf15f0000 - 0x00007ffbf16d2000 	C:\WINDOWS\SYSTEM32\CoreMessaging.dll
0x00007ffbf0af0000 - 0x00007ffbf10ae000 	C:\WINDOWS\SYSTEM32\d2d1.dll
0x00007ffbf1d10000 - 0x00007ffbf1f1d000 	C:\WINDOWS\SYSTEM32\twinapi.appcore.dll
0x00007ffbef2c0000 - 0x00007ffbef5e2000 	C:\WINDOWS\SYSTEM32\CoreUIComponents.dll
0x00007ffbf0870000 - 0x00007ffbf0aee000 	C:\WINDOWS\SYSTEM32\d3d11.dll
0x00007ffbefaf0000 - 0x00007ffbefc98000 	C:\WINDOWS\SYSTEM32\PROPSYS.dll
0x00007ffbf1f20000 - 0x00007ffbf1f48000 	C:\WINDOWS\SYSTEM32\RMCLIENT.dll
0x00007ffbf25e0000 - 0x00007ffbf2611000 	C:\WINDOWS\SYSTEM32\ntmarta.dll
0x00007ffbf4b00000 - 0x00007ffbf4bcb000 	C:\WINDOWS\System32\OLEAUT32.dll
0x00007ffbef0e0000 - 0x00007ffbef233000 	C:\WINDOWS\SYSTEM32\wintypes.dll
0x00007ffbf22a0000 - 0x00007ffbf2362000 	C:\WINDOWS\SYSTEM32\dxgi.dll
0x00007ffbf70f0000 - 0x00007ffbf725a000 	C:\WINDOWS\System32\MSCTF.dll
0x00007ffbf2210000 - 0x00007ffbf221e000 	C:\WINDOWS\SYSTEM32\HID.DLL
0x00007ffbf6650000 - 0x00007ffbf6ac5000 	C:\WINDOWS\System32\SETUPAPI.DLL
0x00007ffbf3d50000 - 0x00007ffbf3d76000 	C:\WINDOWS\System32\bcrypt.dll
0x00007ffbf3600000 - 0x00007ffbf3658000 	C:\WINDOWS\System32\WINTRUST.dll
0x00007ffbbddb0000 - 0x00007ffbbded7000 	C:\WINDOWS\SYSTEM32\opengl32.dll
0x00007ffbe52b0000 - 0x00007ffbe52dc000 	C:\WINDOWS\SYSTEM32\GLU32.dll
0x000000006f630000 - 0x0000000071cf2000 	C:\WINDOWS\System32\DriverStore\FileRepository\nv_dispi.inf_amd64_21a764822be8dff8\nvoglv64.dll
0x00007ffbf4870000 - 0x00007ffbf49c5000 	C:\WINDOWS\System32\ole32.dll
0x00007ffbefe10000 - 0x00007ffbefe23000 	C:\WINDOWS\SYSTEM32\WTSAPI32.dll
0x00007ffbf2650000 - 0x00007ffbf26a8000 	C:\WINDOWS\SYSTEM32\WINSTA.dll
0x00007ffbe9910000 - 0x00007ffbe99a5000 	C:\WINDOWS\System32\TextInputFramework.dll
0x00007ffbcebd0000 - 0x00007ffbcec2f000 	C:\Users\Mason\AppData\Local\Temp\lwjglMason\3.1.6-build-14\lwjgl_opengl.dll
0x00007ffbbc200000 - 0x00007ffbbc755000 	C:\Users\Mason\AppData\Local\Temp\lwjglMason\3.1.6-build-14\assimp.dll
0x00007ffbbedc0000 - 0x00007ffbbee3e000 	C:\Users\Mason\AppData\Local\Temp\lwjglMason\3.1.6-build-14\lwjgl_stb.dll
0x00007ffbbd820000 - 0x00007ffbbd9b9000 	C:\Program Files\Java\jdk1.8.0_201\jre\bin\awt.dll
0x00007ffbf1800000 - 0x00007ffbf188c000 	C:\WINDOWS\SYSTEM32\apphelp.dll
0x00007ffbe47f0000 - 0x00007ffbe498e000 	C:\WINDOWS\system32\d3d9.dll
0x00007ffbedd90000 - 0x00007ffbede7e000 	C:\WINDOWS\System32\DriverStore\FileRepository\nv_dispi.inf_amd64_21a764822be8dff8\nvldumdx.dll
0x00007ffbf6ec0000 - 0x00007ffbf6edd000 	C:\WINDOWS\System32\imagehlp.dll
0x00007ffbf2960000 - 0x00007ffbf2993000 	C:\WINDOWS\system32\rsaenh.dll
0x00007ffbb98c0000 - 0x00007ffbbacfc000 	C:\WINDOWS\System32\DriverStore\FileRepository\nv_dispi.inf_amd64_21a764822be8dff8\nvd3dumx.dll
0x00007ffbf2220000 - 0x00007ffbf2242000 	C:\WINDOWS\SYSTEM32\gpapi.dll
0x00007ffbeb5d0000 - 0x00007ffbeb5ff000 	C:\WINDOWS\SYSTEM32\cryptnet.dll
0x00007ffbbd7d0000 - 0x00007ffbbd817000 	C:\Program Files\Java\jdk1.8.0_201\jre\bin\fontmanager.dll
0x00007ffbbd780000 - 0x00007ffbbd7c2000 	C:\Program Files\Java\jdk1.8.0_201\jre\bin\t2k.dll
0x00007ffbf4c10000 - 0x00007ffbf4cb2000 	C:\WINDOWS\System32\clbcatq.dll
0x00007ffbeef20000 - 0x00007ffbef0d8000 	C:\WINDOWS\SYSTEM32\WindowsCodecs.dll
0x00007ffbc8470000 - 0x00007ffbc84c6000 	C:\WINDOWS\system32\dataexchange.dll
0x00007ffbf10b0000 - 0x00007ffbf1273000 	C:\WINDOWS\system32\dcomp.dll
0x00007ffbdfba0000 - 0x00007ffbdfd8d000 	C:\WINDOWS\SYSTEM32\dbghelp.dll

VM Arguments:
jvm_args: -javaagent:C:\Program Files\JetBrains\IntelliJ IDEA 2018.3.4\lib\idea_rt.jar=58481:C:\Program Files\JetBrains\IntelliJ IDEA 2018.3.4\bin -Dfile.encoding=UTF-8 
java_command: org.lwjglb.game.Main
java_class_path (initial): C:\Program Files\Java\jdk1.8.0_201\jre\lib\charsets.jar;C:\Program Files\Java\jdk1.8.0_201\jre\lib\deploy.jar;C:\Program Files\Java\jdk1.8.0_201\jre\lib\ext\access-bridge-64.jar;C:\Program Files\Java\jdk1.8.0_201\jre\lib\ext\cldrdata.jar;C:\Program Files\Java\jdk1.8.0_201\jre\lib\ext\dnsns.jar;C:\Program Files\Java\jdk1.8.0_201\jre\lib\ext\jaccess.jar;C:\Program Files\Java\jdk1.8.0_201\jre\lib\ext\jfxrt.jar;C:\Program Files\Java\jdk1.8.0_201\jre\lib\ext\localedata.jar;C:\Program Files\Java\jdk1.8.0_201\jre\lib\ext\nashorn.jar;C:\Program Files\Java\jdk1.8.0_201\jre\lib\ext\sunec.jar;C:\Program Files\Java\jdk1.8.0_201\jre\lib\ext\sunjce_provider.jar;C:\Program Files\Java\jdk1.8.0_201\jre\lib\ext\sunmscapi.jar;C:\Program Files\Java\jdk1.8.0_201\jre\lib\ext\sunpkcs11.jar;C:\Program Files\Java\jdk1.8.0_201\jre\lib\ext\zipfs.jar;C:\Program Files\Java\jdk1.8.0_201\jre\lib\javaws.jar;C:\Program Files\Java\jdk1.8.0_201\jre\lib\jce.jar;C:\Program Files\Java\jdk1.8.0_201\jre\lib\jfr.jar;C:\Program Files\Java\jdk1.8.0_201\jre\lib\jfxswt.jar;C:\Program Files\Java\jdk1.8.0_201\jre\lib\jsse.jar;C:\Program Files\Java\jdk1.8.0_201\jre\lib\management-agent.jar;C:\Program Files\Java\jdk1.8.0_201\jre\lib\plugin.jar;C:\Program Files\Java\jdk1.8.0_201\jre\lib\resources.jar;C:\Program Files\Java\jdk1.8.0_201\jre\lib\rt.jar;C:\GIT\w0422681\PROG1400\Game_03\target\classes;C:\Users\Mason\.m2\repository\org\lwjgl\lwjgl\3.1.6\lwjgl-3.1.6.jar;C:\Users\Mason\.m2\repository\org\lwjgl\lwjgl-glfw\3.1.6\lwjgl-glfw-3.1.6.jar;C:\Users\Mason\.m2\repository\org\lwjgl\lwjgl-opengl\3.1.6\lwjgl-opengl-3.1.6.jar;C:\Users\Mason\.m2\repository\org\lwjgl\lwjgl-openal\3.1.6\lwjgl-openal-3.1.6.jar;C:\Users\Mason\.m2\repository\org\lwjgl\lwjgl-stb\3.1.6\lwjgl-stb-3.1.6.jar;C:\Users\Mason\.m2\repository\org\lwjgl\lwjgl-nanovg\3.1.6\lwjgl-nanovg-3.1.6.jar;C:\Users\Mason\.m2\repository\org\lwjgl\lwjgl-assimp\3.1.6\lwjgl-assimp-3.1.6.jar;C:\Users\Mason\.m2\repository\org\joml\joml\1.9.9\j
Launcher Type: SUN_STANDARD

Environment Variables:
CLASSPATH=.;C:\Program Files (x86)\QuickTime\QTSystem\QTJava.zip
PATH=C:\Program Files (x86)\Common Files\Oracle\Java\javapath;C:\Program Files (x86)\Intel\Intel(R) Management Engine Components\iCLS\;C:\Program Files\Intel\Intel(R) Management Engine Components\iCLS\;C:\Windows\system32;C:\Windows;C:\Windows\System32\Wbem;C:\Windows\System32\WindowsPowerShell\v1.0\;C:\Windows\System32\OpenSSH\;C:\Program Files (x86)\NVIDIA Corporation\PhysX\Common;C:\Program Files (x86)\Intel\Intel(R) Management Engine Components\DAL;C:\Program Files\Intel\Intel(R) Management Engine Components\DAL;C:\Program Files (x86)\WiX Toolset v3.11\bin;C:\WINDOWS\system32;C:\WINDOWS;C:\WINDOWS\System32\Wbem;C:\WINDOWS\System32\WindowsPowerShell\v1.0\;C:\WINDOWS\System32\OpenSSH\;C:\Program Files\Git\cmd;C:\Program Files (x86)\QuickTime\QTSystem\;C:\Users\Mason\AppData\Local\Microsoft\WindowsApps;
USERNAME=Mason
OS=Windows_NT
PROCESSOR_IDENTIFIER=Intel64 Family 6 Model 158 Stepping 9, GenuineIntel



---------------  S Y S T E M  ---------------

OS: Windows 10.0 , 64 bit Build 17763 (10.0.17763.292)

CPU:total 8 (initial active 8) (4 cores per cpu, 2 threads per core) family 6 model 158 stepping 9, cmov, cx8, fxsr, mmx, sse, sse2, sse3, ssse3, sse4.1, sse4.2, popcnt, avx, avx2, aes, clmul, erms, rtm, 3dnowpref, lzcnt, ht, tsc, tscinvbit, bmi1, bmi2, adx

Memory: 4k page, physical 16714460k(9579320k free), swap 33491676k(21646288k free)

vm_info: Java HotSpot(TM) 64-Bit Server VM (25.201-b09) for windows-amd64 JRE (1.8.0_201-b09), built on Dec 15 2018 18:36:39 by "java_re" with MS VC++ 10.0 (VS2010)

time: Fri Mar 01 13:48:36 2019
timezone: Atlantic Standard Time
elapsed time: 6 seconds (0d 0h 0m 6s)

