#
# A fatal error has been detected by the Java Runtime Environment:
#
#  EXCEPTION_ACCESS_VIOLATION (0xc0000005) at pc=0x00007ffbcf4a846d, pid=3904, tid=0x00000000000017f0
#
# JRE version: Java(TM) SE Runtime Environment (8.0_201-b09) (build 1.8.0_201-b09)
# Java VM: Java HotSpot(TM) 64-Bit Server VM (25.201-b09 mixed mode windows-amd64 compressed oops)
# Problematic frame:
# C  [lwjgl_opengl.dll+0x846d]
#
# Failed to write core dump. Minidumps are not enabled by default on client versions of Windows
#
# If you would like to submit a bug report, please visit:
#   http://bugreport.java.com/bugreport/crash.jsp
# The crash happened outside the Java Virtual Machine in native code.
# See problematic frame for where to report the bug.
#

---------------  T H R E A D  ---------------

Current thread (0x000000001f3bb800):  JavaThread "AWT-EventQueue-0" [_thread_in_native, id=6128, stack(0x00000000354a0000,0x00000000355a0000)]

siginfo: ExceptionCode=0xc0000005, reading address 0x0000000000000f70

Registers:
RAX=0x0000000072668eb0, RBX=0x000000001bf6d888, RCX=0x0000000000000001, RDX=0x000000001f0e92fc
RSP=0x000000003559c868, RBP=0x000000003559c8f0, RSI=0x000000002d3b0260, RDI=0x000000002d3b00c0
R8 =0x0000000000000001, R9 =0x000000001f0e92fc, R10=0x0000000000000000, R11=0x00000000720ecd40
R12=0x0000000000000000, R13=0x000000001bf6d888, R14=0x000000003559c920, R15=0x000000001f3bb800
RIP=0x00007ffbcf4a846d, EFLAGS=0x0000000000010202

Top of Stack: (sp=0x000000003559c868)
0x000000003559c868:   00000000027a8c67 000000001bcfc1c3
0x000000003559c878:   000000003559c8c0 000000001bd035b8
0x000000003559c888:   0000000000000000 000000001bcfc1e8
0x000000003559c898:   0000000000000000 000000003559c8b8
0x000000003559c8a8:   000000003559c908 000000003559c8b0
0x000000003559c8b8:   0000000000000000 000000003559c920
0x000000003559c8c8:   000000001bf70370 0000000000000000
0x000000003559c8d8:   000000001bf6d888 0000000000000000
0x000000003559c8e8:   000000003559c910 000000003559c968
0x000000003559c8f8:   000000000279835d 000000076bff7eb8
0x000000003559c908:   00000000027a21d8 000000001f0e92fc
0x000000003559c918:   000000076e904bc0 0000000000000001
0x000000003559c928:   000000003559c928 000000001bf6d9fc
0x000000003559c938:   000000003559c998 000000001bf70370
0x000000003559c948:   0000000000000000 000000001bf6da68
0x000000003559c958:   000000003559c910 000000003559c9a0 

Instructions: (pc=0x00007ffbcf4a846d)
0x00007ffbcf4a844d:   49 ff a2 30 0a 00 00 cc cc cc cc cc cc cc cc cc
0x00007ffbcf4a845d:   cc cc cc 48 8b 01 49 8b d1 41 8b c8 4c 8b 50 18
0x00007ffbcf4a846d:   49 ff a2 70 0f 00 00 cc cc cc cc cc cc cc cc cc
0x00007ffbcf4a847d:   cc cc cc 48 8b 01 48 8b 48 18 48 8b 81 78 1c 00 


Register to memory mapping:

RAX=0x0000000072668eb0 is an unknown value
RBX={method} {0x000000001bf6d890} 'nglGenVertexArrays' '(IJ)V' in 'org/lwjgl/opengl/GL30'
RCX=0x0000000000000001 is an unknown value
RDX=0x000000001f0e92fc is an unknown value
RSP=0x000000003559c868 is pointing into the stack for thread: 0x000000001f3bb800
RBP=0x000000003559c8f0 is pointing into the stack for thread: 0x000000001f3bb800
RSI=0x000000002d3b0260 is pointing into metadata
RDI=0x000000002d3b00c0 is pointing into metadata
R8 =0x0000000000000001 is an unknown value
R9 =0x000000001f0e92fc is an unknown value
R10=0x0000000000000000 is an unknown value
R11=0x00000000720ecd40 is an unknown value
R12=0x0000000000000000 is an unknown value
R13={method} {0x000000001bf6d890} 'nglGenVertexArrays' '(IJ)V' in 'org/lwjgl/opengl/GL30'
R14=0x000000003559c920 is pointing into the stack for thread: 0x000000001f3bb800
R15=0x000000001f3bb800 is a thread


Stack: [0x00000000354a0000,0x00000000355a0000],  sp=0x000000003559c868,  free space=1010k
Native frames: (J=compiled Java code, j=interpreted, Vv=VM code, C=native code)
C  [lwjgl_opengl.dll+0x846d]

Java frames: (J=compiled Java code, j=interpreted, Vv=VM code)
j  org.lwjgl.opengl.GL30.nglGenVertexArrays(IJ)V+0
j  org.lwjgl.opengl.GL30.glGenVertexArrays()I+20
j  org.lwjglb.engine.graph.Mesh.<init>([F[F[F[I[I[F)V+46
j  org.lwjglb.engine.graph.Mesh.<init>([F[F[F[I)V+26
j  org.lwjglb.engine.loaders.assimp.StaticMeshesLoader.processMesh(Lorg/lwjgl/assimp/AIMesh;Ljava/util/List;)Lorg/lwjglb/engine/graph/Mesh;+78
j  org.lwjglb.engine.loaders.assimp.StaticMeshesLoader.load(Ljava/lang/String;Ljava/lang/String;I)[Lorg/lwjglb/engine/graph/Mesh;+122
j  org.lwjglb.engine.loaders.assimp.StaticMeshesLoader.load(Ljava/lang/String;Ljava/lang/String;)[Lorg/lwjglb/engine/graph/Mesh;+5
j  org.lwjglb.engine.items.Car.addMeshOnScreen()V+4
j  org.lwjglb.game.GameGUI$3.actionPerformed(Ljava/awt/event/ActionEvent;)V+209
j  javax.swing.AbstractButton.fireActionPerformed(Ljava/awt/event/ActionEvent;)V+83
j  javax.swing.AbstractButton$Handler.actionPerformed(Ljava/awt/event/ActionEvent;)V+5
j  javax.swing.DefaultButtonModel.fireActionPerformed(Ljava/awt/event/ActionEvent;)V+34
j  javax.swing.DefaultButtonModel.setPressed(Z)V+117
j  javax.swing.plaf.basic.BasicButtonListener.mouseReleased(Ljava/awt/event/MouseEvent;)V+35
j  java.awt.Component.processMouseEvent(Ljava/awt/event/MouseEvent;)V+64
j  javax.swing.JComponent.processMouseEvent(Ljava/awt/event/MouseEvent;)V+23
J 1696 C1 java.awt.Component.processEvent(Ljava/awt/AWTEvent;)V (220 bytes) @ 0x0000000002cc1064 [0x0000000002cc0b40+0x524]
J 1695 C1 java.awt.Container.processEvent(Ljava/awt/AWTEvent;)V (22 bytes) @ 0x0000000002cc068c [0x0000000002cc0360+0x32c]
J 1651 C1 java.awt.Component.dispatchEventImpl(Ljava/awt/AWTEvent;)V (921 bytes) @ 0x0000000002ca1544 [0x0000000002c9c000+0x5544]
J 1524 C1 java.awt.Container.dispatchEventImpl(Ljava/awt/AWTEvent;)V (129 bytes) @ 0x0000000002c24f0c [0x0000000002c24dc0+0x14c]
J 1523 C1 java.awt.Component.dispatchEvent(Ljava/awt/AWTEvent;)V (6 bytes) @ 0x0000000002c24a44 [0x0000000002c24940+0x104]
j  java.awt.LightweightDispatcher.retargetMouseEvent(Ljava/awt/Component;ILjava/awt/event/MouseEvent;)V+349
j  java.awt.LightweightDispatcher.processMouseEvent(Ljava/awt/event/MouseEvent;)Z+155
J 1653 C1 java.awt.LightweightDispatcher.dispatchEvent(Ljava/awt/AWTEvent;)Z (73 bytes) @ 0x0000000002cad83c [0x0000000002cad400+0x43c]
J 1524 C1 java.awt.Container.dispatchEventImpl(Ljava/awt/AWTEvent;)V (129 bytes) @ 0x0000000002c24eac [0x0000000002c24dc0+0xec]
J 1639 C1 java.awt.Window.dispatchEventImpl(Ljava/awt/AWTEvent;)V (23 bytes) @ 0x0000000002c941a4 [0x0000000002c93bc0+0x5e4]
J 1552 C1 java.awt.EventQueue.dispatchEventImpl(Ljava/awt/AWTEvent;Ljava/lang/Object;)V (149 bytes) @ 0x0000000002c3ae3c [0x0000000002c395c0+0x187c]
J 1550 C1 java.awt.EventQueue$3.run()Ljava/lang/Void; (60 bytes) @ 0x0000000002c3899c [0x0000000002c38780+0x21c]
J 1549 C1 java.awt.EventQueue$3.run()Ljava/lang/Object; (5 bytes) @ 0x0000000002c3840c [0x0000000002c38380+0x8c]
v  ~StubRoutines::call_stub
J 1492  java.security.AccessController.doPrivileged(Ljava/security/PrivilegedAction;Ljava/security/AccessControlContext;)Ljava/lang/Object; (0 bytes) @ 0x0000000002c0bea6 [0x0000000002c0be40+0x66]
J 1608 C1 java.awt.EventQueue$4.run()Ljava/lang/Object; (5 bytes) @ 0x0000000002c7adf4 [0x0000000002c7a9c0+0x434]
v  ~StubRoutines::call_stub
J 1492  java.security.AccessController.doPrivileged(Ljava/security/PrivilegedAction;Ljava/security/AccessControlContext;)Ljava/lang/Object; (0 bytes) @ 0x0000000002c0bea6 [0x0000000002c0be40+0x66]
J 1509 C1 java.awt.EventQueue.dispatchEvent(Ljava/awt/AWTEvent;)V (80 bytes) @ 0x0000000002c17c7c [0x0000000002c16dc0+0xebc]
J 1511 C1 java.awt.EventDispatchThread.pumpOneEventForFilters(I)V (190 bytes) @ 0x0000000002c1a3dc [0x0000000002c19280+0x115c]
j  java.awt.EventDispatchThread.pumpEventsForFilter(ILjava/awt/Conditional;Ljava/awt/EventFilter;)V+35
j  java.awt.EventDispatchThread.pumpEventsForHierarchy(ILjava/awt/Conditional;Ljava/awt/Component;)V+11
j  java.awt.EventDispatchThread.pumpEvents(ILjava/awt/Conditional;)V+4
j  java.awt.EventDispatchThread.pumpEvents(Ljava/awt/Conditional;)V+3
j  java.awt.EventDispatchThread.run()V+9
v  ~StubRoutines::call_stub

---------------  P R O C E S S  ---------------

Java Threads: ( => current thread )
  0x000000001f3be000 JavaThread "TimerQueue" daemon [_thread_blocked, id=3280, stack(0x000000005fb00000,0x000000005fc00000)]
  0x000000001f3ba000 JavaThread "D3D Screen Updater" daemon [_thread_blocked, id=12908, stack(0x0000000039d30000,0x0000000039e30000)]
  0x000000001f3b7000 JavaThread "DestroyJavaVM" [_thread_blocked, id=8912, stack(0x0000000002390000,0x0000000002490000)]
=>0x000000001f3bb800 JavaThread "AWT-EventQueue-0" [_thread_in_native, id=6128, stack(0x00000000354a0000,0x00000000355a0000)]
  0x000000001f72e800 JavaThread "AWT-Windows" daemon [_thread_in_native, id=11588, stack(0x000000002ec80000,0x000000002ed80000)]
  0x000000001f7ba000 JavaThread "AWT-Shutdown" [_thread_blocked, id=4796, stack(0x000000002eb80000,0x000000002ec80000)]
  0x000000001f7b9000 JavaThread "Java2D Disposer" daemon [_thread_blocked, id=5796, stack(0x000000002ea80000,0x000000002eb80000)]
  0x000000001f672000 JavaThread "Thread-7" [_thread_blocked, id=10564, stack(0x000000002e980000,0x000000002ea80000)]
  0x000000001f671000 JavaThread "Thread-5" [_thread_blocked, id=5176, stack(0x000000002e780000,0x000000002e880000)]
  0x000000001f670800 JavaThread "Thread-3" [_thread_blocked, id=4700, stack(0x000000002d980000,0x000000002da80000)]
  0x000000001f6d7800 JavaThread "Thread-2" [_thread_blocked, id=10460, stack(0x000000002d880000,0x000000002d980000)]
  0x000000001e310800 JavaThread "GAME_LOOP_THREAD" [_thread_in_native, id=6760, stack(0x000000001f7f0000,0x000000001f8f0000)]
  0x000000001e1ea000 JavaThread "Service Thread" daemon [_thread_blocked, id=1312, stack(0x000000001edf0000,0x000000001eef0000)]
  0x000000001e1b5000 JavaThread "C1 CompilerThread3" daemon [_thread_blocked, id=5672, stack(0x000000001ecf0000,0x000000001edf0000)]
  0x000000001e16a000 JavaThread "C2 CompilerThread2" daemon [_thread_blocked, id=9076, stack(0x000000001ebf0000,0x000000001ecf0000)]
  0x000000001e14b800 JavaThread "C2 CompilerThread1" daemon [_thread_blocked, id=12972, stack(0x000000001eaf0000,0x000000001ebf0000)]
  0x000000001e147000 JavaThread "C2 CompilerThread0" daemon [_thread_blocked, id=8468, stack(0x000000001e9f0000,0x000000001eaf0000)]
  0x000000001e145800 JavaThread "Monitor Ctrl-Break" daemon [_thread_in_native, id=9044, stack(0x000000001e8f0000,0x000000001e9f0000)]
  0x000000001e025800 JavaThread "Attach Listener" daemon [_thread_blocked, id=3236, stack(0x000000001e7f0000,0x000000001e8f0000)]
  0x000000001e023000 JavaThread "Signal Dispatcher" daemon [_thread_blocked, id=9064, stack(0x000000001e6f0000,0x000000001e7f0000)]
  0x000000001c22e000 JavaThread "Finalizer" daemon [_thread_blocked, id=9364, stack(0x000000001e4f0000,0x000000001e5f0000)]
  0x000000001e010800 JavaThread "Reference Handler" daemon [_thread_blocked, id=6632, stack(0x000000001e3f0000,0x000000001e4f0000)]

Other Threads:
  0x000000001c22a000 VMThread [stack: 0x000000001def0000,0x000000001dff0000] [id=8788]
  0x000000001e1cd000 WatcherThread [stack: 0x000000001eef0000,0x000000001eff0000] [id=13332]

VM state:not at safepoint (normal execution)

VM Mutex/Monitor currently owned by a thread: None

heap address: 0x00000006c0e00000, size: 4082 MB, Compressed Oops mode: Zero based, Oop shift amount: 3
Narrow klass base: 0x0000000000000000, Narrow klass shift: 3
Compressed class space size: 1073741824 Address: 0x00000007c0000000

Heap:
 PSYoungGen      total 76288K, used 59394K [0x000000076af80000, 0x0000000770480000, 0x00000007c0000000)
  eden space 65536K, 90% used [0x000000076af80000,0x000000076e980bb8,0x000000076ef80000)
  from space 10752K, 0% used [0x000000076fa00000,0x000000076fa00000,0x0000000770480000)
  to   space 10752K, 0% used [0x000000076ef80000,0x000000076ef80000,0x000000076fa00000)
 ParOldGen       total 175104K, used 0K [0x00000006c0e00000, 0x00000006cb900000, 0x000000076af80000)
  object space 175104K, 0% used [0x00000006c0e00000,0x00000006c0e00000,0x00000006cb900000)
 Metaspace       used 18622K, capacity 18955K, committed 19200K, reserved 1067008K
  class space    used 1858K, capacity 1971K, committed 2048K, reserved 1048576K

Card table byte_map: [0x0000000011b50000,0x0000000012350000] byte_map_base: 0x000000000e549000

Marking Bits: (ParMarkBitMap*) 0x00000000726e4ce0
 Begin Bits: [0x00000000130b0000, 0x0000000017078000)
 End Bits:   [0x0000000017078000, 0x000000001b040000)

Polling page: 0x0000000000560000

CodeCache: size=245760Kb used=5401Kb max_used=5401Kb free=240358Kb
 bounds [0x0000000002790000, 0x0000000002ce0000, 0x0000000011790000]
 total_blobs=2823 nmethods=1729 adapters=1006
 compilation: enabled

Compilation events (10 events):
Event: 6.346 Thread 0x000000001e1b5000 1724       1       sun.awt.image.SunVolatileImage::getWidth (5 bytes)
Event: 6.346 Thread 0x000000001e1b5000 nmethod 1724 0x0000000002cd0550 code [0x0000000002cd06a0, 0x0000000002cd07b0]
Event: 6.346 Thread 0x000000001e1b5000 1725       1       sun.awt.image.SunVolatileImage::getHeight (5 bytes)
Event: 6.346 Thread 0x000000001e1b5000 nmethod 1725 0x0000000002cd0290 code [0x0000000002cd03e0, 0x0000000002cd04f0]
Event: 6.431 Thread 0x000000001e1b5000 1727       3       sun.nio.cs.UTF_8::access$200 (8 bytes)
Event: 6.431 Thread 0x000000001e1b5000 nmethod 1727 0x0000000002ccfa50 code [0x0000000002ccfbe0, 0x0000000002cd0078]
Event: 6.431 Thread 0x000000001e1b5000 1729       3       java.io.BufferedWriter::ensureOpen (18 bytes)
Event: 6.431 Thread 0x000000001e1b5000 nmethod 1729 0x0000000002ccf5d0 code [0x0000000002ccf740, 0x0000000002ccf988]
Event: 6.431 Thread 0x000000001e1b5000 1728       3       sun.nio.cs.UTF_8::updatePositions (23 bytes)
Event: 6.432 Thread 0x000000001e1b5000 nmethod 1728 0x0000000002cd8f50 code [0x0000000002cd90e0, 0x0000000002cd9518]

GC Heap History (0 events):
No events

Deoptimization events (10 events):
Event: 3.158 Thread 0x0000000002693800 Uncommon trap: reason=unstable_if action=reinterpret pc=0x0000000002ac337c method=java.lang.ThreadLocal$ThreadLocalMap.getEntry(Ljava/lang/ThreadLocal;)Ljava/lang/ThreadLocal$ThreadLocalMap$Entry; @ 21
Event: 3.296 Thread 0x0000000002693800 Uncommon trap: reason=unstable_if action=reinterpret pc=0x0000000002a7b6d8 method=java.lang.AbstractStringBuilder.append(Ljava/lang/String;)Ljava/lang/AbstractStringBuilder; @ 1
Event: 3.296 Thread 0x0000000002693800 Uncommon trap: reason=unstable_if action=reinterpret pc=0x0000000002a4bfd0 method=java.lang.AbstractStringBuilder.append(Ljava/lang/String;)Ljava/lang/AbstractStringBuilder; @ 1
Event: 3.298 Thread 0x0000000002693800 Uncommon trap: reason=unstable_if action=reinterpret pc=0x0000000002b051a8 method=java.util.HashMap.hash(Ljava/lang/Object;)I @ 1
Event: 3.331 Thread 0x0000000002693800 Uncommon trap: reason=unstable_if action=reinterpret pc=0x0000000002ac3e04 method=java.lang.ThreadLocal$ThreadLocalMap.getEntry(Ljava/lang/ThreadLocal;)Ljava/lang/ThreadLocal$ThreadLocalMap$Entry; @ 21
Event: 3.382 Thread 0x0000000002693800 Uncommon trap: reason=class_check action=maybe_recompile pc=0x0000000002961834 method=java.lang.String.equals(Ljava/lang/Object;)Z @ 8
Event: 3.383 Thread 0x0000000002693800 Uncommon trap: reason=class_check action=maybe_recompile pc=0x0000000002961834 method=java.lang.String.equals(Ljava/lang/Object;)Z @ 8
Event: 3.393 Thread 0x0000000002693800 Uncommon trap: reason=class_check action=maybe_recompile pc=0x0000000002961834 method=java.lang.String.equals(Ljava/lang/Object;)Z @ 8
Event: 3.393 Thread 0x0000000002693800 Uncommon trap: reason=class_check action=maybe_recompile pc=0x0000000002961834 method=java.lang.String.equals(Ljava/lang/Object;)Z @ 8
Event: 5.319 Thread 0x000000001f3bb800 Uncommon trap: reason=unstable_if action=reinterpret pc=0x0000000002c14758 method=java.awt.Component.inside(II)Z @ 9

Classes redefined (0 events):
No events

Internal exceptions (10 events):
Event: 0.219 Thread 0x000000001e310800 Implicit null exception at 0x000000000291ab5b to 0x000000000291ad4d
Event: 0.933 Thread 0x000000001e310800 Exception <a 'sun/nio/fs/WindowsException'> (0x000000076bc77160) thrown at [C:\re\workspace\8-2-build-windows-amd64-cygwin\jdk8u201\12322\hotspot\src\share\vm\prims\jni.cpp, line 709]
Event: 0.933 Thread 0x000000001e310800 Exception <a 'sun/nio/fs/WindowsException'> (0x000000076bc78b60) thrown at [C:\re\workspace\8-2-build-windows-amd64-cygwin\jdk8u201\12322\hotspot\src\share\vm\prims\jni.cpp, line 709]
Event: 3.153 Thread 0x0000000002693800 Exception <a 'java/io/FileNotFoundException'> (0x000000076b567100) thrown at [C:\re\workspace\8-2-build-windows-amd64-cygwin\jdk8u201\12322\hotspot\src\share\vm\prims\jni.cpp, line 709]
Event: 3.158 Thread 0x0000000002693800 Implicit null exception at 0x0000000002ac32cc to 0x0000000002ac335d
Event: 3.168 Thread 0x0000000002693800 Exception <a 'java/io/FileNotFoundException'> (0x000000076d688888) thrown at [C:\re\workspace\8-2-build-windows-amd64-cygwin\jdk8u201\12322\hotspot\src\share\vm\prims\jni.cpp, line 709]
Event: 3.296 Thread 0x0000000002693800 Implicit null exception at 0x0000000002a7b316 to 0x0000000002a7b6c1
Event: 3.296 Thread 0x0000000002693800 Implicit null exception at 0x0000000002a4bc16 to 0x0000000002a4bfb9
Event: 3.298 Thread 0x0000000002693800 Implicit null exception at 0x0000000002b04f55 to 0x0000000002b05199
Event: 3.331 Thread 0x0000000002693800 Implicit null exception at 0x0000000002ac3d74 to 0x0000000002ac3de9

Events (10 events):
Event: 3.967 loading class java/awt/event/MouseWheelEvent done
Event: 4.176 Executing VM operation: EnableBiasedLocking
Event: 4.176 Executing VM operation: EnableBiasedLocking done
Event: 5.319 Thread 0x000000001f3bb800 Uncommon trap: trap_request=0xffffff65 fr.pc=0x0000000002c14758
Event: 5.319 Thread 0x000000001f3bb800 DEOPT PACKING pc=0x0000000002c14758 sp=0x000000003559daa0
Event: 5.319 Thread 0x000000001f3bb800 DEOPT UNPACKING pc=0x00000000027d583b sp=0x000000003559d950 mode 2
Event: 5.900 loading class javax/swing/JSpinner$DateEditor
Event: 5.900 loading class javax/swing/JSpinner$DateEditor done
Event: 5.900 loading class java/text/ParsePosition
Event: 5.900 loading class java/text/ParsePosition done


Dynamic libraries:
0x00007ff7b3a50000 - 0x00007ff7b3a87000 	C:\Program Files\Java\jdk1.8.0_201\bin\java.exe
0x00007ffbf7510000 - 0x00007ffbf76fd000 	C:\WINDOWS\SYSTEM32\ntdll.dll
0x00007ffbf6ad0000 - 0x00007ffbf6b83000 	C:\WINDOWS\System32\KERNEL32.DLL
0x00007ffbf3ab0000 - 0x00007ffbf3d43000 	C:\WINDOWS\System32\KERNELBASE.dll
0x00007ffbf65a0000 - 0x00007ffbf6643000 	C:\WINDOWS\System32\ADVAPI32.dll
0x00007ffbf4d80000 - 0x00007ffbf4e1e000 	C:\WINDOWS\System32\msvcrt.dll
0x00007ffbf73d0000 - 0x00007ffbf746e000 	C:\WINDOWS\System32\sechost.dll
0x00007ffbf49d0000 - 0x00007ffbf4af2000 	C:\WINDOWS\System32\RPCRT4.dll
0x00007ffbf6f50000 - 0x00007ffbf70e7000 	C:\WINDOWS\System32\USER32.dll
0x00007ffbf35e0000 - 0x00007ffbf3600000 	C:\WINDOWS\System32\win32u.dll
0x00007ffbf7260000 - 0x00007ffbf7289000 	C:\WINDOWS\System32\GDI32.dll
0x00007ffbf3d80000 - 0x00007ffbf3f1a000 	C:\WINDOWS\System32\gdi32full.dll
0x00007ffbf3a10000 - 0x00007ffbf3ab0000 	C:\WINDOWS\System32\msvcp_win.dll
0x00007ffbf3680000 - 0x00007ffbf377c000 	C:\WINDOWS\System32\ucrtbase.dll
0x00007ffbe7410000 - 0x00007ffbe7689000 	C:\WINDOWS\WinSxS\amd64_microsoft.windows.common-controls_6595b64144ccf1df_6.0.17763.316_none_05b53be2071f46b6\COMCTL32.dll
0x00007ffbf6b90000 - 0x00007ffbf6ebd000 	C:\WINDOWS\System32\combase.dll
0x00007ffbf3f70000 - 0x00007ffbf3fee000 	C:\WINDOWS\System32\bcryptPrimitives.dll
0x00007ffbf4be0000 - 0x00007ffbf4c0e000 	C:\WINDOWS\System32\IMM32.DLL
0x0000000072770000 - 0x0000000072841000 	C:\Program Files\Java\jdk1.8.0_201\jre\bin\msvcr100.dll
0x0000000071ec0000 - 0x0000000072764000 	C:\Program Files\Java\jdk1.8.0_201\jre\bin\server\jvm.dll
0x00007ffbf74d0000 - 0x00007ffbf74d8000 	C:\WINDOWS\System32\PSAPI.DLL
0x00007ffbb9450000 - 0x00007ffbb9459000 	C:\WINDOWS\SYSTEM32\WSOCK32.dll
0x00007ffbedd80000 - 0x00007ffbedd8a000 	C:\WINDOWS\SYSTEM32\VERSION.dll
0x00007ffbf00c0000 - 0x00007ffbf00e4000 	C:\WINDOWS\SYSTEM32\WINMM.dll
0x00007ffbf6ee0000 - 0x00007ffbf6f4d000 	C:\WINDOWS\System32\WS2_32.dll
0x00007ffbf0090000 - 0x00007ffbf00bd000 	C:\WINDOWS\SYSTEM32\winmmbase.dll
0x00007ffbf3f20000 - 0x00007ffbf3f6a000 	C:\WINDOWS\System32\cfgmgr32.dll
0x00007ffbe7120000 - 0x00007ffbe712f000 	C:\Program Files\Java\jdk1.8.0_201\jre\bin\verify.dll
0x00007ffbe5280000 - 0x00007ffbe52a9000 	C:\Program Files\Java\jdk1.8.0_201\jre\bin\java.dll
0x00007ffbe4500000 - 0x00007ffbe4523000 	C:\Program Files\Java\jdk1.8.0_201\jre\bin\instrument.dll
0x00007ffbe64b0000 - 0x00007ffbe64c6000 	C:\Program Files\Java\jdk1.8.0_201\jre\bin\zip.dll
0x00007ffbf4e20000 - 0x00007ffbf630f000 	C:\WINDOWS\System32\SHELL32.dll
0x00007ffbf4cd0000 - 0x00007ffbf4d78000 	C:\WINDOWS\System32\shcore.dll
0x00007ffbf3ff0000 - 0x00007ffbf473a000 	C:\WINDOWS\System32\windows.storage.dll
0x00007ffbf3530000 - 0x00007ffbf3554000 	C:\WINDOWS\System32\profapi.dll
0x00007ffbf3580000 - 0x00007ffbf35dd000 	C:\WINDOWS\System32\powrprof.dll
0x00007ffbf7290000 - 0x00007ffbf72e2000 	C:\WINDOWS\System32\shlwapi.dll
0x00007ffbf3510000 - 0x00007ffbf3521000 	C:\WINDOWS\System32\kernel.appcore.dll
0x00007ffbf3660000 - 0x00007ffbf3677000 	C:\WINDOWS\System32\cryptsp.dll
0x00007ffbf02e0000 - 0x00007ffbf02fa000 	C:\Program Files\JetBrains\IntelliJ IDEA 2018.3.4\bin\breakgen64.dll
0x00007ffbe3670000 - 0x00007ffbe368a000 	C:\Program Files\Java\jdk1.8.0_201\jre\bin\net.dll
0x00007ffbeb0d0000 - 0x00007ffbeb2a7000 	C:\WINDOWS\SYSTEM32\urlmon.dll
0x00007ffbe9fe0000 - 0x00007ffbea288000 	C:\WINDOWS\SYSTEM32\iertutil.dll
0x00007ffbf2f70000 - 0x00007ffbf2f7c000 	C:\WINDOWS\SYSTEM32\CRYPTBASE.DLL
0x00007ffbf2da0000 - 0x00007ffbf2e07000 	C:\WINDOWS\system32\mswsock.dll
0x00007ffbe2e20000 - 0x00007ffbe2e31000 	C:\Program Files\Java\jdk1.8.0_201\jre\bin\nio.dll
0x00007ffbde040000 - 0x00007ffbde09b000 	C:\Users\Mason\AppData\Local\Temp\lwjglMason\3.1.6-build-14\lwjgl.dll
0x00007ffbddd60000 - 0x00007ffbdddb1000 	C:\Users\Mason\AppData\Local\Temp\lwjglMason\3.1.6-build-14\glfw.dll
0x00007ffbf18f0000 - 0x00007ffbf198c000 	C:\WINDOWS\system32\uxtheme.dll
0x00007ffbcf500000 - 0x00007ffbcf544000 	C:\WINDOWS\SYSTEM32\dinput8.dll
0x00007ffbe62a0000 - 0x00007ffbe62b1000 	C:\WINDOWS\SYSTEM32\xinput1_4.dll
0x00007ffbf3320000 - 0x00007ffbf3349000 	C:\WINDOWS\SYSTEM32\DEVOBJ.dll
0x00007ffbe9840000 - 0x00007ffbe990c000 	C:\WINDOWS\SYSTEM32\inputhost.dll
0x00007ffbf15f0000 - 0x00007ffbf16d2000 	C:\WINDOWS\SYSTEM32\CoreMessaging.dll
0x00007ffbf1d10000 - 0x00007ffbf1f1d000 	C:\WINDOWS\SYSTEM32\twinapi.appcore.dll
0x00007ffbf0af0000 - 0x00007ffbf10ae000 	C:\WINDOWS\SYSTEM32\d2d1.dll
0x00007ffbef2c0000 - 0x00007ffbef5e2000 	C:\WINDOWS\SYSTEM32\CoreUIComponents.dll
0x00007ffbefaf0000 - 0x00007ffbefc98000 	C:\WINDOWS\SYSTEM32\PROPSYS.dll
0x00007ffbf0870000 - 0x00007ffbf0aee000 	C:\WINDOWS\SYSTEM32\d3d11.dll
0x00007ffbef0e0000 - 0x00007ffbef233000 	C:\WINDOWS\SYSTEM32\wintypes.dll
0x00007ffbf1f20000 - 0x00007ffbf1f48000 	C:\WINDOWS\SYSTEM32\RMCLIENT.dll
0x00007ffbf4b00000 - 0x00007ffbf4bcb000 	C:\WINDOWS\System32\OLEAUT32.dll
0x00007ffbf25e0000 - 0x00007ffbf2611000 	C:\WINDOWS\SYSTEM32\ntmarta.dll
0x00007ffbf22a0000 - 0x00007ffbf2362000 	C:\WINDOWS\SYSTEM32\dxgi.dll
0x00007ffbf1c30000 - 0x00007ffbf1c5e000 	C:\WINDOWS\SYSTEM32\dwmapi.dll
0x00007ffbf3830000 - 0x00007ffbf3a0b000 	C:\WINDOWS\System32\CRYPT32.dll
0x00007ffbf3560000 - 0x00007ffbf3572000 	C:\WINDOWS\System32\MSASN1.dll
0x00007ffbf70f0000 - 0x00007ffbf725a000 	C:\WINDOWS\System32\MSCTF.dll
0x00007ffbf2210000 - 0x00007ffbf221e000 	C:\WINDOWS\SYSTEM32\HID.DLL
0x00007ffbf6650000 - 0x00007ffbf6ac5000 	C:\WINDOWS\System32\SETUPAPI.DLL
0x00007ffbf3d50000 - 0x00007ffbf3d76000 	C:\WINDOWS\System32\bcrypt.dll
0x00007ffbf3600000 - 0x00007ffbf3658000 	C:\WINDOWS\System32\WINTRUST.dll
0x00007ffbbddb0000 - 0x00007ffbbded7000 	C:\WINDOWS\SYSTEM32\opengl32.dll
0x00007ffbe52b0000 - 0x00007ffbe52dc000 	C:\WINDOWS\SYSTEM32\GLU32.dll
0x000000006f630000 - 0x0000000071cf2000 	C:\WINDOWS\System32\DriverStore\FileRepository\nv_dispi.inf_amd64_21a764822be8dff8\nvoglv64.dll
0x00007ffbf4870000 - 0x00007ffbf49c5000 	C:\WINDOWS\System32\ole32.dll
0x00007ffbefe10000 - 0x00007ffbefe23000 	C:\WINDOWS\SYSTEM32\WTSAPI32.dll
0x00007ffbf2650000 - 0x00007ffbf26a8000 	C:\WINDOWS\SYSTEM32\WINSTA.dll
0x00007ffbe9910000 - 0x00007ffbe99a5000 	C:\WINDOWS\System32\TextInputFramework.dll
0x00007ffbcf4a0000 - 0x00007ffbcf4ff000 	C:\Users\Mason\AppData\Local\Temp\lwjglMason\3.1.6-build-14\lwjgl_opengl.dll
0x00007ffbbc200000 - 0x00007ffbbc755000 	C:\Users\Mason\AppData\Local\Temp\lwjglMason\3.1.6-build-14\assimp.dll
0x00007ffbcec00000 - 0x00007ffbcec7e000 	C:\Users\Mason\AppData\Local\Temp\lwjglMason\3.1.6-build-14\lwjgl_stb.dll
0x00007ffbbd820000 - 0x00007ffbbd9b9000 	C:\Program Files\Java\jdk1.8.0_201\jre\bin\awt.dll
0x00007ffbf1800000 - 0x00007ffbf188c000 	C:\WINDOWS\SYSTEM32\apphelp.dll
0x00007ffbe47f0000 - 0x00007ffbe498e000 	C:\WINDOWS\system32\d3d9.dll
0x00007ffbedd90000 - 0x00007ffbede7e000 	C:\WINDOWS\System32\DriverStore\FileRepository\nv_dispi.inf_amd64_21a764822be8dff8\nvldumdx.dll
0x00007ffbf6ec0000 - 0x00007ffbf6edd000 	C:\WINDOWS\System32\imagehlp.dll
0x00007ffbf2960000 - 0x00007ffbf2993000 	C:\WINDOWS\system32\rsaenh.dll
0x00007ffbb98c0000 - 0x00007ffbbacfc000 	C:\WINDOWS\System32\DriverStore\FileRepository\nv_dispi.inf_amd64_21a764822be8dff8\nvd3dumx.dll
0x00007ffbf2220000 - 0x00007ffbf2242000 	C:\WINDOWS\SYSTEM32\gpapi.dll
0x00007ffbeb5d0000 - 0x00007ffbeb5ff000 	C:\WINDOWS\SYSTEM32\cryptnet.dll
0x00007ffbbedf0000 - 0x00007ffbbee37000 	C:\Program Files\Java\jdk1.8.0_201\jre\bin\fontmanager.dll
0x00007ffbbe6c0000 - 0x00007ffbbe702000 	C:\Program Files\Java\jdk1.8.0_201\jre\bin\t2k.dll
0x00007ffbf4c10000 - 0x00007ffbf4cb2000 	C:\WINDOWS\System32\clbcatq.dll
0x00007ffbeef20000 - 0x00007ffbef0d8000 	C:\WINDOWS\SYSTEM32\WindowsCodecs.dll
0x00007ffbc8470000 - 0x00007ffbc84c6000 	C:\WINDOWS\system32\dataexchange.dll
0x00007ffbf10b0000 - 0x00007ffbf1273000 	C:\WINDOWS\system32\dcomp.dll
0x00007ffbdfba0000 - 0x00007ffbdfd8d000 	C:\WINDOWS\SYSTEM32\dbghelp.dll

VM Arguments:
jvm_args: -javaagent:C:\Program Files\JetBrains\IntelliJ IDEA 2018.3.4\lib\idea_rt.jar=58488:C:\Program Files\JetBrains\IntelliJ IDEA 2018.3.4\bin -Dfile.encoding=UTF-8 
java_command: org.lwjglb.game.Main
java_class_path (initial): C:\Program Files\Java\jdk1.8.0_201\jre\lib\charsets.jar;C:\Program Files\Java\jdk1.8.0_201\jre\lib\deploy.jar;C:\Program Files\Java\jdk1.8.0_201\jre\lib\ext\access-bridge-64.jar;C:\Program Files\Java\jdk1.8.0_201\jre\lib\ext\cldrdata.jar;C:\Program Files\Java\jdk1.8.0_201\jre\lib\ext\dnsns.jar;C:\Program Files\Java\jdk1.8.0_201\jre\lib\ext\jaccess.jar;C:\Program Files\Java\jdk1.8.0_201\jre\lib\ext\jfxrt.jar;C:\Program Files\Java\jdk1.8.0_201\jre\lib\ext\localedata.jar;C:\Program Files\Java\jdk1.8.0_201\jre\lib\ext\nashorn.jar;C:\Program Files\Java\jdk1.8.0_201\jre\lib\ext\sunec.jar;C:\Program Files\Java\jdk1.8.0_201\jre\lib\ext\sunjce_provider.jar;C:\Program Files\Java\jdk1.8.0_201\jre\lib\ext\sunmscapi.jar;C:\Program Files\Java\jdk1.8.0_201\jre\lib\ext\sunpkcs11.jar;C:\Program Files\Java\jdk1.8.0_201\jre\lib\ext\zipfs.jar;C:\Program Files\Java\jdk1.8.0_201\jre\lib\javaws.jar;C:\Program Files\Java\jdk1.8.0_201\jre\lib\jce.jar;C:\Program Files\Java\jdk1.8.0_201\jre\lib\jfr.jar;C:\Program Files\Java\jdk1.8.0_201\jre\lib\jfxswt.jar;C:\Program Files\Java\jdk1.8.0_201\jre\lib\jsse.jar;C:\Program Files\Java\jdk1.8.0_201\jre\lib\management-agent.jar;C:\Program Files\Java\jdk1.8.0_201\jre\lib\plugin.jar;C:\Program Files\Java\jdk1.8.0_201\jre\lib\resources.jar;C:\Program Files\Java\jdk1.8.0_201\jre\lib\rt.jar;C:\GIT\w0422681\PROG1400\Game_03\target\classes;C:\Users\Mason\.m2\repository\org\lwjgl\lwjgl\3.1.6\lwjgl-3.1.6.jar;C:\Users\Mason\.m2\repository\org\lwjgl\lwjgl-glfw\3.1.6\lwjgl-glfw-3.1.6.jar;C:\Users\Mason\.m2\repository\org\lwjgl\lwjgl-opengl\3.1.6\lwjgl-opengl-3.1.6.jar;C:\Users\Mason\.m2\repository\org\lwjgl\lwjgl-openal\3.1.6\lwjgl-openal-3.1.6.jar;C:\Users\Mason\.m2\repository\org\lwjgl\lwjgl-stb\3.1.6\lwjgl-stb-3.1.6.jar;C:\Users\Mason\.m2\repository\org\lwjgl\lwjgl-nanovg\3.1.6\lwjgl-nanovg-3.1.6.jar;C:\Users\Mason\.m2\repository\org\lwjgl\lwjgl-assimp\3.1.6\lwjgl-assimp-3.1.6.jar;C:\Users\Mason\.m2\repository\org\joml\joml\1.9.9\j
Launcher Type: SUN_STANDARD

Environment Variables:
CLASSPATH=.;C:\Program Files (x86)\QuickTime\QTSystem\QTJava.zip
PATH=C:\Program Files (x86)\Common Files\Oracle\Java\javapath;C:\Program Files (x86)\Intel\Intel(R) Management Engine Components\iCLS\;C:\Program Files\Intel\Intel(R) Management Engine Components\iCLS\;C:\Windows\system32;C:\Windows;C:\Windows\System32\Wbem;C:\Windows\System32\WindowsPowerShell\v1.0\;C:\Windows\System32\OpenSSH\;C:\Program Files (x86)\NVIDIA Corporation\PhysX\Common;C:\Program Files (x86)\Intel\Intel(R) Management Engine Components\DAL;C:\Program Files\Intel\Intel(R) Management Engine Components\DAL;C:\Program Files (x86)\WiX Toolset v3.11\bin;C:\WINDOWS\system32;C:\WINDOWS;C:\WINDOWS\System32\Wbem;C:\WINDOWS\System32\WindowsPowerShell\v1.0\;C:\WINDOWS\System32\OpenSSH\;C:\Program Files\Git\cmd;C:\Program Files (x86)\QuickTime\QTSystem\;C:\Users\Mason\AppData\Local\Microsoft\WindowsApps;
USERNAME=Mason
OS=Windows_NT
PROCESSOR_IDENTIFIER=Intel64 Family 6 Model 158 Stepping 9, GenuineIntel



---------------  S Y S T E M  ---------------

OS: Windows 10.0 , 64 bit Build 17763 (10.0.17763.292)

CPU:total 8 (initial active 8) (4 cores per cpu, 2 threads per core) family 6 model 158 stepping 9, cmov, cx8, fxsr, mmx, sse, sse2, sse3, ssse3, sse4.1, sse4.2, popcnt, avx, avx2, aes, clmul, erms, rtm, 3dnowpref, lzcnt, ht, tsc, tscinvbit, bmi1, bmi2, adx

Memory: 4k page, physical 16714460k(9547232k free), swap 33491676k(21621272k free)

vm_info: Java HotSpot(TM) 64-Bit Server VM (25.201-b09) for windows-amd64 JRE (1.8.0_201-b09), built on Dec 15 2018 18:36:39 by "java_re" with MS VC++ 10.0 (VS2010)

time: Fri Mar 01 13:48:55 2019
timezone: Atlantic Standard Time
elapsed time: 6 seconds (0d 0h 0m 6s)

