#
# A fatal error has been detected by the Java Runtime Environment:
#
#  EXCEPTION_ACCESS_VIOLATION (0xc0000005) at pc=0x00007ffbddd6846d, pid=12696, tid=0x0000000000000e90
#
# JRE version: Java(TM) SE Runtime Environment (8.0_201-b09) (build 1.8.0_201-b09)
# Java VM: Java HotSpot(TM) 64-Bit Server VM (25.201-b09 mixed mode windows-amd64 compressed oops)
# Problematic frame:
# C  [lwjgl_opengl.dll+0x846d]
#
# Failed to write core dump. Minidumps are not enabled by default on client versions of Windows
#
# If you would like to submit a bug report, please visit:
#   http://bugreport.java.com/bugreport/crash.jsp
# The crash happened outside the Java Virtual Machine in native code.
# See problematic frame for where to report the bug.
#

---------------  T H R E A D  ---------------

Current thread (0x000000001fbb5800):  JavaThread "AWT-EventQueue-0" [_thread_in_native, id=3728, stack(0x0000000033e60000,0x0000000033f60000)]

siginfo: ExceptionCode=0xc0000005, reading address 0x0000000000000f70

Registers:
RAX=0x0000000072698eb0, RBX=0x000000001c451a80, RCX=0x0000000000000001, RDX=0x000000001f83976c
RSP=0x0000000033f5cb28, RBP=0x0000000033f5cbb0, RSI=0x000000002c7a0fe0, RDI=0x000000002c7a0e40
R8 =0x0000000000000001, R9 =0x000000001f83976c, R10=0x0000000000000000, R11=0x000000007211cd40
R12=0x0000000000000000, R13=0x000000001c451a80, R14=0x0000000033f5cbe0, R15=0x000000001fbb5800
RIP=0x00007ffbddd6846d, EFLAGS=0x0000000000010202

Top of Stack: (sp=0x0000000033f5cb28)
0x0000000033f5cb28:   0000000002c78c67 000000001c1cc1c3
0x0000000033f5cb38:   0000000033f5cb80 000000001c1d35b8
0x0000000033f5cb48:   0000000000000000 000000001c1cc1e8
0x0000000033f5cb58:   0000000000000000 0000000033f5cb78
0x0000000033f5cb68:   0000000033f5cbc8 0000000033f5cb70
0x0000000033f5cb78:   0000000000000000 0000000033f5cbe0
0x0000000033f5cb88:   000000001c455428 0000000000000000
0x0000000033f5cb98:   000000001c451a80 0000000000000000
0x0000000033f5cba8:   0000000033f5cbd0 0000000033f5cc28
0x0000000033f5cbb8:   0000000002c6835d 000000076bff7e90
0x0000000033f5cbc8:   0000000002c721d8 000000001f83976c
0x0000000033f5cbd8:   000000076ed1b988 0000000000000001
0x0000000033f5cbe8:   0000000033f5cbe8 000000001c451bf4
0x0000000033f5cbf8:   0000000033f5cc58 000000001c455428
0x0000000033f5cc08:   0000000000000000 000000001c451c60
0x0000000033f5cc18:   0000000033f5cbd0 0000000033f5cc60 

Instructions: (pc=0x00007ffbddd6846d)
0x00007ffbddd6844d:   49 ff a2 30 0a 00 00 cc cc cc cc cc cc cc cc cc
0x00007ffbddd6845d:   cc cc cc 48 8b 01 49 8b d1 41 8b c8 4c 8b 50 18
0x00007ffbddd6846d:   49 ff a2 70 0f 00 00 cc cc cc cc cc cc cc cc cc
0x00007ffbddd6847d:   cc cc cc 48 8b 01 48 8b 48 18 48 8b 81 78 1c 00 


Register to memory mapping:

RAX=0x0000000072698eb0 is an unknown value
RBX={method} {0x000000001c451a88} 'nglGenVertexArrays' '(IJ)V' in 'org/lwjgl/opengl/GL30'
RCX=0x0000000000000001 is an unknown value
RDX=0x000000001f83976c is an unknown value
RSP=0x0000000033f5cb28 is pointing into the stack for thread: 0x000000001fbb5800
RBP=0x0000000033f5cbb0 is pointing into the stack for thread: 0x000000001fbb5800
RSI=0x000000002c7a0fe0 is pointing into metadata
RDI=0x000000002c7a0e40 is pointing into metadata
R8 =0x0000000000000001 is an unknown value
R9 =0x000000001f83976c is an unknown value
R10=0x0000000000000000 is an unknown value
R11=0x000000007211cd40 is an unknown value
R12=0x0000000000000000 is an unknown value
R13={method} {0x000000001c451a88} 'nglGenVertexArrays' '(IJ)V' in 'org/lwjgl/opengl/GL30'
R14=0x0000000033f5cbe0 is pointing into the stack for thread: 0x000000001fbb5800
R15=0x000000001fbb5800 is a thread


Stack: [0x0000000033e60000,0x0000000033f60000],  sp=0x0000000033f5cb28,  free space=1010k
Native frames: (J=compiled Java code, j=interpreted, Vv=VM code, C=native code)
C  [lwjgl_opengl.dll+0x846d]

Java frames: (J=compiled Java code, j=interpreted, Vv=VM code)
j  org.lwjgl.opengl.GL30.nglGenVertexArrays(IJ)V+0
j  org.lwjgl.opengl.GL30.glGenVertexArrays()I+20
j  org.lwjglb.engine.graph.Mesh.<init>([F[F[F[I[I[F)V+46
j  org.lwjglb.engine.graph.Mesh.<init>([F[F[F[I)V+26
j  org.lwjglb.engine.loaders.assimp.StaticMeshesLoader.processMesh(Lorg/lwjgl/assimp/AIMesh;Ljava/util/List;)Lorg/lwjglb/engine/graph/Mesh;+78
j  org.lwjglb.engine.loaders.assimp.StaticMeshesLoader.load(Ljava/lang/String;Ljava/lang/String;I)[Lorg/lwjglb/engine/graph/Mesh;+122
j  org.lwjglb.engine.loaders.assimp.StaticMeshesLoader.load(Ljava/lang/String;Ljava/lang/String;)[Lorg/lwjglb/engine/graph/Mesh;+5
j  org.lwjglb.engine.items.Car.addMeshOnScreen()V+4
j  org.lwjglb.game.GameGUI$3.actionPerformed(Ljava/awt/event/ActionEvent;)V+209
j  javax.swing.AbstractButton.fireActionPerformed(Ljava/awt/event/ActionEvent;)V+83
j  javax.swing.AbstractButton$Handler.actionPerformed(Ljava/awt/event/ActionEvent;)V+5
j  javax.swing.DefaultButtonModel.fireActionPerformed(Ljava/awt/event/ActionEvent;)V+34
j  javax.swing.DefaultButtonModel.setPressed(Z)V+117
j  javax.swing.plaf.basic.BasicButtonListener.mouseReleased(Ljava/awt/event/MouseEvent;)V+35
j  java.awt.Component.processMouseEvent(Ljava/awt/event/MouseEvent;)V+64
j  javax.swing.JComponent.processMouseEvent(Ljava/awt/event/MouseEvent;)V+23
J 1768 C1 java.awt.Component.processEvent(Ljava/awt/AWTEvent;)V (220 bytes) @ 0x00000000031fa064 [0x00000000031f9b40+0x524]
J 1767 C1 java.awt.Container.processEvent(Ljava/awt/AWTEvent;)V (22 bytes) @ 0x00000000031fbd8c [0x00000000031fba60+0x32c]
J 1712 C1 java.awt.Component.dispatchEventImpl(Ljava/awt/AWTEvent;)V (921 bytes) @ 0x00000000031c5b04 [0x00000000031c05c0+0x5544]
J 1604 C1 java.awt.Container.dispatchEventImpl(Ljava/awt/AWTEvent;)V (129 bytes) @ 0x0000000003148d4c [0x0000000003148c00+0x14c]
J 1791 C1 java.awt.LightweightDispatcher.retargetMouseEvent(Ljava/awt/Component;ILjava/awt/event/MouseEvent;)V (372 bytes) @ 0x000000000321195c [0x000000000320f140+0x281c]
J 1696 C1 java.awt.LightweightDispatcher.processMouseEvent(Ljava/awt/event/MouseEvent;)Z (286 bytes) @ 0x00000000031a8b9c [0x00000000031a7440+0x175c]
J 1713 C1 java.awt.LightweightDispatcher.dispatchEvent(Ljava/awt/AWTEvent;)Z (73 bytes) @ 0x00000000031bf5bc [0x00000000031bf180+0x43c]
J 1604 C1 java.awt.Container.dispatchEventImpl(Ljava/awt/AWTEvent;)V (129 bytes) @ 0x0000000003148cec [0x0000000003148c00+0xec]
J 1675 C1 java.awt.Window.dispatchEventImpl(Ljava/awt/AWTEvent;)V (23 bytes) @ 0x0000000003193724 [0x0000000003193140+0x5e4]
J 1614 C1 java.awt.EventQueue.dispatchEventImpl(Ljava/awt/AWTEvent;Ljava/lang/Object;)V (149 bytes) @ 0x00000000031532fc [0x0000000003151a80+0x187c]
J 1612 C1 java.awt.EventQueue$3.run()Ljava/lang/Void; (60 bytes) @ 0x0000000003150e5c [0x0000000003150c40+0x21c]
J 1611 C1 java.awt.EventQueue$3.run()Ljava/lang/Object; (5 bytes) @ 0x00000000031508cc [0x0000000003150840+0x8c]
v  ~StubRoutines::call_stub
J 1518  java.security.AccessController.doPrivileged(Ljava/security/PrivilegedAction;Ljava/security/AccessControlContext;)Ljava/lang/Object; (0 bytes) @ 0x000000000311cbe6 [0x000000000311cb80+0x66]
J 1671 C1 java.awt.EventQueue$4.run()Ljava/lang/Object; (5 bytes) @ 0x00000000031901f4 [0x000000000318fdc0+0x434]
v  ~StubRoutines::call_stub
J 1518  java.security.AccessController.doPrivileged(Ljava/security/PrivilegedAction;Ljava/security/AccessControlContext;)Ljava/lang/Object; (0 bytes) @ 0x000000000311cbe6 [0x000000000311cb80+0x66]
J 1569 C1 java.awt.EventQueue.dispatchEvent(Ljava/awt/AWTEvent;)V (80 bytes) @ 0x0000000003131e3c [0x0000000003130f80+0xebc]
J 1572 C1 java.awt.EventDispatchThread.pumpOneEventForFilters(I)V (190 bytes) @ 0x0000000003134a1c [0x00000000031338c0+0x115c]
j  java.awt.EventDispatchThread.pumpEventsForFilter(ILjava/awt/Conditional;Ljava/awt/EventFilter;)V+35
j  java.awt.EventDispatchThread.pumpEventsForHierarchy(ILjava/awt/Conditional;Ljava/awt/Component;)V+11
j  java.awt.EventDispatchThread.pumpEvents(ILjava/awt/Conditional;)V+4
j  java.awt.EventDispatchThread.pumpEvents(Ljava/awt/Conditional;)V+3
j  java.awt.EventDispatchThread.run()V+9
v  ~StubRoutines::call_stub

---------------  P R O C E S S  ---------------

Java Threads: ( => current thread )
  0x000000001fbba800 JavaThread "Thread-11" [_thread_blocked, id=14272, stack(0x0000000034670000,0x0000000034770000)]
  0x000000001fbb7800 JavaThread "TimerQueue" daemon [_thread_blocked, id=9236, stack(0x0000000034470000,0x0000000034570000)]
  0x000000001fbba000 JavaThread "D3D Screen Updater" daemon [_thread_blocked, id=3344, stack(0x0000000034260000,0x0000000034360000)]
  0x000000001fbb4800 JavaThread "DestroyJavaVM" [_thread_blocked, id=7876, stack(0x0000000002860000,0x0000000002960000)]
=>0x000000001fbb5800 JavaThread "AWT-EventQueue-0" [_thread_in_native, id=3728, stack(0x0000000033e60000,0x0000000033f60000)]
  0x000000001facc800 JavaThread "AWT-Windows" daemon [_thread_in_native, id=9872, stack(0x0000000030890000,0x0000000030990000)]
  0x000000001facc000 JavaThread "AWT-Shutdown" [_thread_blocked, id=5136, stack(0x0000000030790000,0x0000000030890000)]
  0x000000001facb000 JavaThread "Java2D Disposer" daemon [_thread_blocked, id=9916, stack(0x0000000030690000,0x0000000030790000)]
  0x000000001f807800 JavaThread "Thread-7" [_thread_blocked, id=10916, stack(0x000000002e170000,0x000000002e270000)]
  0x000000001f807000 JavaThread "Thread-5" [_thread_blocked, id=12508, stack(0x000000002df70000,0x000000002e070000)]
  0x000000001f805800 JavaThread "Thread-3" [_thread_blocked, id=10236, stack(0x000000002cd70000,0x000000002ce70000)]
  0x000000001fa5b800 JavaThread "Thread-2" [_thread_blocked, id=7456, stack(0x000000002cc70000,0x000000002cd70000)]
  0x000000001e841000 JavaThread "GAME_LOOP_THREAD" [_thread_in_native, id=9424, stack(0x000000001fcc0000,0x000000001fdc0000)]
  0x000000001e6b2800 JavaThread "Service Thread" daemon [_thread_blocked, id=1616, stack(0x000000001f2c0000,0x000000001f3c0000)]
  0x000000001e683800 JavaThread "C1 CompilerThread3" daemon [_thread_blocked, id=6900, stack(0x000000001f1c0000,0x000000001f2c0000)]
  0x000000001e642000 JavaThread "C2 CompilerThread2" daemon [_thread_blocked, id=1472, stack(0x000000001f0c0000,0x000000001f1c0000)]
  0x000000001e61c000 JavaThread "C2 CompilerThread1" daemon [_thread_blocked, id=12972, stack(0x000000001efc0000,0x000000001f0c0000)]
  0x000000001e617800 JavaThread "C2 CompilerThread0" daemon [_thread_blocked, id=13652, stack(0x000000001eec0000,0x000000001efc0000)]
  0x000000001e616000 JavaThread "Monitor Ctrl-Break" daemon [_thread_in_native, id=4236, stack(0x000000001edc0000,0x000000001eec0000)]
  0x000000001e4f2800 JavaThread "Attach Listener" daemon [_thread_blocked, id=1576, stack(0x000000001ecc0000,0x000000001edc0000)]
  0x000000001c70e800 JavaThread "Signal Dispatcher" daemon [_thread_blocked, id=9128, stack(0x000000001ebc0000,0x000000001ecc0000)]
  0x000000001e4e1000 JavaThread "Finalizer" daemon [_thread_blocked, id=3120, stack(0x000000001e9c0000,0x000000001eac0000)]
  0x000000001e4e0800 JavaThread "Reference Handler" daemon [_thread_blocked, id=13724, stack(0x000000001e8c0000,0x000000001e9c0000)]

Other Threads:
  0x000000001c6f9800 VMThread [stack: 0x000000001e3c0000,0x000000001e4c0000] [id=13280]
  0x000000001e69d800 WatcherThread [stack: 0x000000001f3c0000,0x000000001f4c0000] [id=11520]

VM state:not at safepoint (normal execution)

VM Mutex/Monitor currently owned by a thread: None

heap address: 0x00000006c0e00000, size: 4082 MB, Compressed Oops mode: Zero based, Oop shift amount: 3
Narrow klass base: 0x0000000000000000, Narrow klass shift: 3
Compressed class space size: 1073741824 Address: 0x00000007c0000000

Heap:
 PSYoungGen      total 76288K, used 63327K [0x000000076af80000, 0x0000000770480000, 0x00000007c0000000)
  eden space 65536K, 96% used [0x000000076af80000,0x000000076ed57c38,0x000000076ef80000)
  from space 10752K, 0% used [0x000000076fa00000,0x000000076fa00000,0x0000000770480000)
  to   space 10752K, 0% used [0x000000076ef80000,0x000000076ef80000,0x000000076fa00000)
 ParOldGen       total 175104K, used 0K [0x00000006c0e00000, 0x00000006cb900000, 0x000000076af80000)
  object space 175104K, 0% used [0x00000006c0e00000,0x00000006c0e00000,0x00000006cb900000)
 Metaspace       used 18729K, capacity 19023K, committed 19456K, reserved 1067008K
  class space    used 1857K, capacity 1971K, committed 2048K, reserved 1048576K

Card table byte_map: [0x0000000012020000,0x0000000012820000] byte_map_base: 0x000000000ea19000

Marking Bits: (ParMarkBitMap*) 0x0000000072714ce0
 Begin Bits: [0x0000000013580000, 0x0000000017548000)
 End Bits:   [0x0000000017548000, 0x000000001b510000)

Polling page: 0x0000000000b80000

CodeCache: size=245760Kb used=6115Kb max_used=6115Kb free=239644Kb
 bounds [0x0000000002c60000, 0x0000000003260000, 0x0000000011c60000]
 total_blobs=2991 nmethods=1897 adapters=1006
 compilation: enabled

Compilation events (10 events):
Event: 7.233 Thread 0x000000001e683800 1893       3       java.awt.Rectangle::translate (197 bytes)
Event: 7.234 Thread 0x000000001e683800 nmethod 1893 0x0000000003259310 code [0x0000000003259480, 0x0000000003259910]
Event: 7.234 Thread 0x000000001e683800 1894       3       java.awt.Image$1::getSurfaceManager (5 bytes)
Event: 7.234 Thread 0x000000001e683800 nmethod 1894 0x0000000003254590 code [0x00000000032546e0, 0x0000000003254830]
Event: 7.234 Thread 0x000000001e683800 1895       3       sun.java2d.SunGraphics2D::setRenderingHint (555 bytes)
Event: 7.235 Thread 0x000000001e683800 nmethod 1895 0x0000000003259990 code [0x0000000003259cc0, 0x000000000325be08]
Event: 7.235 Thread 0x000000001e683800 1896       3       sun.java2d.pipe.ValidatePipe::validate (6 bytes)
Event: 7.235 Thread 0x000000001e683800 nmethod 1896 0x000000000325c890 code [0x000000000325ca20, 0x000000000325ceb8]
Event: 7.235 Thread 0x000000001e683800 1897       1       java.util.IdentityHashMap::size (5 bytes)
Event: 7.235 Thread 0x000000001e683800 nmethod 1897 0x000000000325d050 code [0x000000000325d1a0, 0x000000000325d2b0]

GC Heap History (0 events):
No events

Deoptimization events (10 events):
Event: 3.139 Thread 0x0000000002b63800 Uncommon trap: reason=unstable_if action=reinterpret pc=0x0000000002fa46bc method=java.lang.ThreadLocal$ThreadLocalMap.getEntry(Ljava/lang/ThreadLocal;)Ljava/lang/ThreadLocal$ThreadLocalMap$Entry; @ 21
Event: 3.293 Thread 0x0000000002b63800 Uncommon trap: reason=unstable_if action=reinterpret pc=0x0000000002f4bcd8 method=java.lang.AbstractStringBuilder.append(Ljava/lang/String;)Ljava/lang/AbstractStringBuilder; @ 1
Event: 3.294 Thread 0x0000000002b63800 Uncommon trap: reason=unstable_if action=reinterpret pc=0x0000000002f208d0 method=java.lang.AbstractStringBuilder.append(Ljava/lang/String;)Ljava/lang/AbstractStringBuilder; @ 1
Event: 3.297 Thread 0x0000000002b63800 Uncommon trap: reason=unstable_if action=reinterpret pc=0x0000000002fe2f68 method=java.util.HashMap.hash(Ljava/lang/Object;)I @ 1
Event: 3.381 Thread 0x0000000002b63800 Uncommon trap: reason=class_check action=maybe_recompile pc=0x0000000002e35f34 method=java.lang.String.equals(Ljava/lang/Object;)Z @ 8
Event: 3.382 Thread 0x0000000002b63800 Uncommon trap: reason=class_check action=maybe_recompile pc=0x0000000002e35f34 method=java.lang.String.equals(Ljava/lang/Object;)Z @ 8
Event: 3.393 Thread 0x0000000002b63800 Uncommon trap: reason=class_check action=maybe_recompile pc=0x0000000002e35f34 method=java.lang.String.equals(Ljava/lang/Object;)Z @ 8
Event: 3.393 Thread 0x0000000002b63800 Uncommon trap: reason=class_check action=maybe_recompile pc=0x0000000002e35f34 method=java.lang.String.equals(Ljava/lang/Object;)Z @ 8
Event: 3.987 Thread 0x000000001fbb5800 Uncommon trap: reason=unstable_if action=reinterpret pc=0x000000000312a530 method=java.awt.Component.inside(II)Z @ 13
Event: 4.616 Thread 0x000000001fbb5800 Uncommon trap: reason=unstable_if action=reinterpret pc=0x0000000003162058 method=java.awt.Component.inside(II)Z @ 9

Classes redefined (0 events):
No events

Internal exceptions (10 events):
Event: 0.208 Thread 0x000000001e841000 Exception <a 'java/security/PrivilegedActionException'> (0x000000076b988828) thrown at [C:\re\workspace\8-2-build-windows-amd64-cygwin\jdk8u201\12322\hotspot\src\share\vm\prims\jvm.cpp, line 1502]
Event: 0.216 Thread 0x000000001e841000 Implicit null exception at 0x0000000002df31db to 0x0000000002df33cd
Event: 0.905 Thread 0x000000001e841000 Exception <a 'sun/nio/fs/WindowsException'> (0x000000076bc771f8) thrown at [C:\re\workspace\8-2-build-windows-amd64-cygwin\jdk8u201\12322\hotspot\src\share\vm\prims\jni.cpp, line 709]
Event: 0.905 Thread 0x000000001e841000 Exception <a 'sun/nio/fs/WindowsException'> (0x000000076bc78bf8) thrown at [C:\re\workspace\8-2-build-windows-amd64-cygwin\jdk8u201\12322\hotspot\src\share\vm\prims\jni.cpp, line 709]
Event: 3.133 Thread 0x0000000002b63800 Exception <a 'java/io/FileNotFoundException'> (0x000000076b567100) thrown at [C:\re\workspace\8-2-build-windows-amd64-cygwin\jdk8u201\12322\hotspot\src\share\vm\prims\jni.cpp, line 709]
Event: 3.139 Thread 0x0000000002b63800 Implicit null exception at 0x0000000002fa460c to 0x0000000002fa469d
Event: 3.149 Thread 0x0000000002b63800 Exception <a 'java/io/FileNotFoundException'> (0x000000076d6888a8) thrown at [C:\re\workspace\8-2-build-windows-amd64-cygwin\jdk8u201\12322\hotspot\src\share\vm\prims\jni.cpp, line 709]
Event: 3.293 Thread 0x0000000002b63800 Implicit null exception at 0x0000000002f4b916 to 0x0000000002f4bcc1
Event: 3.294 Thread 0x0000000002b63800 Implicit null exception at 0x0000000002f20516 to 0x0000000002f208b9
Event: 3.297 Thread 0x0000000002b63800 Implicit null exception at 0x0000000002fe2d15 to 0x0000000002fe2f59

Events (10 events):
Event: 4.616 Thread 0x000000001fbb5800 DEOPT UNPACKING pc=0x0000000002ca583b sp=0x0000000033f5ddb0 mode 2
Event: 4.990 loading class javax/swing/JSpinner$DateEditor
Event: 4.990 loading class javax/swing/JSpinner$DateEditor done
Event: 4.990 loading class java/text/ParsePosition
Event: 4.990 loading class java/text/ParsePosition done
Event: 6.742 Thread 0x000000001fbb9000 Thread added: 0x000000001fbb9000
Event: 6.742 Executing VM operation: RevokeBias
Event: 6.742 Thread 0x000000001fbba800 Thread added: 0x000000001fbba800
Event: 6.743 Executing VM operation: RevokeBias done
Event: 6.743 Thread 0x000000001fbb9000 Thread exited: 0x000000001fbb9000


Dynamic libraries:
0x00007ff7b3a50000 - 0x00007ff7b3a87000 	C:\Program Files\Java\jdk1.8.0_201\bin\java.exe
0x00007ffbf7510000 - 0x00007ffbf76fd000 	C:\WINDOWS\SYSTEM32\ntdll.dll
0x00007ffbf6ad0000 - 0x00007ffbf6b83000 	C:\WINDOWS\System32\KERNEL32.DLL
0x00007ffbf3ab0000 - 0x00007ffbf3d43000 	C:\WINDOWS\System32\KERNELBASE.dll
0x00007ffbf65a0000 - 0x00007ffbf6643000 	C:\WINDOWS\System32\ADVAPI32.dll
0x00007ffbf4d80000 - 0x00007ffbf4e1e000 	C:\WINDOWS\System32\msvcrt.dll
0x00007ffbf73d0000 - 0x00007ffbf746e000 	C:\WINDOWS\System32\sechost.dll
0x00007ffbf49d0000 - 0x00007ffbf4af2000 	C:\WINDOWS\System32\RPCRT4.dll
0x00007ffbf6f50000 - 0x00007ffbf70e7000 	C:\WINDOWS\System32\USER32.dll
0x00007ffbf35e0000 - 0x00007ffbf3600000 	C:\WINDOWS\System32\win32u.dll
0x00007ffbf7260000 - 0x00007ffbf7289000 	C:\WINDOWS\System32\GDI32.dll
0x00007ffbf3d80000 - 0x00007ffbf3f1a000 	C:\WINDOWS\System32\gdi32full.dll
0x00007ffbf3a10000 - 0x00007ffbf3ab0000 	C:\WINDOWS\System32\msvcp_win.dll
0x00007ffbf3680000 - 0x00007ffbf377c000 	C:\WINDOWS\System32\ucrtbase.dll
0x00007ffbe7410000 - 0x00007ffbe7689000 	C:\WINDOWS\WinSxS\amd64_microsoft.windows.common-controls_6595b64144ccf1df_6.0.17763.316_none_05b53be2071f46b6\COMCTL32.dll
0x00007ffbf6b90000 - 0x00007ffbf6ebd000 	C:\WINDOWS\System32\combase.dll
0x00007ffbf3f70000 - 0x00007ffbf3fee000 	C:\WINDOWS\System32\bcryptPrimitives.dll
0x00007ffbf4be0000 - 0x00007ffbf4c0e000 	C:\WINDOWS\System32\IMM32.DLL
0x00000000727a0000 - 0x0000000072871000 	C:\Program Files\Java\jdk1.8.0_201\jre\bin\msvcr100.dll
0x0000000071ef0000 - 0x0000000072794000 	C:\Program Files\Java\jdk1.8.0_201\jre\bin\server\jvm.dll
0x00007ffbf74d0000 - 0x00007ffbf74d8000 	C:\WINDOWS\System32\PSAPI.DLL
0x00007ffbb9450000 - 0x00007ffbb9459000 	C:\WINDOWS\SYSTEM32\WSOCK32.dll
0x00007ffbf00c0000 - 0x00007ffbf00e4000 	C:\WINDOWS\SYSTEM32\WINMM.dll
0x00007ffbedd80000 - 0x00007ffbedd8a000 	C:\WINDOWS\SYSTEM32\VERSION.dll
0x00007ffbf6ee0000 - 0x00007ffbf6f4d000 	C:\WINDOWS\System32\WS2_32.dll
0x00007ffbf0090000 - 0x00007ffbf00bd000 	C:\WINDOWS\SYSTEM32\WINMMBASE.dll
0x00007ffbf3f20000 - 0x00007ffbf3f6a000 	C:\WINDOWS\System32\cfgmgr32.dll
0x00007ffbe6e10000 - 0x00007ffbe6e1f000 	C:\Program Files\Java\jdk1.8.0_201\jre\bin\verify.dll
0x00007ffbe6630000 - 0x00007ffbe6659000 	C:\Program Files\Java\jdk1.8.0_201\jre\bin\java.dll
0x00007ffbf0330000 - 0x00007ffbf0353000 	C:\Program Files\Java\jdk1.8.0_201\jre\bin\instrument.dll
0x00007ffbe6610000 - 0x00007ffbe6626000 	C:\Program Files\Java\jdk1.8.0_201\jre\bin\zip.dll
0x00007ffbf4e20000 - 0x00007ffbf630f000 	C:\WINDOWS\System32\SHELL32.dll
0x00007ffbf4cd0000 - 0x00007ffbf4d78000 	C:\WINDOWS\System32\shcore.dll
0x00007ffbf3ff0000 - 0x00007ffbf473a000 	C:\WINDOWS\System32\windows.storage.dll
0x00007ffbf3530000 - 0x00007ffbf3554000 	C:\WINDOWS\System32\profapi.dll
0x00007ffbf3580000 - 0x00007ffbf35dd000 	C:\WINDOWS\System32\powrprof.dll
0x00007ffbf7290000 - 0x00007ffbf72e2000 	C:\WINDOWS\System32\shlwapi.dll
0x00007ffbf3510000 - 0x00007ffbf3521000 	C:\WINDOWS\System32\kernel.appcore.dll
0x00007ffbf3660000 - 0x00007ffbf3677000 	C:\WINDOWS\System32\cryptsp.dll
0x00007ffbf0310000 - 0x00007ffbf032a000 	C:\Program Files\JetBrains\IntelliJ IDEA 2018.3.4\bin\breakgen64.dll
0x00007ffbe65f0000 - 0x00007ffbe660a000 	C:\Program Files\Java\jdk1.8.0_201\jre\bin\net.dll
0x00007ffbeb0d0000 - 0x00007ffbeb2a7000 	C:\WINDOWS\SYSTEM32\urlmon.dll
0x00007ffbe9fe0000 - 0x00007ffbea288000 	C:\WINDOWS\SYSTEM32\iertutil.dll
0x00007ffbf2f70000 - 0x00007ffbf2f7c000 	C:\WINDOWS\SYSTEM32\CRYPTBASE.DLL
0x00007ffbf2da0000 - 0x00007ffbf2e07000 	C:\WINDOWS\system32\mswsock.dll
0x00007ffbe65d0000 - 0x00007ffbe65e1000 	C:\Program Files\Java\jdk1.8.0_201\jre\bin\nio.dll
0x00007ffbe5280000 - 0x00007ffbe52db000 	C:\Users\Mason\AppData\Local\Temp\lwjglMason\3.1.6-build-14\lwjgl.dll
0x00007ffbe5050000 - 0x00007ffbe50a1000 	C:\Users\Mason\AppData\Local\Temp\lwjglMason\3.1.6-build-14\glfw.dll
0x00007ffbf18f0000 - 0x00007ffbf198c000 	C:\WINDOWS\system32\uxtheme.dll
0x00007ffbe5000000 - 0x00007ffbe5044000 	C:\WINDOWS\SYSTEM32\dinput8.dll
0x00007ffbf02f0000 - 0x00007ffbf0301000 	C:\WINDOWS\SYSTEM32\xinput1_4.dll
0x00007ffbf3320000 - 0x00007ffbf3349000 	C:\WINDOWS\SYSTEM32\DEVOBJ.dll
0x00007ffbf1c30000 - 0x00007ffbf1c5e000 	C:\WINDOWS\SYSTEM32\dwmapi.dll
0x00007ffbf3830000 - 0x00007ffbf3a0b000 	C:\WINDOWS\System32\CRYPT32.dll
0x00007ffbf3560000 - 0x00007ffbf3572000 	C:\WINDOWS\System32\MSASN1.dll
0x00007ffbe9840000 - 0x00007ffbe990c000 	C:\WINDOWS\SYSTEM32\inputhost.dll
0x00007ffbf1d10000 - 0x00007ffbf1f1d000 	C:\WINDOWS\SYSTEM32\twinapi.appcore.dll
0x00007ffbef2c0000 - 0x00007ffbef5e2000 	C:\WINDOWS\SYSTEM32\CoreUIComponents.dll
0x00007ffbf15f0000 - 0x00007ffbf16d2000 	C:\WINDOWS\SYSTEM32\CoreMessaging.dll
0x00007ffbf0af0000 - 0x00007ffbf10ae000 	C:\WINDOWS\SYSTEM32\d2d1.dll
0x00007ffbf0870000 - 0x00007ffbf0aee000 	C:\WINDOWS\SYSTEM32\d3d11.dll
0x00007ffbf1f20000 - 0x00007ffbf1f48000 	C:\WINDOWS\SYSTEM32\RMCLIENT.dll
0x00007ffbefaf0000 - 0x00007ffbefc98000 	C:\WINDOWS\SYSTEM32\PROPSYS.dll
0x00007ffbef0e0000 - 0x00007ffbef233000 	C:\WINDOWS\SYSTEM32\wintypes.dll
0x00007ffbf4b00000 - 0x00007ffbf4bcb000 	C:\WINDOWS\System32\OLEAUT32.dll
0x00007ffbf25e0000 - 0x00007ffbf2611000 	C:\WINDOWS\SYSTEM32\ntmarta.dll
0x00007ffbf22a0000 - 0x00007ffbf2362000 	C:\WINDOWS\SYSTEM32\dxgi.dll
0x00007ffbf70f0000 - 0x00007ffbf725a000 	C:\WINDOWS\System32\MSCTF.dll
0x00007ffbf2210000 - 0x00007ffbf221e000 	C:\WINDOWS\SYSTEM32\HID.DLL
0x00007ffbf6650000 - 0x00007ffbf6ac5000 	C:\WINDOWS\System32\SETUPAPI.DLL
0x00007ffbf3d50000 - 0x00007ffbf3d76000 	C:\WINDOWS\System32\bcrypt.dll
0x00007ffbf3600000 - 0x00007ffbf3658000 	C:\WINDOWS\System32\WINTRUST.dll
0x00007ffbb4eb0000 - 0x00007ffbb4fd7000 	C:\WINDOWS\SYSTEM32\opengl32.dll
0x00007ffbcf4b0000 - 0x00007ffbcf4dc000 	C:\WINDOWS\SYSTEM32\GLU32.dll
0x000000006f820000 - 0x0000000071ee2000 	C:\WINDOWS\System32\DriverStore\FileRepository\nv_dispi.inf_amd64_21a764822be8dff8\nvoglv64.dll
0x00007ffbf4870000 - 0x00007ffbf49c5000 	C:\WINDOWS\System32\ole32.dll
0x00007ffbefe10000 - 0x00007ffbefe23000 	C:\WINDOWS\SYSTEM32\WTSAPI32.dll
0x00007ffbf2650000 - 0x00007ffbf26a8000 	C:\WINDOWS\SYSTEM32\WINSTA.dll
0x00007ffbe9910000 - 0x00007ffbe99a5000 	C:\WINDOWS\System32\TextInputFramework.dll
0x00007ffbddd60000 - 0x00007ffbdddbf000 	C:\Users\Mason\AppData\Local\Temp\lwjglMason\3.1.6-build-14\lwjgl_opengl.dll
0x00007ffbd4950000 - 0x00007ffbd4ea5000 	C:\Users\Mason\AppData\Local\Temp\lwjglMason\3.1.6-build-14\assimp.dll
0x00007ffbdd210000 - 0x00007ffbdd28e000 	C:\Users\Mason\AppData\Local\Temp\lwjglMason\3.1.6-build-14\lwjgl_stb.dll
0x00007ffbd47b0000 - 0x00007ffbd4949000 	C:\Program Files\Java\jdk1.8.0_201\jre\bin\awt.dll
0x00007ffbf1800000 - 0x00007ffbf188c000 	C:\WINDOWS\SYSTEM32\apphelp.dll
0x00007ffbe47f0000 - 0x00007ffbe498e000 	C:\WINDOWS\system32\d3d9.dll
0x00007ffbedd90000 - 0x00007ffbede7e000 	C:\WINDOWS\System32\DriverStore\FileRepository\nv_dispi.inf_amd64_21a764822be8dff8\nvldumdx.dll
0x00007ffbf6ec0000 - 0x00007ffbf6edd000 	C:\WINDOWS\System32\imagehlp.dll
0x00007ffbf2960000 - 0x00007ffbf2993000 	C:\WINDOWS\system32\rsaenh.dll
0x00007ffbb98c0000 - 0x00007ffbbacfc000 	C:\WINDOWS\System32\DriverStore\FileRepository\nv_dispi.inf_amd64_21a764822be8dff8\nvd3dumx.dll
0x00007ffbf2220000 - 0x00007ffbf2242000 	C:\WINDOWS\SYSTEM32\gpapi.dll
0x00007ffbeb5d0000 - 0x00007ffbeb5ff000 	C:\WINDOWS\SYSTEM32\cryptnet.dll
0x00007ffbe4790000 - 0x00007ffbe47d7000 	C:\Program Files\Java\jdk1.8.0_201\jre\bin\fontmanager.dll
0x00007ffbe2df0000 - 0x00007ffbe2e32000 	C:\Program Files\Java\jdk1.8.0_201\jre\bin\t2k.dll
0x00007ffbf4c10000 - 0x00007ffbf4cb2000 	C:\WINDOWS\System32\clbcatq.dll
0x00007ffbeef20000 - 0x00007ffbef0d8000 	C:\WINDOWS\SYSTEM32\WindowsCodecs.dll
0x00007ffbc8470000 - 0x00007ffbc84c6000 	C:\WINDOWS\system32\dataexchange.dll
0x00007ffbf10b0000 - 0x00007ffbf1273000 	C:\WINDOWS\system32\dcomp.dll
0x00007ffbdfba0000 - 0x00007ffbdfd8d000 	C:\WINDOWS\SYSTEM32\dbghelp.dll

VM Arguments:
jvm_args: -javaagent:C:\Program Files\JetBrains\IntelliJ IDEA 2018.3.4\lib\idea_rt.jar=50832:C:\Program Files\JetBrains\IntelliJ IDEA 2018.3.4\bin -Dfile.encoding=UTF-8 
java_command: org.lwjglb.game.Main
java_class_path (initial): C:\Program Files\Java\jdk1.8.0_201\jre\lib\charsets.jar;C:\Program Files\Java\jdk1.8.0_201\jre\lib\deploy.jar;C:\Program Files\Java\jdk1.8.0_201\jre\lib\ext\access-bridge-64.jar;C:\Program Files\Java\jdk1.8.0_201\jre\lib\ext\cldrdata.jar;C:\Program Files\Java\jdk1.8.0_201\jre\lib\ext\dnsns.jar;C:\Program Files\Java\jdk1.8.0_201\jre\lib\ext\jaccess.jar;C:\Program Files\Java\jdk1.8.0_201\jre\lib\ext\jfxrt.jar;C:\Program Files\Java\jdk1.8.0_201\jre\lib\ext\localedata.jar;C:\Program Files\Java\jdk1.8.0_201\jre\lib\ext\nashorn.jar;C:\Program Files\Java\jdk1.8.0_201\jre\lib\ext\sunec.jar;C:\Program Files\Java\jdk1.8.0_201\jre\lib\ext\sunjce_provider.jar;C:\Program Files\Java\jdk1.8.0_201\jre\lib\ext\sunmscapi.jar;C:\Program Files\Java\jdk1.8.0_201\jre\lib\ext\sunpkcs11.jar;C:\Program Files\Java\jdk1.8.0_201\jre\lib\ext\zipfs.jar;C:\Program Files\Java\jdk1.8.0_201\jre\lib\javaws.jar;C:\Program Files\Java\jdk1.8.0_201\jre\lib\jce.jar;C:\Program Files\Java\jdk1.8.0_201\jre\lib\jfr.jar;C:\Program Files\Java\jdk1.8.0_201\jre\lib\jfxswt.jar;C:\Program Files\Java\jdk1.8.0_201\jre\lib\jsse.jar;C:\Program Files\Java\jdk1.8.0_201\jre\lib\management-agent.jar;C:\Program Files\Java\jdk1.8.0_201\jre\lib\plugin.jar;C:\Program Files\Java\jdk1.8.0_201\jre\lib\resources.jar;C:\Program Files\Java\jdk1.8.0_201\jre\lib\rt.jar;C:\GIT\w0422681\PROG1400\Game_03\target\classes;C:\Users\Mason\.m2\repository\org\lwjgl\lwjgl\3.1.6\lwjgl-3.1.6.jar;C:\Users\Mason\.m2\repository\org\lwjgl\lwjgl-glfw\3.1.6\lwjgl-glfw-3.1.6.jar;C:\Users\Mason\.m2\repository\org\lwjgl\lwjgl-opengl\3.1.6\lwjgl-opengl-3.1.6.jar;C:\Users\Mason\.m2\repository\org\lwjgl\lwjgl-openal\3.1.6\lwjgl-openal-3.1.6.jar;C:\Users\Mason\.m2\repository\org\lwjgl\lwjgl-stb\3.1.6\lwjgl-stb-3.1.6.jar;C:\Users\Mason\.m2\repository\org\lwjgl\lwjgl-nanovg\3.1.6\lwjgl-nanovg-3.1.6.jar;C:\Users\Mason\.m2\repository\org\lwjgl\lwjgl-assimp\3.1.6\lwjgl-assimp-3.1.6.jar;C:\Users\Mason\.m2\repository\org\joml\joml\1.9.9\j
Launcher Type: SUN_STANDARD

Environment Variables:
CLASSPATH=.;C:\Program Files (x86)\QuickTime\QTSystem\QTJava.zip
PATH=C:\Program Files (x86)\Common Files\Oracle\Java\javapath;C:\Program Files (x86)\Intel\Intel(R) Management Engine Components\iCLS\;C:\Program Files\Intel\Intel(R) Management Engine Components\iCLS\;C:\Windows\system32;C:\Windows;C:\Windows\System32\Wbem;C:\Windows\System32\WindowsPowerShell\v1.0\;C:\Windows\System32\OpenSSH\;C:\Program Files (x86)\NVIDIA Corporation\PhysX\Common;C:\Program Files (x86)\Intel\Intel(R) Management Engine Components\DAL;C:\Program Files\Intel\Intel(R) Management Engine Components\DAL;C:\Program Files (x86)\WiX Toolset v3.11\bin;C:\WINDOWS\system32;C:\WINDOWS;C:\WINDOWS\System32\Wbem;C:\WINDOWS\System32\WindowsPowerShell\v1.0\;C:\WINDOWS\System32\OpenSSH\;C:\Program Files\Git\cmd;C:\Program Files (x86)\QuickTime\QTSystem\;C:\Users\Mason\AppData\Local\Microsoft\WindowsApps;
USERNAME=Mason
OS=Windows_NT
PROCESSOR_IDENTIFIER=Intel64 Family 6 Model 158 Stepping 9, GenuineIntel



---------------  S Y S T E M  ---------------

OS: Windows 10.0 , 64 bit Build 17763 (10.0.17763.292)

CPU:total 8 (initial active 8) (4 cores per cpu, 2 threads per core) family 6 model 158 stepping 9, cmov, cx8, fxsr, mmx, sse, sse2, sse3, ssse3, sse4.1, sse4.2, popcnt, avx, avx2, aes, clmul, erms, rtm, 3dnowpref, lzcnt, ht, tsc, tscinvbit, bmi1, bmi2, adx

Memory: 4k page, physical 16714460k(9396688k free), swap 33491676k(21632416k free)

vm_info: Java HotSpot(TM) 64-Bit Server VM (25.201-b09) for windows-amd64 JRE (1.8.0_201-b09), built on Dec 15 2018 18:36:39 by "java_re" with MS VC++ 10.0 (VS2010)

time: Fri Mar 01 13:43:35 2019
timezone: Atlantic Standard Time
elapsed time: 7 seconds (0d 0h 0m 7s)

