#
# A fatal error has been detected by the Java Runtime Environment:
#
#  EXCEPTION_ACCESS_VIOLATION (0xc0000005) at pc=0x00007ffbddd6846d, pid=9360, tid=0x00000000000017e8
#
# JRE version: Java(TM) SE Runtime Environment (8.0_201-b09) (build 1.8.0_201-b09)
# Java VM: Java HotSpot(TM) 64-Bit Server VM (25.201-b09 mixed mode windows-amd64 compressed oops)
# Problematic frame:
# C  [lwjgl_opengl.dll+0x846d]
#
# Failed to write core dump. Minidumps are not enabled by default on client versions of Windows
#
# If you would like to submit a bug report, please visit:
#   http://bugreport.java.com/bugreport/crash.jsp
# The crash happened outside the Java Virtual Machine in native code.
# See problematic frame for where to report the bug.
#

---------------  T H R E A D  ---------------

Current thread (0x000000001fead000):  JavaThread "AWT-EventQueue-0" [_thread_in_native, id=6120, stack(0x0000000034080000,0x0000000034180000)]

siginfo: ExceptionCode=0xc0000005, reading address 0x0000000000000f70

Registers:
RAX=0x0000000072698eb0, RBX=0x000000001c6cfa80, RCX=0x0000000000000001, RDX=0x000000001e94f05c
RSP=0x000000003417cc08, RBP=0x000000003417cc90, RSI=0x000000002c90c590, RDI=0x000000002c90c3f0
R8 =0x0000000000000001, R9 =0x000000001e94f05c, R10=0x0000000000000000, R11=0x000000007211cd40
R12=0x0000000000000000, R13=0x000000001c6cfa80, R14=0x000000003417ccc0, R15=0x000000001fead000
RIP=0x00007ffbddd6846d, EFLAGS=0x0000000000010202

Top of Stack: (sp=0x000000003417cc08)
0x000000003417cc08:   0000000002f08c67 000000001c45c1c3
0x000000003417cc18:   000000003417cc60 000000001c4635b8
0x000000003417cc28:   0000000000000000 000000001c45c1e8
0x000000003417cc38:   0000000000000000 000000003417cc58
0x000000003417cc48:   000000003417cca8 000000003417cc50
0x000000003417cc58:   0000000000000000 000000003417ccc0
0x000000003417cc68:   000000001c6d3428 0000000000000000
0x000000003417cc78:   000000001c6cfa80 0000000000000000
0x000000003417cc88:   000000003417ccb0 000000003417cd08
0x000000003417cc98:   0000000002ef835d 000000076bff7eb8
0x000000003417cca8:   0000000002f021d8 000000001e94f05c
0x000000003417ccb8:   000000076e7d03b0 0000000000000001
0x000000003417ccc8:   000000003417ccc8 000000001c6cfbf4
0x000000003417ccd8:   000000003417cd38 000000001c6d3428
0x000000003417cce8:   0000000000000000 000000001c6cfc60
0x000000003417ccf8:   000000003417ccb0 000000003417cd40 

Instructions: (pc=0x00007ffbddd6846d)
0x00007ffbddd6844d:   49 ff a2 30 0a 00 00 cc cc cc cc cc cc cc cc cc
0x00007ffbddd6845d:   cc cc cc 48 8b 01 49 8b d1 41 8b c8 4c 8b 50 18
0x00007ffbddd6846d:   49 ff a2 70 0f 00 00 cc cc cc cc cc cc cc cc cc
0x00007ffbddd6847d:   cc cc cc 48 8b 01 48 8b 48 18 48 8b 81 78 1c 00 


Register to memory mapping:

RAX=0x0000000072698eb0 is an unknown value
RBX={method} {0x000000001c6cfa88} 'nglGenVertexArrays' '(IJ)V' in 'org/lwjgl/opengl/GL30'
RCX=0x0000000000000001 is an unknown value
RDX=0x000000001e94f05c is an unknown value
RSP=0x000000003417cc08 is pointing into the stack for thread: 0x000000001fead000
RBP=0x000000003417cc90 is pointing into the stack for thread: 0x000000001fead000
RSI=0x000000002c90c590 is pointing into metadata
RDI=0x000000002c90c3f0 is pointing into metadata
R8 =0x0000000000000001 is an unknown value
R9 =0x000000001e94f05c is an unknown value
R10=0x0000000000000000 is an unknown value
R11=0x000000007211cd40 is an unknown value
R12=0x0000000000000000 is an unknown value
R13={method} {0x000000001c6cfa88} 'nglGenVertexArrays' '(IJ)V' in 'org/lwjgl/opengl/GL30'
R14=0x000000003417ccc0 is pointing into the stack for thread: 0x000000001fead000
R15=0x000000001fead000 is a thread


Stack: [0x0000000034080000,0x0000000034180000],  sp=0x000000003417cc08,  free space=1011k
Native frames: (J=compiled Java code, j=interpreted, Vv=VM code, C=native code)
C  [lwjgl_opengl.dll+0x846d]

Java frames: (J=compiled Java code, j=interpreted, Vv=VM code)
j  org.lwjgl.opengl.GL30.nglGenVertexArrays(IJ)V+0
j  org.lwjgl.opengl.GL30.glGenVertexArrays()I+20
j  org.lwjglb.engine.graph.Mesh.<init>([F[F[F[I[I[F)V+46
j  org.lwjglb.engine.graph.Mesh.<init>([F[F[F[I)V+26
j  org.lwjglb.engine.loaders.assimp.StaticMeshesLoader.processMesh(Lorg/lwjgl/assimp/AIMesh;Ljava/util/List;)Lorg/lwjglb/engine/graph/Mesh;+78
j  org.lwjglb.engine.loaders.assimp.StaticMeshesLoader.load(Ljava/lang/String;Ljava/lang/String;I)[Lorg/lwjglb/engine/graph/Mesh;+122
j  org.lwjglb.engine.loaders.assimp.StaticMeshesLoader.load(Ljava/lang/String;Ljava/lang/String;)[Lorg/lwjglb/engine/graph/Mesh;+5
j  org.lwjglb.engine.items.Car.addMeshOnScreen()V+4
j  org.lwjglb.game.GameGUI$3.actionPerformed(Ljava/awt/event/ActionEvent;)V+209
j  javax.swing.AbstractButton.fireActionPerformed(Ljava/awt/event/ActionEvent;)V+83
j  javax.swing.AbstractButton$Handler.actionPerformed(Ljava/awt/event/ActionEvent;)V+5
j  javax.swing.DefaultButtonModel.fireActionPerformed(Ljava/awt/event/ActionEvent;)V+34
j  javax.swing.DefaultButtonModel.setPressed(Z)V+117
j  javax.swing.plaf.basic.BasicButtonListener.mouseReleased(Ljava/awt/event/MouseEvent;)V+35
j  java.awt.Component.processMouseEvent(Ljava/awt/event/MouseEvent;)V+64
j  javax.swing.JComponent.processMouseEvent(Ljava/awt/event/MouseEvent;)V+23
J 1616 C1 java.awt.Component.processEvent(Ljava/awt/AWTEvent;)V (220 bytes) @ 0x00000000033e31a4 [0x00000000033e2c80+0x524]
J 1615 C1 java.awt.Container.processEvent(Ljava/awt/AWTEvent;)V (22 bytes) @ 0x00000000033e1f8c [0x00000000033e1c60+0x32c]
J 1596 C1 java.awt.Component.dispatchEventImpl(Ljava/awt/AWTEvent;)V (921 bytes) @ 0x00000000033d1804 [0x00000000033cc2c0+0x5544]
J 1510 C1 java.awt.Container.dispatchEventImpl(Ljava/awt/AWTEvent;)V (129 bytes) @ 0x00000000033603cc [0x0000000003360280+0x14c]
J 1509 C1 java.awt.Component.dispatchEvent(Ljava/awt/AWTEvent;)V (6 bytes) @ 0x000000000335ff04 [0x000000000335fe00+0x104]
j  java.awt.LightweightDispatcher.retargetMouseEvent(Ljava/awt/Component;ILjava/awt/event/MouseEvent;)V+349
J 1588 C1 java.awt.LightweightDispatcher.processMouseEvent(Ljava/awt/event/MouseEvent;)Z (286 bytes) @ 0x00000000033c34dc [0x00000000033c1d80+0x175c]
J 1597 C1 java.awt.LightweightDispatcher.dispatchEvent(Ljava/awt/AWTEvent;)Z (73 bytes) @ 0x00000000033ca1fc [0x00000000033c9dc0+0x43c]
J 1510 C1 java.awt.Container.dispatchEventImpl(Ljava/awt/AWTEvent;)V (129 bytes) @ 0x000000000336036c [0x0000000003360280+0xec]
J 1642 C1 java.awt.Window.dispatchEventImpl(Ljava/awt/AWTEvent;)V (23 bytes) @ 0x00000000033f5124 [0x00000000033f4b40+0x5e4]
J 1522 C1 java.awt.EventQueue.dispatchEventImpl(Ljava/awt/AWTEvent;Ljava/lang/Object;)V (149 bytes) @ 0x000000000336d17c [0x000000000336b900+0x187c]
J 1520 C1 java.awt.EventQueue$3.run()Ljava/lang/Void; (60 bytes) @ 0x000000000336acdc [0x000000000336aac0+0x21c]
J 1519 C1 java.awt.EventQueue$3.run()Ljava/lang/Object; (5 bytes) @ 0x000000000336a74c [0x000000000336a6c0+0x8c]
v  ~StubRoutines::call_stub
J 1439  java.security.AccessController.doPrivileged(Ljava/security/PrivilegedAction;Ljava/security/AccessControlContext;)Ljava/lang/Object; (0 bytes) @ 0x0000000003339666 [0x0000000003339600+0x66]
J 1634 C1 java.awt.EventQueue$4.run()Ljava/lang/Object; (5 bytes) @ 0x00000000033efa74 [0x00000000033ef640+0x434]
v  ~StubRoutines::call_stub
J 1439  java.security.AccessController.doPrivileged(Ljava/security/PrivilegedAction;Ljava/security/AccessControlContext;)Ljava/lang/Object; (0 bytes) @ 0x0000000003339666 [0x0000000003339600+0x66]
J 1473 C1 java.awt.EventQueue.dispatchEvent(Ljava/awt/AWTEvent;)V (80 bytes) @ 0x0000000003349e3c [0x0000000003348f80+0xebc]
J 1476 C1 java.awt.EventDispatchThread.pumpOneEventForFilters(I)V (190 bytes) @ 0x000000000334c49c [0x000000000334b340+0x115c]
j  java.awt.EventDispatchThread.pumpEventsForFilter(ILjava/awt/Conditional;Ljava/awt/EventFilter;)V+35
j  java.awt.EventDispatchThread.pumpEventsForHierarchy(ILjava/awt/Conditional;Ljava/awt/Component;)V+11
j  java.awt.EventDispatchThread.pumpEvents(ILjava/awt/Conditional;)V+4
j  java.awt.EventDispatchThread.pumpEvents(Ljava/awt/Conditional;)V+3
j  java.awt.EventDispatchThread.run()V+9
v  ~StubRoutines::call_stub

---------------  P R O C E S S  ---------------

Java Threads: ( => current thread )
  0x000000001feab800 JavaThread "TimerQueue" daemon [_thread_blocked, id=8716, stack(0x0000000034690000,0x0000000034790000)]
  0x000000001fea8000 JavaThread "D3D Screen Updater" daemon [_thread_blocked, id=14120, stack(0x0000000034480000,0x0000000034580000)]
  0x000000001feaa000 JavaThread "DestroyJavaVM" [_thread_blocked, id=8916, stack(0x0000000002af0000,0x0000000002bf0000)]
=>0x000000001fead000 JavaThread "AWT-EventQueue-0" [_thread_in_native, id=6120, stack(0x0000000034080000,0x0000000034180000)]
  0x000000001fb09000 JavaThread "AWT-Windows" daemon [_thread_in_native, id=13164, stack(0x0000000030ab0000,0x0000000030bb0000)]
  0x000000001fb08800 JavaThread "AWT-Shutdown" [_thread_blocked, id=7592, stack(0x00000000309b0000,0x0000000030ab0000)]
  0x000000001fb05800 JavaThread "Java2D Disposer" daemon [_thread_blocked, id=5760, stack(0x00000000308b0000,0x00000000309b0000)]
  0x000000001fb55000 JavaThread "Thread-7" [_thread_blocked, id=6336, stack(0x000000002e3a0000,0x000000002e4a0000)]
  0x000000001fd81000 JavaThread "Thread-5" [_thread_blocked, id=9440, stack(0x000000002e1a0000,0x000000002e2a0000)]
  0x000000001fd80000 JavaThread "Thread-3" [_thread_blocked, id=10076, stack(0x000000002cfa0000,0x000000002d0a0000)]
  0x000000001fb4c000 JavaThread "Thread-2" [_thread_blocked, id=5292, stack(0x000000002cea0000,0x000000002cfa0000)]
  0x000000001ea8e800 JavaThread "GAME_LOOP_THREAD" [_thread_in_native, id=14244, stack(0x000000001ff60000,0x0000000020060000)]
  0x000000001e951800 JavaThread "Service Thread" daemon [_thread_blocked, id=10928, stack(0x000000001f560000,0x000000001f660000)]
  0x000000001e924000 JavaThread "C1 CompilerThread3" daemon [_thread_blocked, id=10660, stack(0x000000001f460000,0x000000001f560000)]
  0x000000001e8eb000 JavaThread "C2 CompilerThread2" daemon [_thread_blocked, id=1236, stack(0x000000001f360000,0x000000001f460000)]
  0x000000001e8bc800 JavaThread "C2 CompilerThread1" daemon [_thread_blocked, id=5628, stack(0x000000001f260000,0x000000001f360000)]
  0x000000001e8b6000 JavaThread "C2 CompilerThread0" daemon [_thread_blocked, id=8248, stack(0x000000001f160000,0x000000001f260000)]
  0x000000001e8b4800 JavaThread "Monitor Ctrl-Break" daemon [_thread_in_native, id=1444, stack(0x000000001f060000,0x000000001f160000)]
  0x000000001e794800 JavaThread "Attach Listener" daemon [_thread_blocked, id=10892, stack(0x000000001ef60000,0x000000001f060000)]
  0x000000001e793000 JavaThread "Signal Dispatcher" daemon [_thread_blocked, id=2212, stack(0x000000001ee60000,0x000000001ef60000)]
  0x000000001c98e000 JavaThread "Finalizer" daemon [_thread_blocked, id=3148, stack(0x000000001ec60000,0x000000001ed60000)]
  0x000000001e780800 JavaThread "Reference Handler" daemon [_thread_blocked, id=3448, stack(0x000000001eb60000,0x000000001ec60000)]

Other Threads:
  0x000000001c989800 VMThread [stack: 0x000000001e660000,0x000000001e760000] [id=6140]
  0x000000001e93c800 WatcherThread [stack: 0x000000001f660000,0x000000001f760000] [id=2848]

VM state:not at safepoint (normal execution)

VM Mutex/Monitor currently owned by a thread: None

heap address: 0x00000006c0e00000, size: 4082 MB, Compressed Oops mode: Zero based, Oop shift amount: 3
Narrow klass base: 0x0000000000000000, Narrow klass shift: 3
Compressed class space size: 1073741824 Address: 0x00000007c0000000

Heap:
 PSYoungGen      total 76288K, used 58084K [0x000000076af80000, 0x0000000770480000, 0x00000007c0000000)
  eden space 65536K, 88% used [0x000000076af80000,0x000000076e8392e0,0x000000076ef80000)
  from space 10752K, 0% used [0x000000076fa00000,0x000000076fa00000,0x0000000770480000)
  to   space 10752K, 0% used [0x000000076ef80000,0x000000076ef80000,0x000000076fa00000)
 ParOldGen       total 175104K, used 0K [0x00000006c0e00000, 0x00000006cb900000, 0x000000076af80000)
  object space 175104K, 0% used [0x00000006c0e00000,0x00000006c0e00000,0x00000006cb900000)
 Metaspace       used 18634K, capacity 18951K, committed 19200K, reserved 1067008K
  class space    used 1858K, capacity 1971K, committed 2048K, reserved 1048576K

Card table byte_map: [0x00000000122b0000,0x0000000012ab0000] byte_map_base: 0x000000000eca9000

Marking Bits: (ParMarkBitMap*) 0x0000000072714ce0
 Begin Bits: [0x0000000013810000, 0x00000000177d8000)
 End Bits:   [0x00000000177d8000, 0x000000001b7a0000)

Polling page: 0x0000000000d80000

CodeCache: size=245760Kb used=5461Kb max_used=5461Kb free=240298Kb
 bounds [0x0000000002ef0000, 0x0000000003450000, 0x0000000011ef0000]
 total_blobs=2832 nmethods=1738 adapters=1006
 compilation: enabled

Compilation events (10 events):
Event: 5.654 Thread 0x000000001e924000 1734       3       sun.java2d.pipe.Region::clipScale (41 bytes)
Event: 5.654 Thread 0x000000001e924000 nmethod 1734 0x0000000003444110 code [0x00000000034442a0, 0x0000000003444568]
Event: 5.654 Thread 0x000000001e924000 1735   !   3       sun.java2d.SunGraphics2D::validateCompClip (224 bytes)
Event: 5.655 Thread 0x000000001e924000 nmethod 1735 0x0000000003444610 code [0x0000000003444940, 0x00000000034468e8]
Event: 5.760 Thread 0x000000001e924000 1736       3       java.io.BufferedWriter::ensureOpen (18 bytes)
Event: 5.760 Thread 0x000000001e924000 nmethod 1736 0x00000000034474d0 code [0x0000000003447640, 0x0000000003447888]
Event: 5.760 Thread 0x000000001e924000 1737       3       java.nio.CharBuffer::hasArray (20 bytes)
Event: 5.760 Thread 0x000000001e924000 nmethod 1737 0x0000000003447950 code [0x0000000003447aa0, 0x0000000003447c90]
Event: 5.760 Thread 0x000000001e924000 1738       3       java.nio.ByteBuffer::hasArray (20 bytes)
Event: 5.760 Thread 0x000000001e924000 nmethod 1738 0x0000000003447d10 code [0x0000000003447e60, 0x0000000003448050]

GC Heap History (0 events):
No events

Deoptimization events (10 events):
Event: 1.156 Thread 0x000000001ea8e800 Uncommon trap: reason=unstable_if action=reinterpret pc=0x0000000003210de4 method=java.util.regex.Pattern$CharProperty.match(Ljava/util/regex/Matcher;ILjava/lang/CharSequence;)Z @ 21
Event: 3.135 Thread 0x0000000002df3800 Uncommon trap: reason=unstable_if action=reinterpret pc=0x0000000003228e7c method=java.lang.ThreadLocal$ThreadLocalMap.getEntry(Ljava/lang/ThreadLocal;)Ljava/lang/ThreadLocal$ThreadLocalMap$Entry; @ 21
Event: 3.276 Thread 0x0000000002df3800 Uncommon trap: reason=unstable_if action=reinterpret pc=0x00000000031db398 method=java.lang.AbstractStringBuilder.append(Ljava/lang/String;)Ljava/lang/AbstractStringBuilder; @ 1
Event: 3.277 Thread 0x0000000002df3800 Uncommon trap: reason=unstable_if action=reinterpret pc=0x00000000031a29d0 method=java.lang.AbstractStringBuilder.append(Ljava/lang/String;)Ljava/lang/AbstractStringBuilder; @ 1
Event: 3.278 Thread 0x0000000002df3800 Uncommon trap: reason=unstable_if action=reinterpret pc=0x00000000032628e8 method=java.util.HashMap.hash(Ljava/lang/Object;)I @ 1
Event: 3.358 Thread 0x0000000002df3800 Uncommon trap: reason=class_check action=maybe_recompile pc=0x00000000030c08f4 method=java.lang.String.equals(Ljava/lang/Object;)Z @ 8
Event: 3.359 Thread 0x0000000002df3800 Uncommon trap: reason=class_check action=maybe_recompile pc=0x00000000030c08f4 method=java.lang.String.equals(Ljava/lang/Object;)Z @ 8
Event: 3.369 Thread 0x0000000002df3800 Uncommon trap: reason=class_check action=maybe_recompile pc=0x00000000030c08f4 method=java.lang.String.equals(Ljava/lang/Object;)Z @ 8
Event: 3.369 Thread 0x0000000002df3800 Uncommon trap: reason=class_check action=maybe_recompile pc=0x00000000030c08f4 method=java.lang.String.equals(Ljava/lang/Object;)Z @ 8
Event: 4.077 Thread 0x000000001fead000 Uncommon trap: reason=unstable_if action=reinterpret pc=0x0000000003344794 method=java.awt.Component.inside(II)Z @ 1

Classes redefined (0 events):
No events

Internal exceptions (10 events):
Event: 0.185 Thread 0x000000001ea8e800 Exception <a 'java/security/PrivilegedActionException'> (0x000000076b988828) thrown at [C:\re\workspace\8-2-build-windows-amd64-cygwin\jdk8u201\12322\hotspot\src\share\vm\prims\jvm.cpp, line 1502]
Event: 0.191 Thread 0x000000001ea8e800 Implicit null exception at 0x0000000003083e9b to 0x000000000308408d
Event: 0.869 Thread 0x000000001ea8e800 Exception <a 'sun/nio/fs/WindowsException'> (0x000000076bc77160) thrown at [C:\re\workspace\8-2-build-windows-amd64-cygwin\jdk8u201\12322\hotspot\src\share\vm\prims\jni.cpp, line 709]
Event: 0.869 Thread 0x000000001ea8e800 Exception <a 'sun/nio/fs/WindowsException'> (0x000000076bc78b60) thrown at [C:\re\workspace\8-2-build-windows-amd64-cygwin\jdk8u201\12322\hotspot\src\share\vm\prims\jni.cpp, line 709]
Event: 3.129 Thread 0x0000000002df3800 Exception <a 'java/io/FileNotFoundException'> (0x000000076b567100) thrown at [C:\re\workspace\8-2-build-windows-amd64-cygwin\jdk8u201\12322\hotspot\src\share\vm\prims\jni.cpp, line 709]
Event: 3.135 Thread 0x0000000002df3800 Implicit null exception at 0x0000000003228dcc to 0x0000000003228e5d
Event: 3.144 Thread 0x0000000002df3800 Exception <a 'java/io/FileNotFoundException'> (0x000000076d688b08) thrown at [C:\re\workspace\8-2-build-windows-amd64-cygwin\jdk8u201\12322\hotspot\src\share\vm\prims\jni.cpp, line 709]
Event: 3.276 Thread 0x0000000002df3800 Implicit null exception at 0x00000000031dafd6 to 0x00000000031db381
Event: 3.277 Thread 0x0000000002df3800 Implicit null exception at 0x00000000031a2616 to 0x00000000031a29b9
Event: 3.278 Thread 0x0000000002df3800 Implicit null exception at 0x0000000003262695 to 0x00000000032628d9

Events (10 events):
Event: 3.910 loading class javax/swing/Timer$1 done
Event: 4.077 Thread 0x000000001fead000 Uncommon trap: trap_request=0xffffff65 fr.pc=0x0000000003344794
Event: 4.077 Thread 0x000000001fead000 DEOPT PACKING pc=0x0000000003344794 sp=0x000000003417df60
Event: 4.077 Thread 0x000000001fead000 DEOPT UNPACKING pc=0x0000000002f3583b sp=0x000000003417de18 mode 2
Event: 4.151 Executing VM operation: EnableBiasedLocking
Event: 4.151 Executing VM operation: EnableBiasedLocking done
Event: 5.075 loading class javax/swing/JSpinner$DateEditor
Event: 5.075 loading class javax/swing/JSpinner$DateEditor done
Event: 5.075 loading class java/text/ParsePosition
Event: 5.075 loading class java/text/ParsePosition done


Dynamic libraries:
0x00007ff7b3a50000 - 0x00007ff7b3a87000 	C:\Program Files\Java\jdk1.8.0_201\bin\java.exe
0x00007ffbf7510000 - 0x00007ffbf76fd000 	C:\WINDOWS\SYSTEM32\ntdll.dll
0x00007ffbf6ad0000 - 0x00007ffbf6b83000 	C:\WINDOWS\System32\KERNEL32.DLL
0x00007ffbf3ab0000 - 0x00007ffbf3d43000 	C:\WINDOWS\System32\KERNELBASE.dll
0x00007ffbf65a0000 - 0x00007ffbf6643000 	C:\WINDOWS\System32\ADVAPI32.dll
0x00007ffbf4d80000 - 0x00007ffbf4e1e000 	C:\WINDOWS\System32\msvcrt.dll
0x00007ffbf73d0000 - 0x00007ffbf746e000 	C:\WINDOWS\System32\sechost.dll
0x00007ffbf49d0000 - 0x00007ffbf4af2000 	C:\WINDOWS\System32\RPCRT4.dll
0x00007ffbf6f50000 - 0x00007ffbf70e7000 	C:\WINDOWS\System32\USER32.dll
0x00007ffbf35e0000 - 0x00007ffbf3600000 	C:\WINDOWS\System32\win32u.dll
0x00007ffbf7260000 - 0x00007ffbf7289000 	C:\WINDOWS\System32\GDI32.dll
0x00007ffbf3d80000 - 0x00007ffbf3f1a000 	C:\WINDOWS\System32\gdi32full.dll
0x00007ffbf3a10000 - 0x00007ffbf3ab0000 	C:\WINDOWS\System32\msvcp_win.dll
0x00007ffbf3680000 - 0x00007ffbf377c000 	C:\WINDOWS\System32\ucrtbase.dll
0x00007ffbe7410000 - 0x00007ffbe7689000 	C:\WINDOWS\WinSxS\amd64_microsoft.windows.common-controls_6595b64144ccf1df_6.0.17763.316_none_05b53be2071f46b6\COMCTL32.dll
0x00007ffbf6b90000 - 0x00007ffbf6ebd000 	C:\WINDOWS\System32\combase.dll
0x00007ffbf3f70000 - 0x00007ffbf3fee000 	C:\WINDOWS\System32\bcryptPrimitives.dll
0x00007ffbf4be0000 - 0x00007ffbf4c0e000 	C:\WINDOWS\System32\IMM32.DLL
0x00000000727a0000 - 0x0000000072871000 	C:\Program Files\Java\jdk1.8.0_201\jre\bin\msvcr100.dll
0x0000000071ef0000 - 0x0000000072794000 	C:\Program Files\Java\jdk1.8.0_201\jre\bin\server\jvm.dll
0x00007ffbf74d0000 - 0x00007ffbf74d8000 	C:\WINDOWS\System32\PSAPI.DLL
0x00007ffbb9450000 - 0x00007ffbb9459000 	C:\WINDOWS\SYSTEM32\WSOCK32.dll
0x00007ffbf00c0000 - 0x00007ffbf00e4000 	C:\WINDOWS\SYSTEM32\WINMM.dll
0x00007ffbedd80000 - 0x00007ffbedd8a000 	C:\WINDOWS\SYSTEM32\VERSION.dll
0x00007ffbf6ee0000 - 0x00007ffbf6f4d000 	C:\WINDOWS\System32\WS2_32.dll
0x00007ffbf0090000 - 0x00007ffbf00bd000 	C:\WINDOWS\SYSTEM32\winmmbase.dll
0x00007ffbf3f20000 - 0x00007ffbf3f6a000 	C:\WINDOWS\System32\cfgmgr32.dll
0x00007ffbe6e10000 - 0x00007ffbe6e1f000 	C:\Program Files\Java\jdk1.8.0_201\jre\bin\verify.dll
0x00007ffbe6630000 - 0x00007ffbe6659000 	C:\Program Files\Java\jdk1.8.0_201\jre\bin\java.dll
0x00007ffbf0330000 - 0x00007ffbf0353000 	C:\Program Files\Java\jdk1.8.0_201\jre\bin\instrument.dll
0x00007ffbe6610000 - 0x00007ffbe6626000 	C:\Program Files\Java\jdk1.8.0_201\jre\bin\zip.dll
0x00007ffbf4e20000 - 0x00007ffbf630f000 	C:\WINDOWS\System32\SHELL32.dll
0x00007ffbf4cd0000 - 0x00007ffbf4d78000 	C:\WINDOWS\System32\shcore.dll
0x00007ffbf3ff0000 - 0x00007ffbf473a000 	C:\WINDOWS\System32\windows.storage.dll
0x00007ffbf3530000 - 0x00007ffbf3554000 	C:\WINDOWS\System32\profapi.dll
0x00007ffbf3580000 - 0x00007ffbf35dd000 	C:\WINDOWS\System32\powrprof.dll
0x00007ffbf7290000 - 0x00007ffbf72e2000 	C:\WINDOWS\System32\shlwapi.dll
0x00007ffbf3510000 - 0x00007ffbf3521000 	C:\WINDOWS\System32\kernel.appcore.dll
0x00007ffbf3660000 - 0x00007ffbf3677000 	C:\WINDOWS\System32\cryptsp.dll
0x00007ffbf0310000 - 0x00007ffbf032a000 	C:\Program Files\JetBrains\IntelliJ IDEA 2018.3.4\bin\breakgen64.dll
0x00007ffbe65f0000 - 0x00007ffbe660a000 	C:\Program Files\Java\jdk1.8.0_201\jre\bin\net.dll
0x00007ffbeb0d0000 - 0x00007ffbeb2a7000 	C:\WINDOWS\SYSTEM32\urlmon.dll
0x00007ffbe9fe0000 - 0x00007ffbea288000 	C:\WINDOWS\SYSTEM32\iertutil.dll
0x00007ffbf2f70000 - 0x00007ffbf2f7c000 	C:\WINDOWS\SYSTEM32\CRYPTBASE.DLL
0x00007ffbf2da0000 - 0x00007ffbf2e07000 	C:\WINDOWS\system32\mswsock.dll
0x00007ffbe65d0000 - 0x00007ffbe65e1000 	C:\Program Files\Java\jdk1.8.0_201\jre\bin\nio.dll
0x00007ffbe5280000 - 0x00007ffbe52db000 	C:\Users\Mason\AppData\Local\Temp\lwjglMason\3.1.6-build-14\lwjgl.dll
0x00007ffbe5050000 - 0x00007ffbe50a1000 	C:\Users\Mason\AppData\Local\Temp\lwjglMason\3.1.6-build-14\glfw.dll
0x00007ffbf18f0000 - 0x00007ffbf198c000 	C:\WINDOWS\system32\uxtheme.dll
0x00007ffbe5000000 - 0x00007ffbe5044000 	C:\WINDOWS\SYSTEM32\dinput8.dll
0x00007ffbf02f0000 - 0x00007ffbf0301000 	C:\WINDOWS\SYSTEM32\xinput1_4.dll
0x00007ffbf3320000 - 0x00007ffbf3349000 	C:\WINDOWS\SYSTEM32\DEVOBJ.dll
0x00007ffbf1c30000 - 0x00007ffbf1c5e000 	C:\WINDOWS\SYSTEM32\dwmapi.dll
0x00007ffbf3830000 - 0x00007ffbf3a0b000 	C:\WINDOWS\System32\CRYPT32.dll
0x00007ffbf3560000 - 0x00007ffbf3572000 	C:\WINDOWS\System32\MSASN1.dll
0x00007ffbe9840000 - 0x00007ffbe990c000 	C:\WINDOWS\SYSTEM32\inputhost.dll
0x00007ffbf1d10000 - 0x00007ffbf1f1d000 	C:\WINDOWS\SYSTEM32\twinapi.appcore.dll
0x00007ffbf15f0000 - 0x00007ffbf16d2000 	C:\WINDOWS\SYSTEM32\CoreMessaging.dll
0x00007ffbf0af0000 - 0x00007ffbf10ae000 	C:\WINDOWS\SYSTEM32\d2d1.dll
0x00007ffbef2c0000 - 0x00007ffbef5e2000 	C:\WINDOWS\SYSTEM32\CoreUIComponents.dll
0x00007ffbf0870000 - 0x00007ffbf0aee000 	C:\WINDOWS\SYSTEM32\d3d11.dll
0x00007ffbefaf0000 - 0x00007ffbefc98000 	C:\WINDOWS\SYSTEM32\PROPSYS.dll
0x00007ffbef0e0000 - 0x00007ffbef233000 	C:\WINDOWS\SYSTEM32\wintypes.dll
0x00007ffbf1f20000 - 0x00007ffbf1f48000 	C:\WINDOWS\SYSTEM32\RMCLIENT.dll
0x00007ffbf25e0000 - 0x00007ffbf2611000 	C:\WINDOWS\SYSTEM32\ntmarta.dll
0x00007ffbf4b00000 - 0x00007ffbf4bcb000 	C:\WINDOWS\System32\OLEAUT32.dll
0x00007ffbf22a0000 - 0x00007ffbf2362000 	C:\WINDOWS\SYSTEM32\dxgi.dll
0x00007ffbf70f0000 - 0x00007ffbf725a000 	C:\WINDOWS\System32\MSCTF.dll
0x00007ffbf2210000 - 0x00007ffbf221e000 	C:\WINDOWS\SYSTEM32\HID.DLL
0x00007ffbf6650000 - 0x00007ffbf6ac5000 	C:\WINDOWS\System32\SETUPAPI.DLL
0x00007ffbf3d50000 - 0x00007ffbf3d76000 	C:\WINDOWS\System32\bcrypt.dll
0x00007ffbf3600000 - 0x00007ffbf3658000 	C:\WINDOWS\System32\WINTRUST.dll
0x00007ffbb4eb0000 - 0x00007ffbb4fd7000 	C:\WINDOWS\SYSTEM32\opengl32.dll
0x00007ffbcf4b0000 - 0x00007ffbcf4dc000 	C:\WINDOWS\SYSTEM32\GLU32.dll
0x000000006f820000 - 0x0000000071ee2000 	C:\WINDOWS\System32\DriverStore\FileRepository\nv_dispi.inf_amd64_21a764822be8dff8\nvoglv64.dll
0x00007ffbf4870000 - 0x00007ffbf49c5000 	C:\WINDOWS\System32\ole32.dll
0x00007ffbefe10000 - 0x00007ffbefe23000 	C:\WINDOWS\SYSTEM32\WTSAPI32.dll
0x00007ffbf2650000 - 0x00007ffbf26a8000 	C:\WINDOWS\SYSTEM32\WINSTA.dll
0x00007ffbe9910000 - 0x00007ffbe99a5000 	C:\WINDOWS\System32\TextInputFramework.dll
0x00007ffbddd60000 - 0x00007ffbdddbf000 	C:\Users\Mason\AppData\Local\Temp\lwjglMason\3.1.6-build-14\lwjgl_opengl.dll
0x00007ffbd4950000 - 0x00007ffbd4ea5000 	C:\Users\Mason\AppData\Local\Temp\lwjglMason\3.1.6-build-14\assimp.dll
0x00007ffbdd210000 - 0x00007ffbdd28e000 	C:\Users\Mason\AppData\Local\Temp\lwjglMason\3.1.6-build-14\lwjgl_stb.dll
0x00007ffbd47b0000 - 0x00007ffbd4949000 	C:\Program Files\Java\jdk1.8.0_201\jre\bin\awt.dll
0x00007ffbf1800000 - 0x00007ffbf188c000 	C:\WINDOWS\SYSTEM32\apphelp.dll
0x00007ffbe47f0000 - 0x00007ffbe498e000 	C:\WINDOWS\system32\d3d9.dll
0x00007ffbedd90000 - 0x00007ffbede7e000 	C:\WINDOWS\System32\DriverStore\FileRepository\nv_dispi.inf_amd64_21a764822be8dff8\nvldumdx.dll
0x00007ffbf6ec0000 - 0x00007ffbf6edd000 	C:\WINDOWS\System32\imagehlp.dll
0x00007ffbf2960000 - 0x00007ffbf2993000 	C:\WINDOWS\system32\rsaenh.dll
0x00007ffbb98c0000 - 0x00007ffbbacfc000 	C:\WINDOWS\System32\DriverStore\FileRepository\nv_dispi.inf_amd64_21a764822be8dff8\nvd3dumx.dll
0x00007ffbf2220000 - 0x00007ffbf2242000 	C:\WINDOWS\SYSTEM32\gpapi.dll
0x00007ffbeb5d0000 - 0x00007ffbeb5ff000 	C:\WINDOWS\SYSTEM32\cryptnet.dll
0x00007ffbe4790000 - 0x00007ffbe47d7000 	C:\Program Files\Java\jdk1.8.0_201\jre\bin\fontmanager.dll
0x00007ffbe2df0000 - 0x00007ffbe2e32000 	C:\Program Files\Java\jdk1.8.0_201\jre\bin\t2k.dll
0x00007ffbf4c10000 - 0x00007ffbf4cb2000 	C:\WINDOWS\System32\clbcatq.dll
0x00007ffbeef20000 - 0x00007ffbef0d8000 	C:\WINDOWS\SYSTEM32\WindowsCodecs.dll
0x00007ffbc8470000 - 0x00007ffbc84c6000 	C:\WINDOWS\system32\dataexchange.dll
0x00007ffbf10b0000 - 0x00007ffbf1273000 	C:\WINDOWS\system32\dcomp.dll
0x00007ffbdfba0000 - 0x00007ffbdfd8d000 	C:\WINDOWS\SYSTEM32\dbghelp.dll

VM Arguments:
jvm_args: -javaagent:C:\Program Files\JetBrains\IntelliJ IDEA 2018.3.4\lib\idea_rt.jar=50853:C:\Program Files\JetBrains\IntelliJ IDEA 2018.3.4\bin -Dfile.encoding=UTF-8 
java_command: org.lwjglb.game.Main
java_class_path (initial): C:\Program Files\Java\jdk1.8.0_201\jre\lib\charsets.jar;C:\Program Files\Java\jdk1.8.0_201\jre\lib\deploy.jar;C:\Program Files\Java\jdk1.8.0_201\jre\lib\ext\access-bridge-64.jar;C:\Program Files\Java\jdk1.8.0_201\jre\lib\ext\cldrdata.jar;C:\Program Files\Java\jdk1.8.0_201\jre\lib\ext\dnsns.jar;C:\Program Files\Java\jdk1.8.0_201\jre\lib\ext\jaccess.jar;C:\Program Files\Java\jdk1.8.0_201\jre\lib\ext\jfxrt.jar;C:\Program Files\Java\jdk1.8.0_201\jre\lib\ext\localedata.jar;C:\Program Files\Java\jdk1.8.0_201\jre\lib\ext\nashorn.jar;C:\Program Files\Java\jdk1.8.0_201\jre\lib\ext\sunec.jar;C:\Program Files\Java\jdk1.8.0_201\jre\lib\ext\sunjce_provider.jar;C:\Program Files\Java\jdk1.8.0_201\jre\lib\ext\sunmscapi.jar;C:\Program Files\Java\jdk1.8.0_201\jre\lib\ext\sunpkcs11.jar;C:\Program Files\Java\jdk1.8.0_201\jre\lib\ext\zipfs.jar;C:\Program Files\Java\jdk1.8.0_201\jre\lib\javaws.jar;C:\Program Files\Java\jdk1.8.0_201\jre\lib\jce.jar;C:\Program Files\Java\jdk1.8.0_201\jre\lib\jfr.jar;C:\Program Files\Java\jdk1.8.0_201\jre\lib\jfxswt.jar;C:\Program Files\Java\jdk1.8.0_201\jre\lib\jsse.jar;C:\Program Files\Java\jdk1.8.0_201\jre\lib\management-agent.jar;C:\Program Files\Java\jdk1.8.0_201\jre\lib\plugin.jar;C:\Program Files\Java\jdk1.8.0_201\jre\lib\resources.jar;C:\Program Files\Java\jdk1.8.0_201\jre\lib\rt.jar;C:\GIT\w0422681\PROG1400\Game_03\target\classes;C:\Users\Mason\.m2\repository\org\lwjgl\lwjgl\3.1.6\lwjgl-3.1.6.jar;C:\Users\Mason\.m2\repository\org\lwjgl\lwjgl-glfw\3.1.6\lwjgl-glfw-3.1.6.jar;C:\Users\Mason\.m2\repository\org\lwjgl\lwjgl-opengl\3.1.6\lwjgl-opengl-3.1.6.jar;C:\Users\Mason\.m2\repository\org\lwjgl\lwjgl-openal\3.1.6\lwjgl-openal-3.1.6.jar;C:\Users\Mason\.m2\repository\org\lwjgl\lwjgl-stb\3.1.6\lwjgl-stb-3.1.6.jar;C:\Users\Mason\.m2\repository\org\lwjgl\lwjgl-nanovg\3.1.6\lwjgl-nanovg-3.1.6.jar;C:\Users\Mason\.m2\repository\org\lwjgl\lwjgl-assimp\3.1.6\lwjgl-assimp-3.1.6.jar;C:\Users\Mason\.m2\repository\org\joml\joml\1.9.9\j
Launcher Type: SUN_STANDARD

Environment Variables:
CLASSPATH=.;C:\Program Files (x86)\QuickTime\QTSystem\QTJava.zip
PATH=C:\Program Files (x86)\Common Files\Oracle\Java\javapath;C:\Program Files (x86)\Intel\Intel(R) Management Engine Components\iCLS\;C:\Program Files\Intel\Intel(R) Management Engine Components\iCLS\;C:\Windows\system32;C:\Windows;C:\Windows\System32\Wbem;C:\Windows\System32\WindowsPowerShell\v1.0\;C:\Windows\System32\OpenSSH\;C:\Program Files (x86)\NVIDIA Corporation\PhysX\Common;C:\Program Files (x86)\Intel\Intel(R) Management Engine Components\DAL;C:\Program Files\Intel\Intel(R) Management Engine Components\DAL;C:\Program Files (x86)\WiX Toolset v3.11\bin;C:\WINDOWS\system32;C:\WINDOWS;C:\WINDOWS\System32\Wbem;C:\WINDOWS\System32\WindowsPowerShell\v1.0\;C:\WINDOWS\System32\OpenSSH\;C:\Program Files\Git\cmd;C:\Program Files (x86)\QuickTime\QTSystem\;C:\Users\Mason\AppData\Local\Microsoft\WindowsApps;
USERNAME=Mason
OS=Windows_NT
PROCESSOR_IDENTIFIER=Intel64 Family 6 Model 158 Stepping 9, GenuineIntel



---------------  S Y S T E M  ---------------

OS: Windows 10.0 , 64 bit Build 17763 (10.0.17763.292)

CPU:total 8 (initial active 8) (4 cores per cpu, 2 threads per core) family 6 model 158 stepping 9, cmov, cx8, fxsr, mmx, sse, sse2, sse3, ssse3, sse4.1, sse4.2, popcnt, avx, avx2, aes, clmul, erms, rtm, 3dnowpref, lzcnt, ht, tsc, tscinvbit, bmi1, bmi2, adx

Memory: 4k page, physical 16714460k(9405336k free), swap 33491676k(21563560k free)

vm_info: Java HotSpot(TM) 64-Bit Server VM (25.201-b09) for windows-amd64 JRE (1.8.0_201-b09), built on Dec 15 2018 18:36:39 by "java_re" with MS VC++ 10.0 (VS2010)

time: Fri Mar 01 13:45:00 2019
timezone: Atlantic Standard Time
elapsed time: 5 seconds (0d 0h 0m 5s)

